/home/nbrady/.conda/envs/vizdoom/lib/python3.11/site-packages/vizdoom/gymnasium_wrapper/base_gymnasium_env.py:84: UserWarning: Detected screen format CRCGCB. Only RGB24 and GRAY8 are supported in the Gymnasium wrapper. Forcing RGB24.
  warnings.warn(
Using device: cuda
Environment created: VizdoomMyWayHome-v0
Observation space: Dict('gamevariables': Box(-3.4028235e+38, 3.4028235e+38, (1,), float32), 'screen': Box(0, 255, (240, 320, 3), uint8))
Action space: Discrete(6)
Models initialized on device
---------------------------------
| rollout/                |       |
|    ep_len_mean          | 2100.0 |
|    ep_rew_mean          | -0.210 |
|    best_mean_reward     | -inf  |
|-------------------------|-------|
| time/                   |       |
|    fps                  | 209.7 |
|    iteration            | 1     |
|    time_elapsed         | 19    |
|    total_timesteps      | 4096  |
|-------------------------|-------|
| train/                  |       |
|    approx_kl            | 0.005 |
|    clip_fraction        | 0.000 |
|    entropy_loss         | 1.786 |
|    learning_rate        | 0.00030 |
|    policy_loss          | -0.001 |
|    value_loss           | 0.000 |
---------------------------------
---------------------------------
| rollout/                |       |
|    ep_len_mean          | 1434.7 |
|    ep_rew_mean          | -0.143 |
|    best_mean_reward     | -inf  |
|-------------------------|-------|
| time/                   |       |
|    fps                  | 213.2 |
|    iteration            | 2     |
|    time_elapsed         | 208   |
|    total_timesteps      | 8192  |
|-------------------------|-------|
| train/                  |       |
|    approx_kl            | 0.010 |
|    clip_fraction        | 0.000 |
|    entropy_loss         | 1.784 |
|    learning_rate        | 0.00030 |
|    policy_loss          | -0.000 |
|    value_loss           | 0.000 |
---------------------------------
---------------------------------
| rollout/                |       |
|    ep_len_mean          | 1322.4 |
|    ep_rew_mean          | -0.132 |
|    best_mean_reward     | -inf  |
|-------------------------|-------|
| time/                   |       |
|    fps                  | 212.7 |
|    iteration            | 3     |
|    time_elapsed         | 394   |
|    total_timesteps      | 12288 |
|-------------------------|-------|
| train/                  |       |
|    approx_kl            | 0.007 |
|    clip_fraction        | 0.000 |
|    entropy_loss         | 1.773 |
|    learning_rate        | 0.00030 |
|    policy_loss          | -0.001 |
|    value_loss           | 0.000 |
---------------------------------
---------------------------------
| rollout/                |       |
|    ep_len_mean          | 1289.1 |
|    ep_rew_mean          | -0.129 |
|    best_mean_reward     | -inf  |
|-------------------------|-------|
| time/                   |       |
|    fps                  | 213.7 |
|    iteration            | 4     |
|    time_elapsed         | 581   |
|    total_timesteps      | 16384 |
|-------------------------|-------|
| train/                  |       |
|    approx_kl            | 0.007 |
|    clip_fraction        | 0.000 |
|    entropy_loss         | 1.786 |
|    learning_rate        | 0.00030 |
|    policy_loss          | -0.002 |
|    value_loss           | 0.000 |
---------------------------------
---------------------------------
| rollout/                |       |
|    ep_len_mean          | 1282.2 |
|    ep_rew_mean          | -0.128 |
|    best_mean_reward     | -inf  |
|-------------------------|-------|
| time/                   |       |
|    fps                  | 214.4 |
|    iteration            | 5     |
|    time_elapsed         | 767   |
|    total_timesteps      | 20480 |
|-------------------------|-------|
| train/                  |       |
|    approx_kl            | 0.004 |
|    clip_fraction        | 0.000 |
|    entropy_loss         | 1.787 |
|    learning_rate        | 0.00030 |
|    policy_loss          | -0.000 |
|    value_loss           | 0.000 |
---------------------------------
---------------------------------
| rollout/                |       |
|    ep_len_mean          | 1206.0 |
|    ep_rew_mean          | -0.121 |
|    best_mean_reward     | -inf  |
|-------------------------|-------|
| time/                   |       |
|    fps                  | 212.8 |
|    iteration            | 6     |
|    time_elapsed         | 954   |
|    total_timesteps      | 24576 |
|-------------------------|-------|
New best model! Mean reward: -0.121. Saving to models/VizdoomMyWayHome_ppo_cnn_mamba_best.pt
| train/                  |       |
|    approx_kl            | 0.011 |
|    clip_fraction        | 0.156 |
|    entropy_loss         | 1.779 |
|    learning_rate        | 0.00030 |
|    policy_loss          | -0.001 |
|    value_loss           | 0.000 |
---------------------------------
---------------------------------
| rollout/                |       |
|    ep_len_mean          | 1256.0 |
|    ep_rew_mean          | -0.026 |
|    best_mean_reward     | -0.121 |
|-------------------------|-------|
| time/                   |       |
|    fps                  | 207.2 |
|    iteration            | 7     |
|    time_elapsed         | 1142  |
|    total_timesteps      | 28672 |
|-------------------------|-------|
New best model! Mean reward: -0.026. Saving to models/VizdoomMyWayHome_ppo_cnn_mamba_best.pt
| train/                  |       |
|    approx_kl            | 0.015 |
|    clip_fraction        | 0.297 |
|    entropy_loss         | 1.757 |
|    learning_rate        | 0.00030 |
|    policy_loss          | -0.002 |
|    value_loss           | 0.002 |
---------------------------------
---------------------------------
| rollout/                |       |
|    ep_len_mean          | 1306.0 |
|    ep_rew_mean          | -0.031 |
|    best_mean_reward     | -0.026 |
|-------------------------|-------|
| time/                   |       |
|    fps                  | 213.4 |
|    iteration            | 8     |
|    time_elapsed         | 1330  |
|    total_timesteps      | 32768 |
|-------------------------|-------|
| train/                  |       |
|    approx_kl            | 0.011 |
|    clip_fraction        | 0.422 |
|    entropy_loss         | 1.722 |
|    learning_rate        | 0.00030 |
|    policy_loss          | -0.003 |
|    value_loss           | 0.000 |
---------------------------------
---------------------------------
| rollout/                |       |
|    ep_len_mean          | 1356.0 |
|    ep_rew_mean          | -0.036 |
|    best_mean_reward     | -0.026 |
|-------------------------|-------|
| time/                   |       |
|    fps                  | 212.3 |
|    iteration            | 9     |
|    time_elapsed         | 1516  |
|    total_timesteps      | 36864 |
|-------------------------|-------|
| train/                  |       |
|    approx_kl            | 0.009 |
|    clip_fraction        | 0.203 |
|    entropy_loss         | 1.721 |
|    learning_rate        | 0.00030 |
|    policy_loss          | -0.000 |
|    value_loss           | 0.000 |
---------------------------------
---------------------------------
| rollout/                |       |
|    ep_len_mean          | 1406.0 |
|    ep_rew_mean          | -0.041 |
|    best_mean_reward     | -0.026 |
|-------------------------|-------|
| time/                   |       |
|    fps                  | 169.6 |
|    iteration            | 10    |
|    time_elapsed         | 1707  |
|    total_timesteps      | 40960 |
|-------------------------|-------|
| train/                  |       |
|    approx_kl            | 0.009 |
|    clip_fraction        | 0.062 |
|    entropy_loss         | 1.747 |
|    learning_rate        | 0.00030 |
|    policy_loss          | -0.004 |
|    value_loss           | 0.000 |
---------------------------------
---------------------------------
| rollout/                |       |
|    ep_len_mean          | 1456.0 |
|    ep_rew_mean          | -0.046 |
|    best_mean_reward     | -0.026 |
|-------------------------|-------|
| time/                   |       |
|    fps                  | 211.3 |
|    iteration            | 11    |
|    time_elapsed         | 1891  |
|    total_timesteps      | 45056 |
|-------------------------|-------|
| train/                  |       |
|    approx_kl            | 0.013 |
|    clip_fraction        | 0.359 |
|    entropy_loss         | 1.748 |
|    learning_rate        | 0.00030 |
|    policy_loss          | -0.001 |
|    value_loss           | 0.000 |
---------------------------------
---------------------------------
| rollout/                |       |
|    ep_len_mean          | 1508.0 |
|    ep_rew_mean          | -0.151 |
|    best_mean_reward     | -0.026 |
|-------------------------|-------|
| time/                   |       |
|    fps                  | 213.5 |
|    iteration            | 12    |
|    time_elapsed         | 2077  |
|    total_timesteps      | 49152 |
|-------------------------|-------|
| train/                  |       |
|    approx_kl            | 0.004 |
|    clip_fraction        | 0.000 |
|    entropy_loss         | 1.706 |
|    learning_rate        | 0.00030 |
|    policy_loss          | 0.000 |
|    value_loss           | 0.000 |
---------------------------------
---------------------------------
| rollout/                |       |
|    ep_len_mean          | 1488.1 |
|    ep_rew_mean          | -0.049 |
|    best_mean_reward     | -0.026 |
|-------------------------|-------|
| time/                   |       |
|    fps                  | 213.9 |
|    iteration            | 13    |
|    time_elapsed         | 2264  |
|    total_timesteps      | 53248 |
|-------------------------|-------|
| train/                  |       |
|    approx_kl            | 0.009 |
|    clip_fraction        | 0.156 |
|    entropy_loss         | 1.688 |
|    learning_rate        | 0.00030 |
|    policy_loss          | -0.001 |
|    value_loss           | 0.002 |
---------------------------------
---------------------------------
| rollout/                |       |
|    ep_len_mean          | 1539.0 |
|    ep_rew_mean          | -0.054 |
|    best_mean_reward     | -0.026 |
|-------------------------|-------|
| time/                   |       |
|    fps                  | 212.8 |
|    iteration            | 14    |
|    time_elapsed         | 2451  |
|    total_timesteps      | 57344 |
|-------------------------|-------|
| train/                  |       |
|    approx_kl            | 0.007 |
|    clip_fraction        | 0.047 |
|    entropy_loss         | 1.688 |
|    learning_rate        | 0.00030 |
|    policy_loss          | -0.000 |
|    value_loss           | 0.000 |
---------------------------------
---------------------------------
| rollout/                |       |
|    ep_len_mean          | 1563.1 |
|    ep_rew_mean          | 0.044 |
|    best_mean_reward     | -0.026 |
|-------------------------|-------|
| time/                   |       |
|    fps                  | 212.9 |
|    iteration            | 15    |
|    time_elapsed         | 2638  |
|    total_timesteps      | 61440 |
|-------------------------|-------|
New best model! Mean reward: 0.044. Saving to models/VizdoomMyWayHome_ppo_cnn_mamba_best.pt
| train/                  |       |
|    approx_kl            | 0.009 |
|    clip_fraction        | 0.000 |
|    entropy_loss         | 1.721 |
|    learning_rate        | 0.00030 |
|    policy_loss          | -0.001 |
|    value_loss           | 0.002 |
---------------------------------
---------------------------------
| rollout/                |       |
|    ep_len_mean          | 1587.2 |
|    ep_rew_mean          | 0.041 |
|    best_mean_reward     | 0.044 |
|-------------------------|-------|
| time/                   |       |
|    fps                  | 214.5 |
|    iteration            | 16    |
|    time_elapsed         | 2826  |
|    total_timesteps      | 65536 |
|-------------------------|-------|
| train/                  |       |
|    approx_kl            | 0.010 |
|    clip_fraction        | 0.109 |
|    entropy_loss         | 1.740 |
|    learning_rate        | 0.00030 |
|    policy_loss          | -0.001 |
|    value_loss           | 0.000 |
---------------------------------
---------------------------------
| rollout/                |       |
|    ep_len_mean          | 1611.3 |
|    ep_rew_mean          | 0.039 |
|    best_mean_reward     | 0.044 |
|-------------------------|-------|
| time/                   |       |
|    fps                  | 213.0 |
|    iteration            | 17    |
|    time_elapsed         | 3013  |
|    total_timesteps      | 69632 |
|-------------------------|-------|
| train/                  |       |
|    approx_kl            | 0.007 |
|    clip_fraction        | 0.297 |
|    entropy_loss         | 1.762 |
|    learning_rate        | 0.00030 |
|    policy_loss          | -0.002 |
|    value_loss           | 0.000 |
---------------------------------
---------------------------------
| rollout/                |       |
|    ep_len_mean          | 1759.3 |
|    ep_rew_mean          | -0.076 |
|    best_mean_reward     | 0.044 |
|-------------------------|-------|
| time/                   |       |
|    fps                  | 214.9 |
|    iteration            | 18    |
|    time_elapsed         | 3200  |
|    total_timesteps      | 73728 |
|-------------------------|-------|
| train/                  |       |
|    approx_kl            | 0.008 |
|    clip_fraction        | 0.000 |
|    entropy_loss         | 1.753 |
|    learning_rate        | 0.00030 |
|    policy_loss          | -0.002 |
|    value_loss           | 0.000 |
---------------------------------
---------------------------------
| rollout/                |       |
|    ep_len_mean          | 1784.5 |
|    ep_rew_mean          | -0.078 |
|    best_mean_reward     | 0.044 |
|-------------------------|-------|
| time/                   |       |
|    fps                  | 220.3 |
|    iteration            | 19    |
|    time_elapsed         | 3386  |
|    total_timesteps      | 77824 |
|-------------------------|-------|
| train/                  |       |
|    approx_kl            | 0.009 |
|    clip_fraction        | 0.203 |
|    entropy_loss         | 1.762 |
|    learning_rate        | 0.00030 |
|    policy_loss          | -0.001 |
|    value_loss           | 0.000 |
---------------------------------
---------------------------------
| rollout/                |       |
|    ep_len_mean          | 1836.5 |
|    ep_rew_mean          | -0.184 |
|    best_mean_reward     | 0.044 |
|-------------------------|-------|
| time/                   |       |
|    fps                  | 214.7 |
|    iteration            | 20    |
|    time_elapsed         | 3571  |
|    total_timesteps      | 81920 |
|-------------------------|-------|
| train/                  |       |
|    approx_kl            | 0.013 |
|    clip_fraction        | 0.000 |
|    entropy_loss         | 1.775 |
|    learning_rate        | 0.00030 |
|    policy_loss          | -0.002 |
|    value_loss           | 0.000 |
---------------------------------
---------------------------------
| rollout/                |       |
|    ep_len_mean          | 1888.5 |
|    ep_rew_mean          | -0.189 |
|    best_mean_reward     | 0.044 |
|-------------------------|-------|
| time/                   |       |
|    fps                  | 207.9 |
|    iteration            | 21    |
|    time_elapsed         | 3757  |
|    total_timesteps      | 86016 |
|-------------------------|-------|
| train/                  |       |
|    approx_kl            | 0.007 |
|    clip_fraction        | 0.000 |
|    entropy_loss         | 1.784 |
|    learning_rate        | 0.00030 |
|    policy_loss          | -0.001 |
|    value_loss           | 0.000 |
---------------------------------
---------------------------------
| rollout/                |       |
|    ep_len_mean          | 1940.5 |
|    ep_rew_mean          | -0.194 |
|    best_mean_reward     | 0.044 |
|-------------------------|-------|
| time/                   |       |
|    fps                  | 220.4 |
|    iteration            | 22    |
|    time_elapsed         | 3940  |
|    total_timesteps      | 90112 |
|-------------------------|-------|
| train/                  |       |
|    approx_kl            | 0.009 |
|    clip_fraction        | 0.000 |
|    entropy_loss         | 1.777 |
|    learning_rate        | 0.00030 |
|    policy_loss          | -0.003 |
|    value_loss           | 0.000 |
---------------------------------
---------------------------------
| rollout/                |       |
|    ep_len_mean          | 1992.5 |
|    ep_rew_mean          | -0.199 |
|    best_mean_reward     | 0.044 |
|-------------------------|-------|
| time/                   |       |
|    fps                  | 221.9 |
|    iteration            | 23    |
|    time_elapsed         | 4124  |
|    total_timesteps      | 94208 |
|-------------------------|-------|
| train/                  |       |
|    approx_kl            | 0.013 |
|    clip_fraction        | 0.000 |
|    entropy_loss         | 1.778 |
|    learning_rate        | 0.00030 |
|    policy_loss          | -0.003 |
|    value_loss           | 0.000 |
---------------------------------
---------------------------------
| rollout/                |       |
|    ep_len_mean          | 1834.5 |
|    ep_rew_mean          | -0.183 |
|    best_mean_reward     | 0.044 |
|-------------------------|-------|
| time/                   |       |
|    fps                  | 219.6 |
|    iteration            | 24    |
|    time_elapsed         | 4307  |
|    total_timesteps      | 98304 |
|-------------------------|-------|
| train/                  |       |
|    approx_kl            | 0.008 |
|    clip_fraction        | 0.000 |
|    entropy_loss         | 1.781 |
|    learning_rate        | 0.00030 |
|    policy_loss          | -0.001 |
|    value_loss           | 0.000 |
---------------------------------
---------------------------------
| rollout/                |       |
|    ep_len_mean          | 1486.0 |
|    ep_rew_mean          | -0.049 |
|    best_mean_reward     | 0.044 |
|-------------------------|-------|
| time/                   |       |
|    fps                  | 220.7 |
|    iteration            | 25    |
|    time_elapsed         | 4489  |
|    total_timesteps      | 102400 |
|-------------------------|-------|
| train/                  |       |
|    approx_kl            | 0.006 |
|    clip_fraction        | 0.000 |
|    entropy_loss         | 1.785 |
|    learning_rate        | 0.00030 |
|    policy_loss          | -0.001 |
|    value_loss           | 0.002 |
---------------------------------
---------------------------------
| rollout/                |       |
|    ep_len_mean          | 1347.5 |
|    ep_rew_mean          | -0.035 |
|    best_mean_reward     | 0.044 |
|-------------------------|-------|
| time/                   |       |
|    fps                  | 221.0 |
|    iteration            | 26    |
|    time_elapsed         | 4672  |
|    total_timesteps      | 106496 |
|-------------------------|-------|
| train/                  |       |
|    approx_kl            | 0.012 |
|    clip_fraction        | 0.000 |
|    entropy_loss         | 1.783 |
|    learning_rate        | 0.00030 |
|    policy_loss          | -0.002 |
|    value_loss           | 0.000 |
---------------------------------
---------------------------------
| rollout/                |       |
|    ep_len_mean          | 1209.0 |
|    ep_rew_mean          | -0.021 |
|    best_mean_reward     | 0.044 |
|-------------------------|-------|
| time/                   |       |
|    fps                  | 221.6 |
|    iteration            | 27    |
|    time_elapsed         | 4854  |
|    total_timesteps      | 110592 |
|-------------------------|-------|
| train/                  |       |
|    approx_kl            | 0.005 |
|    clip_fraction        | 0.000 |
|    entropy_loss         | 1.761 |
|    learning_rate        | 0.00030 |
|    policy_loss          | -0.002 |
|    value_loss           | 0.000 |
---------------------------------
---------------------------------
| rollout/                |       |
|    ep_len_mean          | 1270.8 |
|    ep_rew_mean          | -0.027 |
|    best_mean_reward     | 0.044 |
|-------------------------|-------|
| time/                   |       |
|    fps                  | 221.2 |
|    iteration            | 28    |
|    time_elapsed         | 5036  |
|    total_timesteps      | 114688 |
|-------------------------|-------|
| train/                  |       |
|    approx_kl            | 0.016 |
|    clip_fraction        | 0.531 |
|    entropy_loss         | 1.770 |
|    learning_rate        | 0.00030 |
|    policy_loss          | -0.002 |
|    value_loss           | 0.000 |
---------------------------------
---------------------------------
| rollout/                |       |
|    ep_len_mean          | 1331.9 |
|    ep_rew_mean          | -0.033 |
|    best_mean_reward     | 0.044 |
|-------------------------|-------|
| time/                   |       |
|    fps                  | 220.0 |
|    iteration            | 29    |
|    time_elapsed         | 5219  |
|    total_timesteps      | 118784 |
|-------------------------|-------|
| train/                  |       |
|    approx_kl            | 0.009 |
|    clip_fraction        | 0.000 |
|    entropy_loss         | 1.774 |
|    learning_rate        | 0.00030 |
|    policy_loss          | -0.001 |
|    value_loss           | 0.000 |
---------------------------------
---------------------------------
| rollout/                |       |
|    ep_len_mean          | 1404.0 |
|    ep_rew_mean          | -0.140 |
|    best_mean_reward     | 0.044 |
|-------------------------|-------|
| time/                   |       |
|    fps                  | 218.6 |
|    iteration            | 30    |
|    time_elapsed         | 5401  |
|    total_timesteps      | 122880 |
|-------------------------|-------|
| train/                  |       |
|    approx_kl            | 0.013 |
|    clip_fraction        | 0.125 |
|    entropy_loss         | 1.786 |
|    learning_rate        | 0.00030 |
|    policy_loss          | -0.002 |
|    value_loss           | 0.000 |
---------------------------------
---------------------------------
| rollout/                |       |
|    ep_len_mean          | 1456.0 |
|    ep_rew_mean          | -0.146 |
|    best_mean_reward     | 0.044 |
|-------------------------|-------|
| time/                   |       |
|    fps                  | 220.8 |
|    iteration            | 31    |
|    time_elapsed         | 5584  |
|    total_timesteps      | 126976 |
|-------------------------|-------|
| train/                  |       |
|    approx_kl            | 0.009 |
|    clip_fraction        | 0.219 |
|    entropy_loss         | 1.785 |
|    learning_rate        | 0.00030 |
|    policy_loss          | -0.001 |
|    value_loss           | 0.000 |
---------------------------------
---------------------------------
| rollout/                |       |
|    ep_len_mean          | 1508.0 |
|    ep_rew_mean          | -0.151 |
|    best_mean_reward     | 0.044 |
|-------------------------|-------|
| time/                   |       |
|    fps                  | 220.7 |
|    iteration            | 32    |
|    time_elapsed         | 5766  |
|    total_timesteps      | 131072 |
|-------------------------|-------|
| train/                  |       |
|    approx_kl            | 0.012 |
|    clip_fraction        | 0.328 |
|    entropy_loss         | 1.785 |
|    learning_rate        | 0.00030 |
|    policy_loss          | -0.002 |
|    value_loss           | 0.000 |
---------------------------------
---------------------------------
| rollout/                |       |
|    ep_len_mean          | 1560.0 |
|    ep_rew_mean          | -0.156 |
|    best_mean_reward     | 0.044 |
|-------------------------|-------|
| time/                   |       |
|    fps                  | 221.9 |
|    iteration            | 33    |
|    time_elapsed         | 5949  |
|    total_timesteps      | 135168 |
|-------------------------|-------|
| train/                  |       |
|    approx_kl            | 0.012 |
|    clip_fraction        | 0.141 |
|    entropy_loss         | 1.766 |
|    learning_rate        | 0.00030 |
|    policy_loss          | -0.002 |
|    value_loss           | 0.000 |
---------------------------------
---------------------------------
| rollout/                |       |
|    ep_len_mean          | 1612.0 |
|    ep_rew_mean          | -0.161 |
|    best_mean_reward     | 0.044 |
|-------------------------|-------|
| time/                   |       |