/home/nbrady/.conda/envs/vizdoom/lib/python3.11/site-packages/vizdoom/gymnasium_wrapper/base_gymnasium_env.py:84: UserWarning: Detected screen format CRCGCB. Only RGB24 and GRAY8 are supported in the Gymnasium wrapper. Forcing RGB24.
  warnings.warn(
Using device: cuda
Environment created: VizdoomMyWayHome-v0
Observation space: Dict('gamevariables': Box(-3.4028235e+38, 3.4028235e+38, (1,), float32), 'screen': Box(0, 255, (240, 320, 3), uint8))
Action space: Discrete(6)
Using grid of 6x6 patches = 36 total patches
InfiniViT model initialized on: cuda
Models initialized on device
---------------------------------
| rollout/                |       |
|    ep_len_mean          | 2100.0 |
|    ep_rew_mean          | -0.210 |
|-------------------------|-------|
| time/                   |       |
|    fps                  | 115.1 |
|    iteration            | 1     |
|    time_elapsed         | 72    |
|    total_timesteps      | 8400  |
|-------------------------|-------|
| train/                  |       |
|    approx_kl            | 0.001 |
|    clip_fraction        | 0.050 |
|    entropy_loss         | 1.783 |
|    rudder_loss          | 0.041 |
|    learning_rate        | 0.00030 |
|    policy_loss          | 0.003 |
|    value_loss           | 0.161 |
---------------------------------
---------------------------------
| rollout/                |       |
|    ep_len_mean          | 2100.0 |
|    ep_rew_mean          | -0.210 |
|-------------------------|-------|
| time/                   |       |
|    fps                  | 115.8 |
|    iteration            | 2     |
|    time_elapsed         | 790   |
|    total_timesteps      | 16800 |
|-------------------------|-------|
| train/                  |       |
|    approx_kl            | 0.003 |
|    clip_fraction        | 0.200 |
|    entropy_loss         | 1.787 |
|    rudder_loss          | 1.302 |
|    learning_rate        | 0.00030 |
|    policy_loss          | 0.000 |
|    value_loss           | 8.164 |
---------------------------------
---------------------------------
| rollout/                |       |
|    ep_len_mean          | 2092.7 |
|    ep_rew_mean          | -0.109 |
|-------------------------|-------|
| time/                   |       |
|    fps                  | 116.3 |
|    iteration            | 3     |
|    time_elapsed         | 1510  |
|    total_timesteps      | 25200 |
|-------------------------|-------|
New best model! Mean reward: -0.109. Saving to models/VizdoomMyWayHome_ppo_infini_vit_best.pt
| train/                  |       |
|    approx_kl            | 0.002 |
|    clip_fraction        | 0.075 |
|    entropy_loss         | 1.786 |
|    rudder_loss          | 25392.925 |
|    learning_rate        | 0.00030 |
|    policy_loss          | 0.002 |
|    value_loss           | 2351.816 |
---------------------------------
---------------------------------
| rollout/                |       |
|    ep_len_mean          | 2085.4 |
|    ep_rew_mean          | -0.109 |
|-------------------------|-------|
| time/                   |       |
|    fps                  | 103.7 |
|    iteration            | 4     |
|    time_elapsed         | 2238  |
|    total_timesteps      | 33600 |
|-------------------------|-------|
New best model! Mean reward: -0.109. Saving to models/VizdoomMyWayHome_ppo_infini_vit_best.pt
| train/                  |       |
|    approx_kl            | 0.005 |
|    clip_fraction        | 0.188 |
|    entropy_loss         | 1.788 |
|    rudder_loss          | 683888.105 |
|    learning_rate        | 0.00030 |
|    policy_loss          | 0.000 |
|    value_loss           | 30815.899 |
---------------------------------
---------------------------------
| rollout/                |       |
|    ep_len_mean          | 2085.4 |
|    ep_rew_mean          | -0.209 |
|-------------------------|-------|
| time/                   |       |
|    fps                  | 99.2  |
|    iteration            | 5     |
|    time_elapsed         | 2967  |
|    total_timesteps      | 42000 |
|-------------------------|-------|
| train/                  |       |
|    approx_kl            | 0.004 |
|    clip_fraction        | 0.388 |
|    entropy_loss         | 1.785 |
|    rudder_loss          | 3794063.903 |
|    learning_rate        | 0.00030 |
|    policy_loss          | -0.000 |
|    value_loss           | 66762.782 |
---------------------------------
---------------------------------
| rollout/                |       |
|    ep_len_mean          | 2085.4 |
|    ep_rew_mean          | -0.209 |
|-------------------------|-------|
| time/                   |       |
|    fps                  | 113.3 |
|    iteration            | 6     |
|    time_elapsed         | 3684  |
|    total_timesteps      | 50400 |
|-------------------------|-------|
| train/                  |       |
|    approx_kl            | 0.003 |
|    clip_fraction        | 0.150 |
|    entropy_loss         | 1.775 |
|    rudder_loss          | 11860097.561 |
|    learning_rate        | 0.00030 |
|    policy_loss          | 0.000 |
|    value_loss           | 128901.902 |
---------------------------------
---------------------------------
| rollout/                |       |
|    ep_len_mean          | 2085.4 |
|    ep_rew_mean          | -0.209 |
|-------------------------|-------|
| time/                   |       |
|    fps                  | 114.5 |
|    iteration            | 7     |
|    time_elapsed         | 4402  |
|    total_timesteps      | 58800 |
|-------------------------|-------|
| train/                  |       |
|    approx_kl            | 0.001 |
|    clip_fraction        | 0.000 |
|    entropy_loss         | 1.772 |
|    rudder_loss          | 26197287.061 |
|    learning_rate        | 0.00030 |
|    policy_loss          | -0.000 |
|    value_loss           | 224069.997 |
---------------------------------
---------------------------------
| rollout/                |       |
|    ep_len_mean          | 2085.4 |
|    ep_rew_mean          | -0.209 |
|-------------------------|-------|
| time/                   |       |
|    fps                  | 90.4  |
|    iteration            | 8     |
|    time_elapsed         | 5139  |
|    total_timesteps      | 67200 |
|-------------------------|-------|
| train/                  |       |
|    approx_kl            | 0.001 |
|    clip_fraction        | 0.000 |
|    entropy_loss         | 1.767 |
|    rudder_loss          | 48587577.015 |
|    learning_rate        | 0.00030 |
|    policy_loss          | -0.000 |
|    value_loss           | 374233.234 |
---------------------------------
---------------------------------
| rollout/                |       |
|    ep_len_mean          | 2027.9 |
|    ep_rew_mean          | -0.103 |
|-------------------------|-------|
| time/                   |       |
|    fps                  | 115.4 |
|    iteration            | 9     |
|    time_elapsed         | 5855  |
|    total_timesteps      | 75600 |
|-------------------------|-------|
New best model! Mean reward: -0.103. Saving to models/VizdoomMyWayHome_ppo_infini_vit_best.pt
| train/                  |       |
|    approx_kl            | 0.001 |
|    clip_fraction        | 0.000 |
|    entropy_loss         | 1.767 |
|    rudder_loss          | 81079849.242 |
|    learning_rate        | 0.00030 |
|    policy_loss          | -0.000 |
|    value_loss           | 545529.777 |
---------------------------------
---------------------------------
| rollout/                |       |
|    ep_len_mean          | 1970.4 |
|    ep_rew_mean          | -0.097 |
|-------------------------|-------|
| time/                   |       |
|    fps                  | 93.5  |
|    iteration            | 10    |
|    time_elapsed         | 6591  |
|    total_timesteps      | 84000 |
|-------------------------|-------|
New best model! Mean reward: -0.097. Saving to models/VizdoomMyWayHome_ppo_infini_vit_best.pt
| train/                  |       |
|    approx_kl            | 0.000 |
|    clip_fraction        | 0.000 |
|    entropy_loss         | 1.765 |
|    rudder_loss          | 123547366.606 |
|    learning_rate        | 0.00030 |
|    policy_loss          | 0.000 |
|    value_loss           | 782207.533 |
---------------------------------
---------------------------------
| rollout/                |       |
|    ep_len_mean          | 1970.4 |
|    ep_rew_mean          | -0.197 |
|-------------------------|-------|
| time/                   |       |
|    fps                  | 108.7 |
|    iteration            | 11    |
|    time_elapsed         | 7314  |
|    total_timesteps      | 92400 |
|-------------------------|-------|
| train/                  |       |
|    approx_kl            | 0.000 |
|    clip_fraction        | 0.000 |
|    entropy_loss         | 1.766 |
|    rudder_loss          | 169416837.939 |
|    learning_rate        | 0.00030 |
|    policy_loss          | -0.000 |
|    value_loss           | 992590.345 |
---------------------------------
---------------------------------
| rollout/                |       |
|    ep_len_mean          | 1970.4 |
|    ep_rew_mean          | -0.197 |
|-------------------------|-------|
| time/                   |       |
|    fps                  | 121.0 |
|    iteration            | 12    |
|    time_elapsed         | 8028  |
|    total_timesteps      | 100800 |
|-------------------------|-------|
| train/                  |       |
|    approx_kl            | 0.002 |
|    clip_fraction        | 0.213 |
|    entropy_loss         | 1.763 |
|    rudder_loss          | 223522057.697 |
|    learning_rate        | 0.00030 |
|    policy_loss          | -0.001 |
|    value_loss           | 1267397.410 |
---------------------------------
---------------------------------
| rollout/                |       |
|    ep_len_mean          | 1970.4 |
|    ep_rew_mean          | -0.197 |
|-------------------------|-------|
| time/                   |       |
|    fps                  | 104.6 |
|    iteration            | 13    |
|    time_elapsed         | 8754  |
|    total_timesteps      | 109200 |
|-------------------------|-------|
| train/                  |       |
|    approx_kl            | 0.001 |
|    clip_fraction        | 0.000 |
|    entropy_loss         | 1.756 |
|    rudder_loss          | 290174227.030 |
|    learning_rate        | 0.00030 |
|    policy_loss          | -0.000 |
|    value_loss           | 1736724.397 |
---------------------------------
---------------------------------
| rollout/                |       |
|    ep_len_mean          | 1970.4 |
|    ep_rew_mean          | -0.197 |
|-------------------------|-------|
| time/                   |       |
|    fps                  | 105.5 |
|    iteration            | 14    |
|    time_elapsed         | 9478  |
|    total_timesteps      | 117600 |
|-------------------------|-------|
| train/                  |       |
|    approx_kl            | 0.000 |
|    clip_fraction        | 0.000 |
|    entropy_loss         | 1.749 |
|    rudder_loss          | 359188925.576 |
|    learning_rate        | 0.00030 |
|    policy_loss          | -0.000 |
|    value_loss           | 2002811.047 |
---------------------------------
---------------------------------
| rollout/                |       |
|    ep_len_mean          | 1970.4 |
|    ep_rew_mean          | -0.197 |
|-------------------------|-------|
| time/                   |       |
|    fps                  | 102.1 |
|    iteration            | 15    |
|    time_elapsed         | 10204 |
|    total_timesteps      | 126000 |
|-------------------------|-------|
| train/                  |       |
|    approx_kl            | 0.000 |
|    clip_fraction        | 0.000 |
|    entropy_loss         | 1.747 |
|    rudder_loss          | 421351376.727 |
|    learning_rate        | 0.00030 |
|    policy_loss          | -0.000 |
|    value_loss           | 2425053.817 |
---------------------------------
---------------------------------
| rollout/                |       |
|    ep_len_mean          | 1970.4 |
|    ep_rew_mean          | -0.197 |
|-------------------------|-------|
| time/                   |       |
|    fps                  | 94.5  |
|    iteration            | 16    |
|    time_elapsed         | 10936 |
|    total_timesteps      | 134400 |
|-------------------------|-------|
| train/                  |       |
|    approx_kl            | 0.003 |
|    clip_fraction        | 0.263 |
|    entropy_loss         | 1.741 |
|    rudder_loss          | 539114167.394 |
|    learning_rate        | 0.00030 |
|    policy_loss          | 0.000 |
|    value_loss           | 3029487.599 |
---------------------------------
---------------------------------
| rollout/                |       |
|    ep_len_mean          | 1970.4 |
|    ep_rew_mean          | -0.197 |
|-------------------------|-------|
| time/                   |       |
|    fps                  | 99.0  |
|    iteration            | 17    |
|    time_elapsed         | 11663 |
|    total_timesteps      | 142800 |
|-------------------------|-------|
| train/                  |       |
|    approx_kl            | 0.002 |
|    clip_fraction        | 0.237 |
|    entropy_loss         | 1.735 |
|    rudder_loss          | 659991102.303 |
|    learning_rate        | 0.00030 |
|    policy_loss          | 0.000 |
|    value_loss           | 3677177.142 |
---------------------------------
---------------------------------
| rollout/                |       |
|    ep_len_mean          | 1789.0 |
|    ep_rew_mean          | -0.079 |
|-------------------------|-------|
| time/                   |       |
|    fps                  | 100.9 |
|    iteration            | 18    |
|    time_elapsed         | 12389 |
|    total_timesteps      | 151200 |
|-------------------------|-------|
New best model! Mean reward: -0.079. Saving to models/VizdoomMyWayHome_ppo_infini_vit_best.pt
| train/                  |       |
|    approx_kl            | 0.001 |
|    clip_fraction        | 0.000 |
|    entropy_loss         | 1.718 |
|    rudder_loss          | 746183625.697 |
|    learning_rate        | 0.00030 |
|    policy_loss          | 0.000 |
|    value_loss           | 4966281.544 |
---------------------------------
---------------------------------
| rollout/                |       |
|    ep_len_mean          | 1644.4 |
|    ep_rew_mean          | 0.136 |
|-------------------------|-------|
| time/                   |       |
|    fps                  | 88.2  |
|    iteration            | 19    |
|    time_elapsed         | 13128 |
|    total_timesteps      | 159600 |
|-------------------------|-------|
New best model! Mean reward: 0.136. Saving to models/VizdoomMyWayHome_ppo_infini_vit_best.pt
| train/                  |       |
|    approx_kl            | 0.001 |
|    clip_fraction        | 0.163 |
|    entropy_loss         | 1.727 |
|    rudder_loss          | 835140679.758 |
|    learning_rate        | 0.00030 |
|    policy_loss          | 0.000 |
|    value_loss           | 4712907.576 |
---------------------------------
---------------------------------
| rollout/                |       |
|    ep_len_mean          | 1681.2 |
|    ep_rew_mean          | 0.032 |
|-------------------------|-------|
| time/                   |       |
|    fps                  | 97.6  |
|    iteration            | 20    |
|    time_elapsed         | 13858 |
|    total_timesteps      | 168000 |
|-------------------------|-------|
| train/                  |       |
|    approx_kl            | 0.003 |
|    clip_fraction        | 0.138 |
|    entropy_loss         | 1.738 |
|    rudder_loss          | 989422238.788 |
|    learning_rate        | 0.00030 |
|    policy_loss          | -0.001 |
|    value_loss           | 5005121.855 |
---------------------------------
---------------------------------
| rollout/                |       |
|    ep_len_mean          | 1629.0 |
|    ep_rew_mean          | -0.063 |
|-------------------------|-------|
| time/                   |       |
|    fps                  | 88.4  |
|    iteration            | 21    |
|    time_elapsed         | 14596 |
|    total_timesteps      | 176400 |
|-------------------------|-------|
| train/                  |       |
|    approx_kl            | 0.007 |
|    clip_fraction        | 0.475 |
|    entropy_loss         | 1.746 |
|    rudder_loss          | 1191976946.424 |
|    learning_rate        | 0.00030 |
|    policy_loss          | 0.000 |
|    value_loss           | 6044169.579 |
---------------------------------
---------------------------------
| rollout/                |       |
|    ep_len_mean          | 1681.2 |
|    ep_rew_mean          | -0.168 |
|-------------------------|-------|
| time/                   |       |
|    fps                  | 94.4  |
|    iteration            | 22    |
|    time_elapsed         | 15327 |
|    total_timesteps      | 184800 |
|-------------------------|-------|
| train/                  |       |
|    approx_kl            | 0.000 |
|    clip_fraction        | 0.000 |
|    entropy_loss         | 1.758 |
|    rudder_loss          | 1359878443.636 |
|    learning_rate        | 0.00030 |
|    policy_loss          | -0.000 |
|    value_loss           | 6765575.087 |
---------------------------------
---------------------------------
| rollout/                |       |
|    ep_len_mean          | 1681.2 |
|    ep_rew_mean          | -0.168 |
|-------------------------|-------|
| time/                   |       |
|    fps                  | 106.0 |
|    iteration            | 23    |
|    time_elapsed         | 16048 |
|    total_timesteps      | 193200 |
|-------------------------|-------|
| train/                  |       |
|    approx_kl            | 0.001 |
|    clip_fraction        | 0.000 |
|    entropy_loss         | 1.756 |
|    rudder_loss          | 1522060387.394 |
|    learning_rate        | 0.00030 |
|    policy_loss          | -0.000 |
|    value_loss           | 7576284.316 |
---------------------------------
---------------------------------
| rollout/                |       |
|    ep_len_mean          | 1681.2 |
|    ep_rew_mean          | -0.168 |
|-------------------------|-------|
| time/                   |       |
|    fps                  | 114.2 |
|    iteration            | 24    |
|    time_elapsed         | 16766 |
|    total_timesteps      | 201600 |
|-------------------------|-------|
| train/                  |       |
|    approx_kl            | 0.002 |
|    clip_fraction        | 0.075 |
|    entropy_loss         | 1.757 |
|    rudder_loss          | 1630801300.364 |
|    learning_rate        | 0.00030 |
|    policy_loss          | -0.000 |
|    value_loss           | 8384726.209 |
---------------------------------
---------------------------------
| rollout/                |       |
|    ep_len_mean          | 1681.2 |
|    ep_rew_mean          | -0.168 |
|-------------------------|-------|
| time/                   |       |
|    fps                  | 111.4 |
|    iteration            | 25    |
|    time_elapsed         | 17487 |
|    total_timesteps      | 210000 |
|-------------------------|-------|
| train/                  |       |
|    approx_kl            | 0.001 |
|    clip_fraction        | 0.113 |
|    entropy_loss         | 1.770 |
|    rudder_loss          | 1693879542.788 |
|    learning_rate        | 0.00030 |
|    policy_loss          | -0.000 |
|    value_loss           | 8612516.530 |
---------------------------------
---------------------------------
| rollout/                |       |
|    ep_len_mean          | 1681.2 |
|    ep_rew_mean          | -0.168 |
|-------------------------|-------|
| time/                   |       |
|    fps                  | 96.6  |
|    iteration            | 26    |
|    time_elapsed         | 18221 |
|    total_timesteps      | 218400 |
|-------------------------|-------|
| train/                  |       |
|    approx_kl            | 0.000 |
|    clip_fraction        | 0.000 |
|    entropy_loss         | 1.771 |
|    rudder_loss          | 1778801894.788 |
|    learning_rate        | 0.00030 |
|    policy_loss          | 0.000 |
|    value_loss           | 8950436.364 |
---------------------------------
---------------------------------
| rollout/                |       |
|    ep_len_mean          | 1681.2 |
|    ep_rew_mean          | -0.168 |
|-------------------------|-------|
| time/                   |       |
|    fps                  | 103.3 |
|    iteration            | 27    |
|    time_elapsed         | 18948 |
|    total_timesteps      | 226800 |
|-------------------------|-------|
| train/                  |       |
|    approx_kl            | 0.003 |
|    clip_fraction        | 0.000 |
|    entropy_loss         | 1.769 |
|    rudder_loss          | 1914988323.394 |
|    learning_rate        | 0.00030 |
|    policy_loss          | -0.000 |
|    value_loss           | 9403936.747 |
---------------------------------
---------------------------------
| rollout/                |       |
|    ep_len_mean          | 1469.3 |
|    ep_rew_mean          | 0.053 |
|-------------------------|-------|
| time/                   |       |
|    fps                  | 103.1 |
|    iteration            | 28    |
|    time_elapsed         | 19676 |
|    total_timesteps      | 235200 |
|-------------------------|-------|
| train/                  |       |
|    approx_kl            | 0.003 |
|    clip_fraction        | 0.338 |
|    entropy_loss         | 1.767 |
|    rudder_loss          | 2048020196.364 |
|    learning_rate        | 0.00030 |
|    policy_loss          | 0.000 |
|    value_loss           | 13715563.190 |
---------------------------------
---------------------------------
| rollout/                |       |
|    ep_len_mean          | 1505.4 |
|    ep_rew_mean          | 0.149 |
|-------------------------|-------|
| time/                   |       |
|    fps                  | 121.4 |
|    iteration            | 29    |
|    time_elapsed         | 20391 |
|    total_timesteps      | 243600 |
|-------------------------|-------|
New best model! Mean reward: 0.149. Saving to models/VizdoomMyWayHome_ppo_infini_vit_best.pt
| train/                  |       |
|    approx_kl            | 0.001 |
|    clip_fraction        | 0.100 |
|    entropy_loss         | 1.769 |
|    rudder_loss          | 2184404407.273 |
|    learning_rate        | 0.00030 |
|    policy_loss          | -0.001 |
|    value_loss           | 11964821.211 |
---------------------------------
---------------------------------
| rollout/                |       |
|    ep_len_mean          | 1564.4 |
|    ep_rew_mean          | 0.044 |
|-------------------------|-------|
| time/                   |       |
|    fps                  | 117.0 |
|    iteration            | 30    |
|    time_elapsed         | 21110 |
|    total_timesteps      | 252000 |
|-------------------------|-------|
| train/                  |       |
|    approx_kl            | 0.002 |
|    clip_fraction        | 0.125 |
|    entropy_loss         | 1.772 |
|    rudder_loss          | 2441947008.970 |
|    learning_rate        | 0.00030 |
|    policy_loss          | -0.001 |
|    value_loss           | 13631318.769 |
---------------------------------
---------------------------------
| rollout/                |       |
|    ep_len_mean          | 1581.4 |
|    ep_rew_mean          | -0.058 |
|-------------------------|-------|
| time/                   |       |
|    fps                  | 121.1 |
|    iteration            | 31    |
|    time_elapsed         | 21826 |
|    total_timesteps      | 260400 |
|-------------------------|-------|
| train/                  |       |
|    approx_kl            | 0.001 |
|    clip_fraction        | 0.000 |
|    entropy_loss         | 1.773 |
|    rudder_loss          | 2513222416.485 |
|    learning_rate        | 0.00030 |
|    policy_loss          | -0.001 |
|    value_loss           | 13867540.831 |
---------------------------------
---------------------------------
| rollout/                |       |
|    ep_len_mean          | 1753.4 |
|    ep_rew_mean          | -0.175 |
|-------------------------|-------|
| time/                   |       |
|    fps                  | 100.3 |
|    iteration            | 32    |
|    time_elapsed         | 22556 |
|    total_timesteps      | 268800 |
|-------------------------|-------|
| train/                  |       |
|    approx_kl            | 0.001 |
|    clip_fraction        | 0.000 |
|    entropy_loss         | 1.771 |
|    rudder_loss          | 2750500849.455 |
|    learning_rate        | 0.00030 |
|    policy_loss          | -0.000 |
|    value_loss           | 15063823.273 |
---------------------------------
---------------------------------
| rollout/                |       |
|    ep_len_mean          | 1751.7 |
|    ep_rew_mean          | -0.075 |
|-------------------------|-------|
| time/                   |       |
|    fps                  | 111.8 |
|    iteration            | 33    |
|    time_elapsed         | 23277 |
|    total_timesteps      | 277200 |
|-------------------------|-------|
| train/                  |       |
|    approx_kl            | 0.003 |
|    clip_fraction        | 0.363 |
|    entropy_loss         | 1.773 |
|    rudder_loss          | 2959444971.636 |
|    learning_rate        | 0.00030 |
|    policy_loss          | -0.000 |
|    value_loss           | 15747900.484 |
---------------------------------
---------------------------------
| rollout/                |       |
|    ep_len_mean          | 1750.0 |
|    ep_rew_mean          | -0.075 |
|-------------------------|-------|
| time/                   |       |
|    fps                  | 118.6 |
|    iteration            | 34    |
|    time_elapsed         | 23993 |
|    total_timesteps      | 285600 |
|-------------------------|-------|
| train/                  |       |
|    approx_kl            | 0.002 |
|    clip_fraction        | 0.237 |
|    entropy_loss         | 1.767 |
|    rudder_loss          | 3134267878.788 |
|    learning_rate        | 0.00030 |
|    policy_loss          | -0.001 |
|    value_loss           | 16922504.803 |
---------------------------------
---------------------------------
| rollout/                |       |
|    ep_len_mean          | 1748.3 |
|    ep_rew_mean          | -0.075 |
|-------------------------|-------|
| time/                   |       |
|    fps                  | 98.7  |
|    iteration            | 35    |
|    time_elapsed         | 24723 |
|    total_timesteps      | 294000 |
|-------------------------|-------|
| train/                  |       |
|    approx_kl            | 0.000 |
|    clip_fraction        | 0.000 |
|    entropy_loss         | 1.762 |
|    rudder_loss          | 3373468719.515 |
|    learning_rate        | 0.00030 |
|    policy_loss          | -0.000 |
|    value_loss           | 18436637.054 |
---------------------------------
---------------------------------
| rollout/                |       |
|    ep_len_mean          | 1412.7 |
|    ep_rew_mean          | 0.059 |
|-------------------------|-------|
| time/                   |       |
|    fps                  | 105.9 |
|    iteration            | 36    |
|    time_elapsed         | 25449 |
|    total_timesteps      | 302400 |
|-------------------------|-------|
| train/                  |       |
|    approx_kl            | 0.002 |
|    clip_fraction        | 0.113 |
|    entropy_loss         | 1.759 |
|    rudder_loss          | 3646364373.333 |
|    learning_rate        | 0.00030 |
|    policy_loss          | -0.001 |
|    value_loss           | 27505725.328 |
---------------------------------
---------------------------------
| rollout/                |       |
|    ep_len_mean          | 1495.4 |
|    ep_rew_mean          | 0.050 |
|-------------------------|-------|
| time/                   |       |
|    fps                  | 92.6  |
|    iteration            | 37    |
|    time_elapsed         | 26185 |
|    total_timesteps      | 310800 |
|-------------------------|-------|
| train/                  |       |
|    approx_kl            | 0.002 |
|    clip_fraction        | 0.125 |
|    entropy_loss         | 1.764 |
|    rudder_loss          | 3648688580.848 |
|    learning_rate        | 0.00030 |
|    policy_loss          | 0.001 |
|    value_loss           | 20185839.911 |
---------------------------------
---------------------------------
| rollout/                |       |
|    ep_len_mean          | 1915.4 |
|    ep_rew_mean          | -0.192 |
|-------------------------|-------|
| time/                   |       |
|    fps                  | 111.4 |
|    iteration            | 38    |
|    time_elapsed         | 26907 |
|    total_timesteps      | 319200 |
|-------------------------|-------|
| train/                  |       |
|    approx_kl            | 0.002 |
|    clip_fraction        | 0.000 |
|    entropy_loss         | 1.765 |
|    rudder_loss          | 3747674720.000 |
|    learning_rate        | 0.00030 |
|    policy_loss          | 0.000 |
|    value_loss           | 20479081.492 |
---------------------------------
---------------------------------
| rollout/                |       |
|    ep_len_mean          | 1915.4 |
|    ep_rew_mean          | -0.192 |
|-------------------------|-------|
| time/                   |       |
|    fps                  | 120.8 |
|    iteration            | 39    |
|    time_elapsed         | 27623 |
|    total_timesteps      | 327600 |
|-------------------------|-------|
| train/                  |       |
|    approx_kl            | 0.002 |
|    clip_fraction        | 0.000 |
|    entropy_loss         | 1.760 |
|    rudder_loss          | 4035471757.576 |
|    learning_rate        | 0.00030 |
|    policy_loss          | -0.000 |
|    value_loss           | 22034974.147 |
---------------------------------
---------------------------------
| rollout/                |       |
|    ep_len_mean          | 1915.4 |
|    ep_rew_mean          | -0.192 |
|-------------------------|-------|
| time/                   |       |
|    fps                  | 119.2 |
|    iteration            | 40    |
|    time_elapsed         | 28341 |
|    total_timesteps      | 336000 |
|-------------------------|-------|
| train/                  |       |
|    approx_kl            | 0.006 |
|    clip_fraction        | 0.375 |
|    entropy_loss         | 1.760 |
|    rudder_loss          | 4309817664.970 |
|    learning_rate        | 0.00030 |
|    policy_loss          | -0.001 |
|    value_loss           | 23783081.182 |
---------------------------------
---------------------------------
| rollout/                |       |
|    ep_len_mean          | 1915.4 |
|    ep_rew_mean          | -0.192 |
|-------------------------|-------|
| time/                   |       |
|    fps                  | 97.4  |
|    iteration            | 41    |
|    time_elapsed         | 29073 |
|    total_timesteps      | 344400 |
|-------------------------|-------|
| train/                  |       |
|    approx_kl            | 0.003 |
|    clip_fraction        | 0.000 |
|    entropy_loss         | 1.758 |
|    rudder_loss          | 4563485767.758 |
|    learning_rate        | 0.00030 |
|    policy_loss          | -0.001 |
|    value_loss           | 24810298.257 |
---------------------------------
---------------------------------
| rollout/                |       |
|    ep_len_mean          | 1751.4 |
|    ep_rew_mean          | -0.075 |
|-------------------------|-------|
| time/                   |       |
|    fps                  | 98.1  |
|    iteration            | 42    |
|    time_elapsed         | 29805 |
|    total_timesteps      | 352800 |
|-------------------------|-------|
| train/                  |       |
|    approx_kl            | 0.016 |
|    clip_fraction        | 0.325 |
|    entropy_loss         | 1.760 |
|    rudder_loss          | 4645381740.606 |
|    learning_rate        | 0.00030 |
|    policy_loss          | 0.003 |
|    value_loss           | 30064306.974 |
---------------------------------
---------------------------------
| rollout/                |       |
|    ep_len_mean          | 1762.2 |
|    ep_rew_mean          | 0.024 |
|-------------------------|-------|
| time/                   |       |
|    fps                  | 115.5 |
|    iteration            | 43    |
|    time_elapsed         | 30523 |
|    total_timesteps      | 361200 |
|-------------------------|-------|
| train/                  |       |
|    approx_kl            | 0.002 |
|    clip_fraction        | 0.200 |
|    entropy_loss         | 1.742 |
|    rudder_loss          | 5228417097.697 |
|    learning_rate        | 0.00030 |
|    policy_loss          | -0.000 |
|    value_loss           | 27543257.255 |
---------------------------------
---------------------------------
| rollout/                |       |
|    ep_len_mean          | 1937.0 |
|    ep_rew_mean          | -0.094 |
|-------------------------|-------|
| time/                   |       |
|    fps                  | 113.4 |
|    iteration            | 44    |
|    time_elapsed         | 31243 |
|    total_timesteps      | 369600 |
|-------------------------|-------|
| train/                  |       |
|    approx_kl            | 0.002 |
|    clip_fraction        | 0.000 |
|    entropy_loss         | 1.737 |
|    rudder_loss          | 5316293992.727 |
|    learning_rate        | 0.00030 |
|    policy_loss          | -0.000 |
|    value_loss           | 28070584.375 |
---------------------------------
---------------------------------
| rollout/                |       |
|    ep_len_mean          | 1937.0 |
|    ep_rew_mean          | -0.194 |
|-------------------------|-------|
| time/                   |       |
|    fps                  | 117.5 |
|    iteration            | 45    |
|    time_elapsed         | 31961 |
|    total_timesteps      | 378000 |
|-------------------------|-------|
| train/                  |       |
|    approx_kl            | 0.012 |
|    clip_fraction        | 0.400 |
|    entropy_loss         | 1.734 |
|    rudder_loss          | 5661203331.879 |
|    learning_rate        | 0.00030 |
|    policy_loss          | 0.003 |
|    value_loss           | 30419314.125 |
---------------------------------
---------------------------------
| rollout/                |       |
|    ep_len_mean          | 1937.0 |
|    ep_rew_mean          | -0.194 |
|-------------------------|-------|
| time/                   |       |
|    fps                  | 109.3 |
|    iteration            | 46    |
|    time_elapsed         | 32684 |
|    total_timesteps      | 386400 |
|-------------------------|-------|
| train/                  |       |
|    approx_kl            | 0.004 |
|    clip_fraction        | 0.175 |
|    entropy_loss         | 1.732 |
|    rudder_loss          | 5628890866.424 |
|    learning_rate        | 0.00030 |
|    policy_loss          | -0.000 |
|    value_loss           | 30787403.736 |
---------------------------------
---------------------------------
| rollout/                |       |
|    ep_len_mean          | 1937.0 |
|    ep_rew_mean          | -0.194 |
|-------------------------|-------|
| time/                   |       |
|    fps                  | 113.0 |
|    iteration            | 47    |
|    time_elapsed         | 33404 |
|    total_timesteps      | 394800 |
|-------------------------|-------|
| train/                  |       |
|    approx_kl            | 0.027 |
|    clip_fraction        | 0.450 |
|    entropy_loss         | 1.732 |
|    rudder_loss          | 5695244767.030 |
|    learning_rate        | 0.00030 |
|    policy_loss          | 0.002 |
|    value_loss           | 30746587.336 |
---------------------------------
---------------------------------
| rollout/                |       |
|    ep_len_mean          | 1901.0 |
|    ep_rew_mean          | -0.090 |
|-------------------------|-------|
| time/                   |       |
|    fps                  | 107.1 |
|    iteration            | 48    |
|    time_elapsed         | 34128 |
|    total_timesteps      | 403200 |
|-------------------------|-------|
| train/                  |       |
|    approx_kl            | 0.001 |
|    clip_fraction        | 0.000 |
|    entropy_loss         | 1.715 |
|    rudder_loss          | 6130055268.848 |
|    learning_rate        | 0.00030 |
|    policy_loss          | -0.000 |
|    value_loss           | 33075410.627 |
---------------------------------
---------------------------------
| rollout/                |       |
|    ep_len_mean          | 1865.0 |
|    ep_rew_mean          | -0.086 |
|-------------------------|-------|
| time/                   |       |
|    fps                  | 94.9  |
|    iteration            | 49    |
|    time_elapsed         | 34862 |
|    total_timesteps      | 411600 |
|-------------------------|-------|
| train/                  |       |
|    approx_kl            | 0.004 |
|    clip_fraction        | 0.338 |
|    entropy_loss         | 1.731 |
|    rudder_loss          | 6331665828.848 |
|    learning_rate        | 0.00030 |
|    policy_loss          | 0.001 |
|    value_loss           | 34499041.261 |
---------------------------------
---------------------------------
| rollout/                |       |
|    ep_len_mean          | 1750.7 |
|    ep_rew_mean          | 0.025 |
|-------------------------|-------|
| time/                   |       |
|    fps                  | 105.9 |
|    iteration            | 50    |
|    time_elapsed         | 35588 |
|    total_timesteps      | 420000 |
|-------------------------|-------|
| train/                  |       |
|    approx_kl            | 0.002 |
|    clip_fraction        | 0.000 |
|    entropy_loss         | 1.732 |
|    rudder_loss          | 6589158198.303 |
|    learning_rate        | 0.00030 |
|    policy_loss          | 0.000 |
|    value_loss           | 35920824.651 |
---------------------------------
---------------------------------
| rollout/                |       |
|    ep_len_mean          | 1622.3 |
|    ep_rew_mean          | 0.038 |
|-------------------------|-------|
| time/                   |       |
|    fps                  | 110.6 |
|    iteration            | 51    |
|    time_elapsed         | 36309 |
|    total_timesteps      | 428400 |
|-------------------------|-------|
| train/                  |       |
|    approx_kl            | 0.003 |
|    clip_fraction        | 0.175 |
|    entropy_loss         | 1.734 |
|    rudder_loss          | 6792955223.273 |
|    learning_rate        | 0.00030 |
|    policy_loss          | 0.000 |
|    value_loss           | 43428926.884 |
---------------------------------
---------------------------------
| rollout/                |       |
|    ep_len_mean          | 1507.3 |
|    ep_rew_mean          | 0.149 |
|-------------------------|-------|
| time/                   |       |
|    fps                  | 103.6 |
|    iteration            | 52    |
|    time_elapsed         | 37035 |
|    total_timesteps      | 436800 |
|-------------------------|-------|
| train/                  |       |
|    approx_kl            | 0.001 |
|    clip_fraction        | 0.000 |
|    entropy_loss         | 1.744 |
|    rudder_loss          | 6963327197.091 |
|    learning_rate        | 0.00030 |
|    policy_loss          | -0.000 |
|    value_loss           | 44066013.176 |
---------------------------------
---------------------------------
| rollout/                |       |
|    ep_len_mean          | 1576.4 |
|    ep_rew_mean          | 0.142 |
|-------------------------|-------|
| time/                   |       |
|    fps                  | 105.7 |
|    iteration            | 53    |
|    time_elapsed         | 37761 |
|    total_timesteps      | 445200 |
|-------------------------|-------|
| train/                  |       |
|    approx_kl            | 0.003 |
|    clip_fraction        | 0.188 |
|    entropy_loss         | 1.753 |
|    rudder_loss          | 7471418552.242 |
|    learning_rate        | 0.00030 |
|    policy_loss          | 0.001 |
|    value_loss           | 48265246.043 |
---------------------------------
---------------------------------
| rollout/                |       |
|    ep_len_mean          | 1691.0 |
|    ep_rew_mean          | 0.031 |
|-------------------------|-------|
| time/                   |       |
|    fps                  | 108.4 |
|    iteration            | 54    |
|    time_elapsed         | 38484 |
|    total_timesteps      | 453600 |
|-------------------------|-------|
| train/                  |       |
|    approx_kl            | 0.005 |
|    clip_fraction        | 0.412 |
|    entropy_loss         | 1.765 |
|    rudder_loss          | 7949842193.455 |
|    learning_rate        | 0.00030 |
|    policy_loss          | -0.000 |
|    value_loss           | 42430337.719 |
---------------------------------
---------------------------------
| rollout/                |       |
|    ep_len_mean          | 1982.4 |
|    ep_rew_mean          | -0.098 |
|-------------------------|-------|
| time/                   |       |
|    fps                  | 117.7 |
|    iteration            | 55    |
|    time_elapsed         | 39201 |
|    total_timesteps      | 462000 |
|-------------------------|-------|
| train/                  |       |
|    approx_kl            | 0.002 |
|    clip_fraction        | 0.000 |
|    entropy_loss         | 1.766 |
|    rudder_loss          | 8266896151.273 |
|    learning_rate        | 0.00030 |
|    policy_loss          | 0.001 |
|    value_loss           | 45466563.758 |
---------------------------------
---------------------------------
| rollout/                |       |
|    ep_len_mean          | 2094.4 |
|    ep_rew_mean          | -0.209 |
|-------------------------|-------|
| time/                   |       |
|    fps                  | 116.6 |
|    iteration            | 56    |
|    time_elapsed         | 39919 |
|    total_timesteps      | 470400 |
|-------------------------|-------|
| train/                  |       |
|    approx_kl            | 0.003 |
|    clip_fraction        | 0.188 |
|    entropy_loss         | 1.758 |
|    rudder_loss          | 8904645728.970 |
|    learning_rate        | 0.00030 |
|    policy_loss          | -0.001 |
|    value_loss           | 46989400.983 |
---------------------------------
---------------------------------
| rollout/                |       |
|    ep_len_mean          | 2094.4 |
|    ep_rew_mean          | -0.209 |
|-------------------------|-------|
| time/                   |       |
|    fps                  | 105.0 |
|    iteration            | 57    |
|    time_elapsed         | 40645 |
|    total_timesteps      | 478800 |
|-------------------------|-------|
| train/                  |       |
|    approx_kl            | 0.004 |
|    clip_fraction        | 0.488 |
|    entropy_loss         | 1.771 |
|    rudder_loss          | 8978080325.818 |
|    learning_rate        | 0.00030 |
|    policy_loss          | 0.002 |
|    value_loss           | 46934611.150 |
---------------------------------
---------------------------------
| rollout/                |       |
|    ep_len_mean          | 1899.5 |
|    ep_rew_mean          | -0.090 |
|-------------------------|-------|
| time/                   |       |
|    fps                  | 118.2 |
|    iteration            | 58    |
|    time_elapsed         | 41362 |
|    total_timesteps      | 487200 |
|-------------------------|-------|
| train/                  |       |
|    approx_kl            | 0.058 |
|    clip_fraction        | 0.738 |
|    entropy_loss         | 1.700 |
|    rudder_loss          | 9080187392.000 |
|    learning_rate        | 0.00030 |
|    policy_loss          | 0.027 |
|    value_loss           | 47876476.497 |
---------------------------------
---------------------------------
| rollout/                |       |
|    ep_len_mean          | 1625.0 |
|    ep_rew_mean          | 0.038 |
|-------------------------|-------|
| time/                   |       |
|    fps                  | 117.2 |
|    iteration            | 59    |
|    time_elapsed         | 42079 |
|    total_timesteps      | 495600 |
|-------------------------|-------|
| train/                  |       |
|    approx_kl            | 0.001 |
|    clip_fraction        | 0.000 |
|    entropy_loss         | 1.715 |
|    rudder_loss          | 9029400122.182 |
|    learning_rate        | 0.00030 |
|    policy_loss          | 0.002 |
|    value_loss           | 57036984.461 |
---------------------------------
---------------------------------
| rollout/                |       |
|    ep_len_mean          | 1560.5 |
|    ep_rew_mean          | 0.044 |
|-------------------------|-------|
| time/                   |       |
|    fps                  | 95.1  |
|    iteration            | 60    |
|    time_elapsed         | 42813 |
|    total_timesteps      | 504000 |
|-------------------------|-------|
| train/                  |       |
|    approx_kl            | 0.003 |
|    clip_fraction        | 0.150 |
|    entropy_loss         | 1.717 |
|    rudder_loss          | 9680349719.273 |
|    learning_rate        | 0.00030 |
|    policy_loss          | 0.001 |
|    value_loss           | 51915580.226 |
---------------------------------
---------------------------------
| rollout/                |       |
|    ep_len_mean          | 1609.6 |
|    ep_rew_mean          | 0.039 |
|-------------------------|-------|
| time/                   |       |
|    fps                  | 88.6  |
|    iteration            | 61    |
|    time_elapsed         | 43552 |
|    total_timesteps      | 512400 |
|-------------------------|-------|
| train/                  |       |
|    approx_kl            | 0.003 |
|    clip_fraction        | 0.213 |
|    entropy_loss         | 1.747 |
|    rudder_loss          | 10100176512.000 |
|    learning_rate        | 0.00030 |
|    policy_loss          | -0.000 |
|    value_loss           | 74342989.673 |
---------------------------------
---------------------------------
| rollout/                |       |
|    ep_len_mean          | 1673.8 |
|    ep_rew_mean          | 0.033 |
|-------------------------|-------|
| time/                   |       |
|    fps                  | 87.8  |
|    iteration            | 62    |
|    time_elapsed         | 44292 |
|    total_timesteps      | 520800 |
|-------------------------|-------|
| train/                  |       |
|    approx_kl            | 0.004 |
|    clip_fraction        | 0.350 |
|    entropy_loss         | 1.750 |
|    rudder_loss          | 9808004677.818 |
|    learning_rate        | 0.00030 |
|    policy_loss          | 0.000 |
|    value_loss           | 61903518.239 |
---------------------------------
---------------------------------
| rollout/                |       |
|    ep_len_mean          | 2093.8 |
|    ep_rew_mean          | -0.209 |
|-------------------------|-------|
| time/                   |       |
|    fps                  | 121.4 |
|    iteration            | 63    |
|    time_elapsed         | 45006 |
|    total_timesteps      | 529200 |
|-------------------------|-------|
| train/                  |       |
|    approx_kl            | 0.003 |
|    clip_fraction        | 0.200 |
|    entropy_loss         | 1.757 |
|    rudder_loss          | 10459600655.515 |
|    learning_rate        | 0.00030 |
|    policy_loss          | 0.001 |
|    value_loss           | 55238073.977 |
---------------------------------
---------------------------------
| rollout/                |       |
|    ep_len_mean          | 1970.0 |
|    ep_rew_mean          | -0.097 |
|-------------------------|-------|
| time/                   |       |
|    fps                  | 116.3 |
|    iteration            | 64    |
|    time_elapsed         | 45723 |
|    total_timesteps      | 537600 |
|-------------------------|-------|
| train/                  |       |
|    approx_kl            | 0.003 |
|    clip_fraction        | 0.263 |
|    entropy_loss         | 1.744 |
|    rudder_loss          | 10752918656.000 |
|    learning_rate        | 0.00030 |
|    policy_loss          | -0.000 |
|    value_loss           | 57589809.526 |
---------------------------------
---------------------------------
| rollout/                |       |
|    ep_len_mean          | 1805.7 |
|    ep_rew_mean          | 0.019 |
|-------------------------|-------|
| time/                   |       |
|    fps                  | 99.4  |
|    iteration            | 65    |
|    time_elapsed         | 46452 |
|    total_timesteps      | 546000 |
|-------------------------|-------|
| train/                  |       |
|    approx_kl            | 0.006 |
|    clip_fraction        | 0.325 |
|    entropy_loss         | 1.738 |
|    rudder_loss          | 11129310246.788 |
|    learning_rate        | 0.00030 |
|    policy_loss          | -0.000 |
|    value_loss           | 58230333.000 |
---------------------------------
---------------------------------
| rollout/                |       |
|    ep_len_mean          | 1641.4 |
|    ep_rew_mean          | 0.036 |
|-------------------------|-------|
| time/                   |       |
|    fps                  | 94.1  |
|    iteration            | 66    |
|    time_elapsed         | 47186 |
|    total_timesteps      | 554400 |
|-------------------------|-------|
| train/                  |       |
|    approx_kl            | 0.009 |
|    clip_fraction        | 0.175 |
|    entropy_loss         | 1.715 |
|    rudder_loss          | 11628398149.818 |
|    learning_rate        | 0.00030 |
|    policy_loss          | 0.004 |
|    value_loss           | 62395213.973 |
---------------------------------
---------------------------------
| rollout/                |       |
|    ep_len_mean          | 1685.8 |
|    ep_rew_mean          | -0.069 |
|-------------------------|-------|
| time/                   |       |
|    fps                  | 111.5 |
|    iteration            | 67    |
|    time_elapsed         | 47906 |
|    total_timesteps      | 562800 |
|-------------------------|-------|
| train/                  |       |
|    approx_kl            | 0.003 |
|    clip_fraction        | 0.175 |
|    entropy_loss         | 1.702 |
|    rudder_loss          | 12060581597.091 |
|    learning_rate        | 0.00030 |
|    policy_loss          | 0.000 |
|    value_loss           | 86327053.561 |
---------------------------------
---------------------------------
| rollout/                |       |
|    ep_len_mean          | 1816.4 |
|    ep_rew_mean          | -0.082 |
|-------------------------|-------|
| time/                   |       |
|    fps                  | 101.7 |
|    iteration            | 68    |
|    time_elapsed         | 48634 |
|    total_timesteps      | 571200 |
|-------------------------|-------|
| train/                  |       |
|    approx_kl            | 0.002 |
|    clip_fraction        | 0.013 |
|    entropy_loss         | 1.744 |
|    rudder_loss          | 11548746515.394 |
|    learning_rate        | 0.00030 |
|    policy_loss          | 0.001 |
|    value_loss           | 107057318.455 |
---------------------------------
---------------------------------
| rollout/                |       |
|    ep_len_mean          | 1925.3 |
|    ep_rew_mean          | -0.093 |
|-------------------------|-------|
| time/                   |       |
|    fps                  | 117.0 |
|    iteration            | 69    |
|    time_elapsed         | 49352 |
|    total_timesteps      | 579600 |
|-------------------------|-------|
| train/                  |       |
|    approx_kl            | 0.002 |
|    clip_fraction        | 0.075 |
|    entropy_loss         | 1.719 |
|    rudder_loss          | 15061573395.394 |
|    learning_rate        | 0.00030 |
|    policy_loss          | -0.001 |
|    value_loss           | 111209118.553 |
---------------------------------
---------------------------------
| rollout/                |       |
|    ep_len_mean          | 1824.2 |
|    ep_rew_mean          | -0.082 |
|-------------------------|-------|
| time/                   |       |
|    fps                  | 119.7 |
|    iteration            | 70    |
|    time_elapsed         | 50069 |
|    total_timesteps      | 588000 |
|-------------------------|-------|
| train/                  |       |
|    approx_kl            | 0.002 |
|    clip_fraction        | 0.075 |
|    entropy_loss         | 1.733 |
|    rudder_loss          | 12599847082.667 |
|    learning_rate        | 0.00030 |
|    policy_loss          | 0.000 |
|    value_loss           | 90976600.761 |
---------------------------------
---------------------------------
| rollout/                |       |
|    ep_len_mean          | 1723.1 |
|    ep_rew_mean          | -0.072 |
|-------------------------|-------|
| time/                   |       |
|    fps                  | 106.8 |
|    iteration            | 71    |
|    time_elapsed         | 50795 |
|    total_timesteps      | 596400 |
|-------------------------|-------|
| train/                  |       |
|    approx_kl            | 0.003 |
|    clip_fraction        | 0.150 |
|    entropy_loss         | 1.754 |
|    rudder_loss          | 11822504785.455 |
|    learning_rate        | 0.00030 |
|    policy_loss          | 0.001 |
|    value_loss           | 89442647.530 |
---------------------------------
---------------------------------
| rollout/                |       |
|    ep_len_mean          | 1824.2 |
|    ep_rew_mean          | -0.182 |
|-------------------------|-------|
| time/                   |       |
|    fps                  | 115.7 |
|    iteration            | 72    |
|    time_elapsed         | 51515 |
|    total_timesteps      | 604800 |
|-------------------------|-------|
| train/                  |       |
|    approx_kl            | 0.000 |
|    clip_fraction        | 0.000 |
|    entropy_loss         | 1.749 |
|    rudder_loss          | 13741815924.364 |
|    learning_rate        | 0.00030 |
|    policy_loss          | 0.000 |
|    value_loss           | 76671878.233 |
---------------------------------

Training completed!

============================== Final Statistics ==============================
Total episodes: 301
Average episode reward: -0.089
Average episode length: 1782.7
Best mean reward: 0.149
Total timesteps: 604800
Total training time: 52163.0s
Best model saved to: models/VizdoomMyWayHome_ppo_infini_vit_best.pt
