/home/nbrady/.conda/envs/vizdoom/lib/python3.11/site-packages/vizdoom/gymnasium_wrapper/base_gymnasium_env.py:84: UserWarning: Detected screen format CRCGCB. Only RGB24 and GRAY8 are supported in the Gymnasium wrapper. Forcing RGB24.
  warnings.warn(
Using device: cuda
Environment created: VizdoomMyWayHome-v0
Observation space: Dict('gamevariables': Box(-3.4028235e+38, 3.4028235e+38, (1,), float32), 'screen': Box(0, 255, (240, 320, 3), uint8))
Action space: Discrete(6)
Models initialized on device
---------------------------------
| rollout/                |       |
|    ep_len_mean          | 2100.0 |
|    ep_rew_mean          | -0.210 |
|    best_mean_reward     | -inf  |
|-------------------------|-------|
| time/                   |       |
|    fps                  | 209.4 |
|    iteration            | 1     |
|    time_elapsed         | 19    |
|    total_timesteps      | 4096  |
|-------------------------|-------|
| train/                  |       |
|    approx_kl            | 0.026 |
|    clip_fraction        | 0.375 |
|    entropy_loss         | 1.374 |
|    learning_rate        | 0.00030 |
|    policy_loss          | 0.085 |
|    value_loss           | 0.279 |
---------------------------------
---------------------------------
| rollout/                |       |
|    ep_len_mean          | 1434.7 |
|    ep_rew_mean          | -0.143 |
|    best_mean_reward     | -inf  |
|-------------------------|-------|
| time/                   |       |
|    fps                  | 223.9 |
|    iteration            | 2     |
|    time_elapsed         | 145   |
|    total_timesteps      | 8192  |
|-------------------------|-------|
| train/                  |       |
|    approx_kl            | 0.010 |
|    clip_fraction        | 0.109 |
|    entropy_loss         | 1.658 |
|    learning_rate        | 0.00030 |
|    policy_loss          | 0.011 |
|    value_loss           | 0.004 |
---------------------------------
---------------------------------
| rollout/                |       |
|    ep_len_mean          | 1322.4 |
|    ep_rew_mean          | -0.132 |
|    best_mean_reward     | -inf  |
|-------------------------|-------|
| time/                   |       |
|    fps                  | 224.1 |
|    iteration            | 3     |
|    time_elapsed         | 271   |
|    total_timesteps      | 12288 |
|-------------------------|-------|
| train/                  |       |
|    approx_kl            | 0.012 |
|    clip_fraction        | 0.203 |
|    entropy_loss         | 1.622 |
|    learning_rate        | 0.00030 |
|    policy_loss          | 0.008 |
|    value_loss           | 0.002 |
---------------------------------
---------------------------------
| rollout/                |       |
|    ep_len_mean          | 1289.1 |
|    ep_rew_mean          | -0.129 |
|    best_mean_reward     | -inf  |
|-------------------------|-------|
| time/                   |       |
|    fps                  | 223.7 |
|    iteration            | 4     |
|    time_elapsed         | 397   |
|    total_timesteps      | 16384 |
|-------------------------|-------|
| train/                  |       |
|    approx_kl            | 0.015 |
|    clip_fraction        | 0.234 |
|    entropy_loss         | 1.561 |
|    learning_rate        | 0.00030 |
|    policy_loss          | 0.006 |
|    value_loss           | 0.002 |
---------------------------------
---------------------------------
| rollout/                |       |
|    ep_len_mean          | 1282.2 |
|    ep_rew_mean          | -0.128 |
|    best_mean_reward     | -inf  |
|-------------------------|-------|
| time/                   |       |
|    fps                  | 224.6 |
|    iteration            | 5     |
|    time_elapsed         | 523   |
|    total_timesteps      | 20480 |
|-------------------------|-------|
| train/                  |       |
|    approx_kl            | 0.011 |
|    clip_fraction        | 0.172 |
|    entropy_loss         | 1.519 |
|    learning_rate        | 0.00030 |
|    policy_loss          | 0.005 |
|    value_loss           | 0.001 |
---------------------------------
---------------------------------
| rollout/                |       |
|    ep_len_mean          | 1206.0 |
|    ep_rew_mean          | -0.121 |
|    best_mean_reward     | -inf  |
|-------------------------|-------|
| time/                   |       |
|    fps                  | 223.2 |
|    iteration            | 6     |
|    time_elapsed         | 649   |
|    total_timesteps      | 24576 |
|-------------------------|-------|
New best model! Mean reward: -0.121. Saving to models/VizdoomMyWayHome_ppo_cnn_transformer_best.pt
| train/                  |       |
|    approx_kl            | 0.016 |
|    clip_fraction        | 0.219 |
|    entropy_loss         | 1.569 |
|    learning_rate        | 0.00030 |
|    policy_loss          | 0.008 |
|    value_loss           | 0.001 |
---------------------------------
---------------------------------
| rollout/                |       |
|    ep_len_mean          | 1258.0 |
|    ep_rew_mean          | -0.126 |
|    best_mean_reward     | -0.121 |
|-------------------------|-------|
| time/                   |       |
|    fps                  | 224.6 |
|    iteration            | 7     |
|    time_elapsed         | 777   |
|    total_timesteps      | 28672 |
|-------------------------|-------|
| train/                  |       |
|    approx_kl            | 0.022 |
|    clip_fraction        | 0.391 |
|    entropy_loss         | 1.507 |
|    learning_rate        | 0.00030 |
|    policy_loss          | 0.006 |
|    value_loss           | 0.001 |
---------------------------------
---------------------------------
| rollout/                |       |
|    ep_len_mean          | 1310.0 |
|    ep_rew_mean          | -0.131 |
|    best_mean_reward     | -0.121 |
|-------------------------|-------|
| time/                   |       |
|    fps                  | 224.6 |
|    iteration            | 8     |
|    time_elapsed         | 903   |
|    total_timesteps      | 32768 |
|-------------------------|-------|
| train/                  |       |
|    approx_kl            | 0.032 |
|    clip_fraction        | 0.750 |
|    entropy_loss         | 1.396 |
|    learning_rate        | 0.00030 |
|    policy_loss          | 0.006 |
|    value_loss           | 0.001 |
---------------------------------
---------------------------------
| rollout/                |       |
|    ep_len_mean          | 1362.0 |
|    ep_rew_mean          | -0.136 |
|    best_mean_reward     | -0.121 |
|-------------------------|-------|
| time/                   |       |
|    fps                  | 223.9 |
|    iteration            | 9     |
|    time_elapsed         | 1029  |
|    total_timesteps      | 36864 |
|-------------------------|-------|
| train/                  |       |
|    approx_kl            | 0.009 |
|    clip_fraction        | 0.094 |
|    entropy_loss         | 1.571 |
|    learning_rate        | 0.00030 |
|    policy_loss          | 0.002 |
|    value_loss           | 0.000 |
---------------------------------
---------------------------------
| rollout/                |       |
|    ep_len_mean          | 1414.0 |
|    ep_rew_mean          | -0.141 |
|    best_mean_reward     | -0.121 |
|-------------------------|-------|
| time/                   |       |
|    fps                  | 225.3 |
|    iteration            | 10    |
|    time_elapsed         | 1154  |
|    total_timesteps      | 40960 |
|-------------------------|-------|
| train/                  |       |
|    approx_kl            | 0.031 |
|    clip_fraction        | 0.484 |
|    entropy_loss         | 1.606 |
|    learning_rate        | 0.00030 |
|    policy_loss          | 0.004 |
|    value_loss           | 0.000 |
---------------------------------
---------------------------------
| rollout/                |       |
|    ep_len_mean          | 1461.1 |
|    ep_rew_mean          | -0.046 |
|    best_mean_reward     | -0.121 |
|-------------------------|-------|
| time/                   |       |
|    fps                  | 224.7 |
|    iteration            | 11    |
|    time_elapsed         | 1280  |
|    total_timesteps      | 45056 |
|-------------------------|-------|
New best model! Mean reward: -0.046. Saving to models/VizdoomMyWayHome_ppo_cnn_transformer_best.pt
| train/                  |       |
|    approx_kl            | 0.009 |
|    clip_fraction        | 0.094 |
|    entropy_loss         | 1.588 |
|    learning_rate        | 0.00030 |
|    policy_loss          | 0.000 |
|    value_loss           | 0.002 |
---------------------------------
---------------------------------
| rollout/                |       |
|    ep_len_mean          | 1508.2 |
|    ep_rew_mean          | -0.051 |
|    best_mean_reward     | -0.046 |
|-------------------------|-------|
| time/                   |       |
|    fps                  | 223.6 |
|    iteration            | 12    |
|    time_elapsed         | 1408  |
|    total_timesteps      | 49152 |
|-------------------------|-------|
| train/                  |       |
|    approx_kl            | 0.003 |
|    clip_fraction        | 0.000 |
|    entropy_loss         | 1.567 |
|    learning_rate        | 0.00030 |
|    policy_loss          | 0.003 |
|    value_loss           | 0.000 |
---------------------------------
---------------------------------
| rollout/                |       |
|    ep_len_mean          | 1555.3 |
|    ep_rew_mean          | -0.056 |
|    best_mean_reward     | -0.046 |
|-------------------------|-------|
| time/                   |       |
|    fps                  | 225.7 |
|    iteration            | 13    |
|    time_elapsed         | 1534  |
|    total_timesteps      | 53248 |
|-------------------------|-------|
| train/                  |       |
|    approx_kl            | 0.012 |
|    clip_fraction        | 0.078 |
|    entropy_loss         | 1.577 |
|    learning_rate        | 0.00030 |
|    policy_loss          | 0.004 |
|    value_loss           | 0.000 |
---------------------------------
---------------------------------
| rollout/                |       |
|    ep_len_mean          | 1602.4 |
|    ep_rew_mean          | -0.060 |
|    best_mean_reward     | -0.046 |
|-------------------------|-------|
| time/                   |       |
|    fps                  | 225.2 |
|    iteration            | 14    |
|    time_elapsed         | 1661  |
|    total_timesteps      | 57344 |
|-------------------------|-------|
| train/                  |       |
|    approx_kl            | 0.018 |
|    clip_fraction        | 0.438 |
|    entropy_loss         | 1.608 |
|    learning_rate        | 0.00030 |
|    policy_loss          | 0.000 |
|    value_loss           | 0.000 |
---------------------------------
---------------------------------
| rollout/                |       |
|    ep_len_mean          | 1649.5 |
|    ep_rew_mean          | -0.065 |
|    best_mean_reward     | -0.046 |
|-------------------------|-------|
| time/                   |       |
|    fps                  | 225.4 |
|    iteration            | 15    |
|    time_elapsed         | 1786  |
|    total_timesteps      | 61440 |
|-------------------------|-------|
| train/                  |       |
|    approx_kl            | 0.006 |
|    clip_fraction        | 0.078 |
|    entropy_loss         | 1.558 |
|    learning_rate        | 0.00030 |
|    policy_loss          | 0.003 |
|    value_loss           | 0.000 |
---------------------------------
---------------------------------
| rollout/                |       |
|    ep_len_mean          | 1701.5 |
|    ep_rew_mean          | -0.170 |
|    best_mean_reward     | -0.046 |
|-------------------------|-------|
| time/                   |       |
|    fps                  | 225.4 |
|    iteration            | 16    |
|    time_elapsed         | 1911  |
|    total_timesteps      | 65536 |
|-------------------------|-------|
| train/                  |       |
|    approx_kl            | 0.002 |
|    clip_fraction        | 0.000 |
|    entropy_loss         | 1.557 |
|    learning_rate        | 0.00030 |
|    policy_loss          | 0.002 |
|    value_loss           | 0.000 |
---------------------------------
---------------------------------
| rollout/                |       |
|    ep_len_mean          | 1753.5 |
|    ep_rew_mean          | -0.175 |
|    best_mean_reward     | -0.046 |
|-------------------------|-------|
| time/                   |       |
|    fps                  | 225.0 |
|    iteration            | 17    |
|    time_elapsed         | 2037  |
|    total_timesteps      | 69632 |
|-------------------------|-------|
| train/                  |       |
|    approx_kl            | 0.009 |
|    clip_fraction        | 0.125 |
|    entropy_loss         | 1.556 |
|    learning_rate        | 0.00030 |
|    policy_loss          | -0.000 |
|    value_loss           | 0.000 |
---------------------------------
---------------------------------
| rollout/                |       |
|    ep_len_mean          | 1805.5 |
|    ep_rew_mean          | -0.181 |
|    best_mean_reward     | -0.046 |
|-------------------------|-------|
| time/                   |       |
|    fps                  | 225.0 |
|    iteration            | 18    |
|    time_elapsed         | 2162  |
|    total_timesteps      | 73728 |
|-------------------------|-------|
| train/                  |       |
|    approx_kl            | 0.020 |
|    clip_fraction        | 0.359 |
|    entropy_loss         | 1.588 |
|    learning_rate        | 0.00030 |
|    policy_loss          | -0.001 |
|    value_loss           | 0.000 |
---------------------------------
---------------------------------
| rollout/                |       |
|    ep_len_mean          | 1857.5 |
|    ep_rew_mean          | -0.186 |
|    best_mean_reward     | -0.046 |
|-------------------------|-------|
| time/                   |       |
|    fps                  | 225.0 |
|    iteration            | 19    |
|    time_elapsed         | 2288  |
|    total_timesteps      | 77824 |
|-------------------------|-------|
| train/                  |       |
|    approx_kl            | 0.009 |
|    clip_fraction        | 0.016 |
|    entropy_loss         | 1.581 |
|    learning_rate        | 0.00030 |
|    policy_loss          | 0.001 |
|    value_loss           | 0.000 |
---------------------------------
---------------------------------
| rollout/                |       |
|    ep_len_mean          | 1909.5 |
|    ep_rew_mean          | -0.191 |
|    best_mean_reward     | -0.046 |
|-------------------------|-------|
| time/                   |       |
|    fps                  | 224.8 |
|    iteration            | 20    |
|    time_elapsed         | 2414  |
|    total_timesteps      | 81920 |
|-------------------------|-------|
| train/                  |       |
|    approx_kl            | 0.016 |
|    clip_fraction        | 0.281 |
|    entropy_loss         | 1.554 |
|    learning_rate        | 0.00030 |
|    policy_loss          | -0.000 |
|    value_loss           | 0.000 |
---------------------------------
---------------------------------
| rollout/                |       |
|    ep_len_mean          | 1961.5 |
|    ep_rew_mean          | -0.196 |
|    best_mean_reward     | -0.046 |
|-------------------------|-------|
| time/                   |       |
|    fps                  | 225.1 |
|    iteration            | 21    |
|    time_elapsed         | 2539  |
|    total_timesteps      | 86016 |
|-------------------------|-------|
| train/                  |       |
|    approx_kl            | 0.010 |
|    clip_fraction        | 0.047 |
|    entropy_loss         | 1.485 |
|    learning_rate        | 0.00030 |
|    policy_loss          | -0.001 |
|    value_loss           | 0.000 |
---------------------------------
---------------------------------
| rollout/                |       |
|    ep_len_mean          | 1803.5 |
|    ep_rew_mean          | -0.180 |
|    best_mean_reward     | -0.046 |
|-------------------------|-------|
| time/                   |       |
|    fps                  | 224.4 |
|    iteration            | 22    |
|    time_elapsed         | 2665  |
|    total_timesteps      | 90112 |
|-------------------------|-------|
| train/                  |       |
|    approx_kl            | 0.014 |
|    clip_fraction        | 0.219 |
|    entropy_loss         | 1.395 |
|    learning_rate        | 0.00030 |
|    policy_loss          | 0.001 |
|    value_loss           | 0.000 |
---------------------------------
---------------------------------
| rollout/                |       |
|    ep_len_mean          | 1645.5 |
|    ep_rew_mean          | -0.165 |
|    best_mean_reward     | -0.046 |
|-------------------------|-------|
| time/                   |       |
|    fps                  | 225.2 |
|    iteration            | 23    |
|    time_elapsed         | 2791  |
|    total_timesteps      | 94208 |
|-------------------------|-------|
| train/                  |       |
|    approx_kl            | 0.011 |
|    clip_fraction        | 0.109 |
|    entropy_loss         | 1.216 |
|    learning_rate        | 0.00030 |
|    policy_loss          | 0.002 |
|    value_loss           | 0.000 |
---------------------------------
---------------------------------
| rollout/                |       |
|    ep_len_mean          | 1487.5 |
|    ep_rew_mean          | -0.149 |
|    best_mean_reward     | -0.046 |
|-------------------------|-------|
| time/                   |       |
|    fps                  | 224.4 |
|    iteration            | 24    |
|    time_elapsed         | 2916  |
|    total_timesteps      | 98304 |
|-------------------------|-------|
| train/                  |       |
|    approx_kl            | 0.003 |
|    clip_fraction        | 0.047 |
|    entropy_loss         | 1.025 |
|    learning_rate        | 0.00030 |
|    policy_loss          | 0.002 |
|    value_loss           | 0.000 |
---------------------------------
---------------------------------
| rollout/                |       |
|    ep_len_mean          | 1329.5 |
|    ep_rew_mean          | -0.133 |
|    best_mean_reward     | -0.046 |
|-------------------------|-------|
| time/                   |       |
|    fps                  | 224.8 |
|    iteration            | 25    |
|    time_elapsed         | 3042  |
|    total_timesteps      | 102400 |
|-------------------------|-------|
| train/                  |       |
|    approx_kl            | 0.012 |
|    clip_fraction        | 0.172 |
|    entropy_loss         | 0.908 |
|    learning_rate        | 0.00030 |
|    policy_loss          | 0.002 |
|    value_loss           | 0.000 |
---------------------------------
---------------------------------
| rollout/                |       |
|    ep_len_mean          | 1171.5 |
|    ep_rew_mean          | -0.117 |
|    best_mean_reward     | -0.046 |
|-------------------------|-------|
| time/                   |       |
|    fps                  | 225.2 |
|    iteration            | 26    |
|    time_elapsed         | 3168  |
|    total_timesteps      | 106496 |
|-------------------------|-------|
| train/                  |       |
|    approx_kl            | 0.008 |
|    clip_fraction        | 0.109 |
|    entropy_loss         | 0.722 |
|    learning_rate        | 0.00030 |
|    policy_loss          | 0.002 |
|    value_loss           | 0.000 |
---------------------------------
---------------------------------
| rollout/                |       |
|    ep_len_mean          | 1223.5 |
|    ep_rew_mean          | -0.122 |
|    best_mean_reward     | -0.046 |
|-------------------------|-------|
| time/                   |       |
|    fps                  | 224.6 |
|    iteration            | 27    |
|    time_elapsed         | 3293  |
|    total_timesteps      | 110592 |
|-------------------------|-------|
| train/                  |       |
|    approx_kl            | 0.005 |
|    clip_fraction        | 0.078 |
|    entropy_loss         | 0.533 |
|    learning_rate        | 0.00030 |
|    policy_loss          | 0.001 |
|    value_loss           | 0.000 |
---------------------------------
---------------------------------
| rollout/                |       |
|    ep_len_mean          | 1275.5 |
|    ep_rew_mean          | -0.128 |
|    best_mean_reward     | -0.046 |
|-------------------------|-------|
| time/                   |       |
|    fps                  | 225.0 |
|    iteration            | 28    |
|    time_elapsed         | 3419  |
|    total_timesteps      | 114688 |
|-------------------------|-------|
| train/                  |       |
|    approx_kl            | 0.001 |
|    clip_fraction        | 0.016 |
|    entropy_loss         | 0.417 |
|    learning_rate        | 0.00030 |
|    policy_loss          | 0.002 |
|    value_loss           | 0.000 |
---------------------------------
---------------------------------
| rollout/                |       |
|    ep_len_mean          | 1327.5 |
|    ep_rew_mean          | -0.133 |
|    best_mean_reward     | -0.046 |
|-------------------------|-------|
| time/                   |       |
|    fps                  | 224.5 |
|    iteration            | 29    |
|    time_elapsed         | 3545  |
|    total_timesteps      | 118784 |
|-------------------------|-------|
| train/                  |       |
|    approx_kl            | 0.004 |
|    clip_fraction        | 0.062 |
|    entropy_loss         | 0.349 |
|    learning_rate        | 0.00030 |
|    policy_loss          | 0.000 |
|    value_loss           | 0.000 |
---------------------------------
---------------------------------
| rollout/                |       |
|    ep_len_mean          | 1379.5 |
|    ep_rew_mean          | -0.138 |
|    best_mean_reward     | -0.046 |
|-------------------------|-------|
| time/                   |       |
|    fps                  | 222.6 |
|    iteration            | 30    |
|    time_elapsed         | 3671  |
|    total_timesteps      | 122880 |
|-------------------------|-------|
| train/                  |       |
|    approx_kl            | 0.001 |
|    clip_fraction        | 0.016 |
|    entropy_loss         | 0.256 |
|    learning_rate        | 0.00030 |
|    policy_loss          | 0.003 |
|    value_loss           | 0.000 |
---------------------------------
---------------------------------
| rollout/                |       |
|    ep_len_mean          | 1431.5 |
|    ep_rew_mean          | -0.143 |
|    best_mean_reward     | -0.046 |
|-------------------------|-------|
| time/                   |       |
|    fps                  | 223.4 |
|    iteration            | 31    |
|    time_elapsed         | 3798  |
|    total_timesteps      | 126976 |
|-------------------------|-------|
| train/                  |       |
|    approx_kl            | 0.001 |
|    clip_fraction        | 0.016 |
|    entropy_loss         | 0.173 |
|    learning_rate        | 0.00030 |
|    policy_loss          | 0.000 |
|    value_loss           | 0.000 |
---------------------------------
---------------------------------
| rollout/                |       |
|    ep_len_mean          | 1483.5 |
|    ep_rew_mean          | -0.148 |
|    best_mean_reward     | -0.046 |
|-------------------------|-------|
| time/                   |       |
|    fps                  | 223.6 |
|    iteration            | 32    |
|    time_elapsed         | 3924  |
|    total_timesteps      | 131072 |
|-------------------------|-------|
| train/                  |       |
|    approx_kl            | 0.000 |
|    clip_fraction        | 0.000 |
|    entropy_loss         | 0.134 |
|    learning_rate        | 0.00030 |
|    policy_loss          | 0.000 |
|    value_loss           | 0.000 |
---------------------------------
---------------------------------
| rollout/                |       |
|    ep_len_mean          | 1535.5 |
|    ep_rew_mean          | -0.154 |
|    best_mean_reward     | -0.046 |
|-------------------------|-------|
| time/                   |       |
|    fps                  | 223.6 |
|    iteration            | 33    |
|    time_elapsed         | 4050  |
|    total_timesteps      | 135168 |
|-------------------------|-------|
| train/                  |       |
|    approx_kl            | 0.000 |
|    clip_fraction        | 0.000 |
|    entropy_loss         | 0.101 |
|    learning_rate        | 0.00030 |
|    policy_loss          | 0.001 |
|    value_loss           | 0.000 |
---------------------------------
---------------------------------
| rollout/                |       |
|    ep_len_mean          | 1587.5 |
|    ep_rew_mean          | -0.159 |
|    best_mean_reward     | -0.046 |
|-------------------------|-------|
| time/                   |       |
|    fps                  | 223.2 |
|    iteration            | 34    |
|    time_elapsed         | 4177  |
|    total_timesteps      | 139264 |
|-------------------------|-------|
| train/                  |       |
|    approx_kl            | 0.000 |
|    clip_fraction        | 0.000 |
|    entropy_loss         | 0.079 |
|    learning_rate        | 0.00030 |
|    policy_loss          | -0.000 |
|    value_loss           | 0.000 |
---------------------------------
---------------------------------
| rollout/                |       |
|    ep_len_mean          | 1582.5 |
|    ep_rew_mean          | -0.058 |
|    best_mean_reward     | -0.046 |
|-------------------------|-------|
| time/                   |       |
|    fps                  | 223.5 |
|    iteration            | 35    |
|    time_elapsed         | 4303  |
|    total_timesteps      | 143360 |
|-------------------------|-------|
| train/                  |       |
|    approx_kl            | 0.001 |
|    clip_fraction        | 0.016 |
|    entropy_loss         | 0.056 |
|    learning_rate        | 0.00030 |
|    policy_loss          | 0.000 |
|    value_loss           | 0.003 |
---------------------------------
---------------------------------
| rollout/                |       |
|    ep_len_mean          | 1664.2 |
|    ep_rew_mean          | -0.066 |
|    best_mean_reward     | -0.046 |
|-------------------------|-------|
| time/                   |       |
|    fps                  | 222.8 |
|    iteration            | 36    |
|    time_elapsed         | 4429  |
|    total_timesteps      | 147456 |
|-------------------------|-------|
| train/                  |       |
|    approx_kl            | 0.000 |
|    clip_fraction        | 0.000 |
|    entropy_loss         | 0.038 |
|    learning_rate        | 0.00030 |
|    policy_loss          | -0.000 |
|    value_loss           | 0.000 |
---------------------------------
---------------------------------
| rollout/                |       |
|    ep_len_mean          | 1745.9 |
|    ep_rew_mean          | -0.075 |
|    best_mean_reward     | -0.046 |
|-------------------------|-------|
| time/                   |       |
|    fps                  | 225.1 |
|    iteration            | 37    |
|    time_elapsed         | 4555  |
|    total_timesteps      | 151552 |
|-------------------------|-------|
| train/                  |       |
|    approx_kl            | 0.000 |
|    clip_fraction        | 0.000 |
|    entropy_loss         | 0.019 |
|    learning_rate        | 0.00030 |
|    policy_loss          | -0.000 |
|    value_loss           | 0.000 |
---------------------------------
---------------------------------
| rollout/                |       |
|    ep_len_mean          | 1745.9 |
|    ep_rew_mean          | -0.075 |
|    best_mean_reward     | -0.046 |
|-------------------------|-------|
| time/                   |       |
|    fps                  | 222.5 |
|    iteration            | 38    |
|    time_elapsed         | 4682  |
|    total_timesteps      | 155648 |
|-------------------------|-------|
| train/                  |       |
|    approx_kl            | 0.000 |
|    clip_fraction        | 0.000 |
|    entropy_loss         | 0.014 |
|    learning_rate        | 0.00030 |
|    policy_loss          | -0.000 |
|    value_loss           | 0.000 |
---------------------------------
---------------------------------
| rollout/                |       |
|    ep_len_mean          | 1628.0 |
|    ep_rew_mean          | -0.063 |
|    best_mean_reward     | -0.046 |
|-------------------------|-------|
| time/                   |       |
|    fps                  | 220.3 |
|    iteration            | 39    |
|    time_elapsed         | 4809  |
|    total_timesteps      | 159744 |
|-------------------------|-------|
| train/                  |       |
|    approx_kl            | 0.000 |
|    clip_fraction        | 0.000 |
|    entropy_loss         | 0.014 |
|    learning_rate        | 0.00030 |
|    policy_loss          | 0.000 |
|    value_loss           | 0.000 |
---------------------------------
---------------------------------
| rollout/                |       |
|    ep_len_mean          | 1680.0 |
|    ep_rew_mean          | -0.168 |
|    best_mean_reward     | -0.046 |
|-------------------------|-------|
| time/                   |       |
|    fps                  | 220.9 |
|    iteration            | 40    |
|    time_elapsed         | 4936  |
|    total_timesteps      | 163840 |
|-------------------------|-------|
| train/                  |       |
|    approx_kl            | 0.000 |
|    clip_fraction        | 0.000 |
|    entropy_loss         | 0.012 |
|    learning_rate        | 0.00030 |
|    policy_loss          | -0.000 |
|    value_loss           | 0.000 |
---------------------------------
---------------------------------
| rollout/                |       |
|    ep_len_mean          | 1522.0 |
|    ep_rew_mean          | -0.152 |
|    best_mean_reward     | -0.046 |
|-------------------------|-------|
| time/                   |       |
|    fps                  | 222.1 |
|    iteration            | 41    |
|    time_elapsed         | 5063  |
|    total_timesteps      | 167936 |
|-------------------------|-------|
| train/                  |       |
|    approx_kl            | 0.000 |
|    clip_fraction        | 0.000 |
|    entropy_loss         | 0.011 |
|    learning_rate        | 0.00030 |
|    policy_loss          | 0.000 |
|    value_loss           | 0.000 |
---------------------------------
---------------------------------
| rollout/                |       |
|    ep_len_mean          | 1364.0 |
|    ep_rew_mean          | -0.136 |
|    best_mean_reward     | -0.046 |
|-------------------------|-------|
| time/                   |       |
|    fps                  | 221.8 |
|    iteration            | 42    |
|    time_elapsed         | 5190  |
|    total_timesteps      | 172032 |
|-------------------------|-------|
| train/                  |       |
|    approx_kl            | 0.000 |
|    clip_fraction        | 0.000 |
|    entropy_loss         | 0.006 |
|    learning_rate        | 0.00030 |
|    policy_loss          | -0.000 |
|    value_loss           | 0.000 |
---------------------------------
---------------------------------
| rollout/                |       |
|    ep_len_mean          | 1206.0 |
|    ep_rew_mean          | -0.121 |
|    best_mean_reward     | -0.046 |
|-------------------------|-------|
| time/                   |       |
|    fps                  | 222.6 |
|    iteration            | 43    |
|    time_elapsed         | 5316  |
|    total_timesteps      | 176128 |
|-------------------------|-------|
| train/                  |       |
|    approx_kl            | 0.000 |
|    clip_fraction        | 0.000 |
|    entropy_loss         | 0.005 |
|    learning_rate        | 0.00030 |
|    policy_loss          | 0.000 |
|    value_loss           | 0.000 |
---------------------------------
---------------------------------
| rollout/                |       |
|    ep_len_mean          | 1258.0 |
|    ep_rew_mean          | -0.126 |
|    best_mean_reward     | -0.046 |
|-------------------------|-------|
| time/                   |       |
|    fps                  | 223.2 |
|    iteration            | 44    |
|    time_elapsed         | 5443  |
|    total_timesteps      | 180224 |
|-------------------------|-------|
| train/                  |       |
|    approx_kl            | 0.000 |
|    clip_fraction        | 0.000 |
|    entropy_loss         | 0.003 |
|    learning_rate        | 0.00030 |
|    policy_loss          | -0.000 |
|    value_loss           | 0.000 |
---------------------------------
---------------------------------
| rollout/                |       |
|    ep_len_mean          | 1310.0 |
|    ep_rew_mean          | -0.131 |
|    best_mean_reward     | -0.046 |
|-------------------------|-------|
| time/                   |       |
|    fps                  | 223.4 |
|    iteration            | 45    |
|    time_elapsed         | 5570  |
|    total_timesteps      | 184320 |
|-------------------------|-------|
| train/                  |       |
|    approx_kl            | 0.017 |
|    clip_fraction        | 0.156 |
|    entropy_loss         | 0.084 |
|    learning_rate        | 0.00030 |
|    policy_loss          | 0.000 |
|    value_loss           | 0.000 |
---------------------------------
---------------------------------
| rollout/                |       |
|    ep_len_mean          | 1362.0 |
|    ep_rew_mean          | -0.136 |
|    best_mean_reward     | -0.046 |
|-------------------------|-------|
| time/                   |       |
|    fps                  | 225.2 |
|    iteration            | 46    |
|    time_elapsed         | 5696  |
|    total_timesteps      | 188416 |
|-------------------------|-------|
| train/                  |       |
|    approx_kl            | 0.003 |
|    clip_fraction        | 0.062 |
|    entropy_loss         | 0.543 |
|    learning_rate        | 0.00030 |
|    policy_loss          | 0.004 |
|    value_loss           | 0.000 |
---------------------------------
---------------------------------
| rollout/                |       |
|    ep_len_mean          | 1414.0 |
|    ep_rew_mean          | -0.141 |
|    best_mean_reward     | -0.046 |
|-------------------------|-------|
| time/                   |       |
|    fps                  | 223.6 |
|    iteration            | 47    |
|    time_elapsed         | 5822  |
|    total_timesteps      | 192512 |
|-------------------------|-------|
| train/                  |       |
|    approx_kl            | 0.003 |
|    clip_fraction        | 0.047 |
|    entropy_loss         | 0.521 |
|    learning_rate        | 0.00030 |
|    policy_loss          | 0.003 |
|    value_loss           | 0.000 |
---------------------------------
---------------------------------
| rollout/                |       |
|    ep_len_mean          | 1466.0 |
|    ep_rew_mean          | -0.147 |
|    best_mean_reward     | -0.046 |
|-------------------------|-------|
| time/                   |       |
|    fps                  | 224.3 |
|    iteration            | 48    |
|    time_elapsed         | 5949  |
|    total_timesteps      | 196608 |
|-------------------------|-------|
| train/                  |       |
|    approx_kl            | 0.001 |
|    clip_fraction        | 0.000 |
|    entropy_loss         | 0.504 |
|    learning_rate        | 0.00030 |
|    policy_loss          | 0.003 |
|    value_loss           | 0.000 |
---------------------------------
---------------------------------
| rollout/                |       |
|    ep_len_mean          | 1518.0 |
|    ep_rew_mean          | -0.152 |
|    best_mean_reward     | -0.046 |
|-------------------------|-------|
| time/                   |       |
|    fps                  | 223.2 |
|    iteration            | 49    |
|    time_elapsed         | 6075  |
|    total_timesteps      | 200704 |
|-------------------------|-------|
| train/                  |       |
|    approx_kl            | 0.002 |
|    clip_fraction        | 0.031 |
|    entropy_loss         | 0.349 |
|    learning_rate        | 0.00030 |
|    policy_loss          | 0.000 |
|    value_loss           | 0.000 |
---------------------------------
---------------------------------
| rollout/                |       |
|    ep_len_mean          | 1570.0 |
|    ep_rew_mean          | -0.157 |
|    best_mean_reward     | -0.046 |
|-------------------------|-------|
| time/                   |       |
|    fps                  | 223.9 |
|    iteration            | 50    |
|    time_elapsed         | 6201  |
|    total_timesteps      | 204800 |
|-------------------------|-------|
| train/                  |       |
|    approx_kl            | 0.008 |
|    clip_fraction        | 0.078 |
|    entropy_loss         | 0.253 |
|    learning_rate        | 0.00030 |
|    policy_loss          | -0.001 |
|    value_loss           | 0.000 |
---------------------------------
---------------------------------
| rollout/                |       |
|    ep_len_mean          | 1622.0 |
|    ep_rew_mean          | -0.162 |
|    best_mean_reward     | -0.046 |
|-------------------------|-------|
| time/                   |       |
|    fps                  | 225.3 |
|    iteration            | 51    |
|    time_elapsed         | 6327  |
|    total_timesteps      | 208896 |
|-------------------------|-------|
| train/                  |       |
|    approx_kl            | 0.005 |
|    clip_fraction        | 0.062 |
|    entropy_loss         | 0.150 |
|    learning_rate        | 0.00030 |
|    policy_loss          | -0.000 |
|    value_loss           | 0.000 |
---------------------------------
---------------------------------
| rollout/                |       |
|    ep_len_mean          | 1674.0 |
|    ep_rew_mean          | -0.167 |
|    best_mean_reward     | -0.046 |
|-------------------------|-------|
| time/                   |       |
|    fps                  | 224.8 |
|    iteration            | 52    |
|    time_elapsed         | 6454  |
|    total_timesteps      | 212992 |
|-------------------------|-------|
| train/                  |       |
|    approx_kl            | 0.001 |
|    clip_fraction        | 0.016 |
|    entropy_loss         | 0.100 |
|    learning_rate        | 0.00030 |
|    policy_loss          | 0.000 |
|    value_loss           | 0.000 |
---------------------------------
---------------------------------
| rollout/                |       |
|    ep_len_mean          | 1726.0 |
|    ep_rew_mean          | -0.173 |
|    best_mean_reward     | -0.046 |
|-------------------------|-------|
| time/                   |       |
|    fps                  | 222.1 |
|    iteration            | 53    |
|    time_elapsed         | 6580  |
|    total_timesteps      | 217088 |
|-------------------------|-------|
| train/                  |       |
|    approx_kl            | 0.000 |
|    clip_fraction        | 0.000 |
|    entropy_loss         | 0.080 |
|    learning_rate        | 0.00030 |
|    policy_loss          | 0.000 |
|    value_loss           | 0.000 |
---------------------------------
---------------------------------
| rollout/                |       |
|    ep_len_mean          | 1778.0 |
|    ep_rew_mean          | -0.178 |
|    best_mean_reward     | -0.046 |
|-------------------------|-------|
| time/                   |       |
|    fps                  | 222.5 |
|    iteration            | 54    |
|    time_elapsed         | 6706  |
|    total_timesteps      | 221184 |
|-------------------------|-------|
| train/                  |       |
|    approx_kl            | 0.000 |
|    clip_fraction        | 0.000 |
|    entropy_loss         | 0.067 |
|    learning_rate        | 0.00030 |
|    policy_loss          | 0.000 |
|    value_loss           | 0.000 |
---------------------------------
---------------------------------
| rollout/                |       |
|    ep_len_mean          | 1830.0 |
|    ep_rew_mean          | -0.183 |
|    best_mean_reward     | -0.046 |
|-------------------------|-------|
| time/                   |       |
|    fps                  | 223.8 |
|    iteration            | 55    |
|    time_elapsed         | 6833  |
|    total_timesteps      | 225280 |
|-------------------------|-------|
| train/                  |       |
|    approx_kl            | 0.000 |
|    clip_fraction        | 0.000 |
|    entropy_loss         | 0.058 |
|    learning_rate        | 0.00030 |
|    policy_loss          | 0.000 |
|    value_loss           | 0.000 |
---------------------------------
---------------------------------
| rollout/                |       |
|    ep_len_mean          | 1882.0 |
|    ep_rew_mean          | -0.188 |
|    best_mean_reward     | -0.046 |
|-------------------------|-------|
| time/                   |       |
|    fps                  | 223.7 |
|    iteration            | 56    |
|    time_elapsed         | 6959  |
|    total_timesteps      | 229376 |
|-------------------------|-------|
| train/                  |       |
|    approx_kl            | 0.000 |
|    clip_fraction        | 0.000 |
|    entropy_loss         | 0.033 |
|    learning_rate        | 0.00030 |
|    policy_loss          | -0.000 |
|    value_loss           | 0.000 |
---------------------------------
---------------------------------
| rollout/                |       |
|    ep_len_mean          | 1934.0 |
|    ep_rew_mean          | -0.193 |
|    best_mean_reward     | -0.046 |
|-------------------------|-------|
| time/                   |       |
|    fps                  | 222.9 |
|    iteration            | 57    |
|    time_elapsed         | 7085  |
|    total_timesteps      | 233472 |
|-------------------------|-------|
| train/                  |       |
|    approx_kl            | 0.000 |
|    clip_fraction        | 0.000 |
|    entropy_loss         | 0.025 |
|    learning_rate        | 0.00030 |
|    policy_loss          | 0.000 |
|    value_loss           | 0.000 |
---------------------------------
---------------------------------
| rollout/                |       |
|    ep_len_mean          | 1986.0 |
|    ep_rew_mean          | -0.199 |
|    best_mean_reward     | -0.046 |
|-------------------------|-------|
| time/                   |       |
|    fps                  | 223.9 |
|    iteration            | 58    |
|    time_elapsed         | 7212  |
|    total_timesteps      | 237568 |
|-------------------------|-------|
| train/                  |       |
|    approx_kl            | 0.000 |
|    clip_fraction        | 0.000 |
|    entropy_loss         | 0.013 |
|    learning_rate        | 0.00030 |
|    policy_loss          | -0.000 |
|    value_loss           | 0.000 |
---------------------------------
---------------------------------
| rollout/                |       |
|    ep_len_mean          | 1828.0 |
|    ep_rew_mean          | -0.183 |
|    best_mean_reward     | -0.046 |
|-------------------------|-------|
| time/                   |       |
|    fps                  | 223.0 |
|    iteration            | 59    |
|    time_elapsed         | 7338  |
|    total_timesteps      | 241664 |
|-------------------------|-------|
| train/                  |       |
|    approx_kl            | 0.000 |
|    clip_fraction        | 0.000 |
|    entropy_loss         | 0.009 |
|    learning_rate        | 0.00030 |
|    policy_loss          | 0.000 |
|    value_loss           | 0.000 |
---------------------------------
---------------------------------
| rollout/                |       |
|    ep_len_mean          | 1670.0 |
|    ep_rew_mean          | -0.167 |
|    best_mean_reward     | -0.046 |
|-------------------------|-------|
| time/                   |       |
|    fps                  | 223.1 |
|    iteration            | 60    |
|    time_elapsed         | 7464  |
|    total_timesteps      | 245760 |
|-------------------------|-------|
| train/                  |       |
|    approx_kl            | 0.000 |
|    clip_fraction        | 0.000 |
|    entropy_loss         | 0.008 |
|    learning_rate        | 0.00030 |
|    policy_loss          | 0.000 |
|    value_loss           | 0.000 |
---------------------------------
---------------------------------
| rollout/                |       |
|    ep_len_mean          | 1512.0 |
|    ep_rew_mean          | -0.151 |
|    best_mean_reward     | -0.046 |
|-------------------------|-------|
| time/                   |       |
|    fps                  | 222.0 |
|    iteration            | 61    |
|    time_elapsed         | 7591  |
|    total_timesteps      | 249856 |
|-------------------------|-------|
| train/                  |       |
|    approx_kl            | 0.000 |
|    clip_fraction        | 0.000 |
|    entropy_loss         | 0.009 |
|    learning_rate        | 0.00030 |
|    policy_loss          | -0.000 |
|    value_loss           | 0.000 |
---------------------------------
---------------------------------
| rollout/                |       |
|    ep_len_mean          | 1354.0 |
|    ep_rew_mean          | -0.135 |
|    best_mean_reward     | -0.046 |
|-------------------------|-------|
| time/                   |       |
|    fps                  | 223.9 |
|    iteration            | 62    |
|    time_elapsed         | 7717  |
|    total_timesteps      | 253952 |
|-------------------------|-------|
| train/                  |       |
|    approx_kl            | 0.000 |
|    clip_fraction        | 0.000 |
|    entropy_loss         | 0.005 |
|    learning_rate        | 0.00030 |
|    policy_loss          | 0.000 |
|    value_loss           | 0.000 |
---------------------------------
---------------------------------
| rollout/                |       |
|    ep_len_mean          | 1196.0 |
|    ep_rew_mean          | -0.120 |
|    best_mean_reward     | -0.046 |
|-------------------------|-------|
| time/                   |       |
|    fps                  | 221.9 |
|    iteration            | 63    |
|    time_elapsed         | 7844  |
|    total_timesteps      | 258048 |
|-------------------------|-------|
| train/                  |       |
|    approx_kl            | 0.000 |
|    clip_fraction        | 0.000 |
|    entropy_loss         | 0.011 |
|    learning_rate        | 0.00030 |
|    policy_loss          | -0.000 |
|    value_loss           | 0.000 |
---------------------------------
---------------------------------
| rollout/                |       |
|    ep_len_mean          | 1248.0 |
|    ep_rew_mean          | -0.125 |
|    best_mean_reward     | -0.046 |
|-------------------------|-------|
| time/                   |       |
|    fps                  | 223.3 |
|    iteration            | 64    |
|    time_elapsed         | 7970  |
|    total_timesteps      | 262144 |
|-------------------------|-------|
| train/                  |       |
|    approx_kl            | 0.000 |
|    clip_fraction        | 0.000 |
|    entropy_loss         | 0.029 |
|    learning_rate        | 0.00030 |
|    policy_loss          | -0.000 |
|    value_loss           | 0.000 |
---------------------------------
---------------------------------
| rollout/                |       |
|    ep_len_mean          | 1300.0 |
|    ep_rew_mean          | -0.130 |
|    best_mean_reward     | -0.046 |
|-------------------------|-------|
| time/                   |       |
|    fps                  | 223.0 |
|    iteration            | 65    |
|    time_elapsed         | 8096  |
|    total_timesteps      | 266240 |
|-------------------------|-------|
| train/                  |       |
|    approx_kl            | 0.000 |
|    clip_fraction        | 0.000 |
|    entropy_loss         | 0.018 |
|    learning_rate        | 0.00030 |
|    policy_loss          | -0.000 |
|    value_loss           | 0.000 |
---------------------------------
---------------------------------
| rollout/                |       |
|    ep_len_mean          | 1352.0 |
|    ep_rew_mean          | -0.135 |
|    best_mean_reward     | -0.046 |
|-------------------------|-------|
| time/                   |       |
|    fps                  | 224.5 |
|    iteration            | 66    |
|    time_elapsed         | 8222  |
|    total_timesteps      | 270336 |
|-------------------------|-------|
| train/                  |       |
|    approx_kl            | 0.019 |
|    clip_fraction        | 0.188 |
|    entropy_loss         | 0.105 |
|    learning_rate        | 0.00030 |
|    policy_loss          | 0.000 |
|    value_loss           | 0.000 |
---------------------------------
---------------------------------
| rollout/                |       |
|    ep_len_mean          | 1404.0 |
|    ep_rew_mean          | -0.140 |
|    best_mean_reward     | -0.046 |
|-------------------------|-------|
| time/                   |       |
|    fps                  | 224.1 |
|    iteration            | 67    |
|    time_elapsed         | 8349  |
|    total_timesteps      | 274432 |
|-------------------------|-------|
| train/                  |       |
|    approx_kl            | 6.373 |
|    clip_fraction        | 1.000 |
|    entropy_loss         | 0.477 |
|    learning_rate        | 0.00030 |
|    policy_loss          | 0.069 |
|    value_loss           | 0.000 |
---------------------------------
---------------------------------
| rollout/                |       |
|    ep_len_mean          | 1456.0 |
|    ep_rew_mean          | -0.146 |
|    best_mean_reward     | -0.046 |
|-------------------------|-------|
| time/                   |       |
|    fps                  | 224.4 |
|    iteration            | 68    |
|    time_elapsed         | 8475  |
|    total_timesteps      | 278528 |
|-------------------------|-------|
| train/                  |       |
|    approx_kl            | 0.012 |
|    clip_fraction        | 0.156 |
|    entropy_loss         | 0.491 |
|    learning_rate        | 0.00030 |
|    policy_loss          | 0.004 |
|    value_loss           | 0.000 |
---------------------------------
---------------------------------
| rollout/                |       |
|    ep_len_mean          | 1508.0 |
|    ep_rew_mean          | -0.151 |
|    best_mean_reward     | -0.046 |
|-------------------------|-------|
| time/                   |       |
|    fps                  | 221.2 |
|    iteration            | 69    |
|    time_elapsed         | 8601  |
|    total_timesteps      | 282624 |
|-------------------------|-------|
| train/                  |       |
|    approx_kl            | 0.005 |
|    clip_fraction        | 0.094 |
|    entropy_loss         | 0.338 |
|    learning_rate        | 0.00030 |
|    policy_loss          | -0.000 |
|    value_loss           | 0.000 |
---------------------------------
---------------------------------
| rollout/                |       |
|    ep_len_mean          | 1560.0 |
|    ep_rew_mean          | -0.156 |
|    best_mean_reward     | -0.046 |
|-------------------------|-------|
| time/                   |       |
|    fps                  | 224.5 |
|    iteration            | 70    |
|    time_elapsed         | 8727  |
|    total_timesteps      | 286720 |
|-------------------------|-------|
| train/                  |       |
|    approx_kl            | 0.001 |
|    clip_fraction        | 0.031 |
|    entropy_loss         | 0.252 |
|    learning_rate        | 0.00030 |
|    policy_loss          | -0.001 |
|    value_loss           | 0.000 |
---------------------------------
---------------------------------
| rollout/                |       |
|    ep_len_mean          | 1612.0 |
|    ep_rew_mean          | -0.161 |
|    best_mean_reward     | -0.046 |
|-------------------------|-------|
| time/                   |       |
|    fps                  | 224.5 |
|    iteration            | 71    |
|    time_elapsed         | 8854  |
|    total_timesteps      | 290816 |
|-------------------------|-------|
| train/                  |       |
|    approx_kl            | 0.003 |
|    clip_fraction        | 0.047 |
|    entropy_loss         | 0.174 |
|    learning_rate        | 0.00030 |
|    policy_loss          | -0.000 |
|    value_loss           | 0.000 |
---------------------------------
---------------------------------
| rollout/                |       |
|    ep_len_mean          | 1664.0 |
|    ep_rew_mean          | -0.166 |
|    best_mean_reward     | -0.046 |
|-------------------------|-------|
| time/                   |       |
|    fps                  | 224.2 |
|    iteration            | 72    |
|    time_elapsed         | 8980  |
|    total_timesteps      | 294912 |
|-------------------------|-------|
| train/                  |       |
|    approx_kl            | 0.000 |
|    clip_fraction        | 0.000 |
|    entropy_loss         | 0.092 |
|    learning_rate        | 0.00030 |
|    policy_loss          | 0.000 |
|    value_loss           | 0.000 |
---------------------------------
---------------------------------
| rollout/                |       |
|    ep_len_mean          | 1716.0 |
|    ep_rew_mean          | -0.172 |
|    best_mean_reward     | -0.046 |
|-------------------------|-------|
| time/                   |       |
|    fps                  | 224.1 |
|    iteration            | 73    |
|    time_elapsed         | 9106  |
|    total_timesteps      | 299008 |
|-------------------------|-------|
| train/                  |       |
|    approx_kl            | 0.000 |
|    clip_fraction        | 0.000 |
|    entropy_loss         | 0.086 |
|    learning_rate        | 0.00030 |
|    policy_loss          | -0.000 |
|    value_loss           | 0.000 |
---------------------------------
---------------------------------
| rollout/                |       |
|    ep_len_mean          | 1768.0 |
|    ep_rew_mean          | -0.177 |
|    best_mean_reward     | -0.046 |
|-------------------------|-------|
| time/                   |       |
|    fps                  | 222.8 |
|    iteration            | 74    |
|    time_elapsed         | 9232  |
|    total_timesteps      | 303104 |
|-------------------------|-------|
| train/                  |       |
|    approx_kl            | 0.000 |
|    clip_fraction        | 0.000 |
|    entropy_loss         | 0.067 |
|    learning_rate        | 0.00030 |
|    policy_loss          | -0.000 |
|    value_loss           | 0.000 |
---------------------------------
---------------------------------
| rollout/                |       |
|    ep_len_mean          | 1820.0 |
|    ep_rew_mean          | -0.182 |
|    best_mean_reward     | -0.046 |
|-------------------------|-------|
| time/                   |       |
|    fps                  | 224.0 |
|    iteration            | 75    |
|    time_elapsed         | 9359  |
|    total_timesteps      | 307200 |
|-------------------------|-------|
| train/                  |       |
|    approx_kl            | 0.001 |
|    clip_fraction        | 0.031 |
|    entropy_loss         | 0.047 |
|    learning_rate        | 0.00030 |
|    policy_loss          | 0.000 |
|    value_loss           | 0.000 |
---------------------------------
---------------------------------
| rollout/                |       |
|    ep_len_mean          | 1872.0 |
|    ep_rew_mean          | -0.187 |
|    best_mean_reward     | -0.046 |
|-------------------------|-------|
| time/                   |       |
|    fps                  | 224.4 |
|    iteration            | 76    |
|    time_elapsed         | 9485  |
|    total_timesteps      | 311296 |
|-------------------------|-------|
| train/                  |       |
|    approx_kl            | 0.000 |
|    clip_fraction        | 0.000 |
|    entropy_loss         | 0.024 |
|    learning_rate        | 0.00030 |
|    policy_loss          | -0.000 |
|    value_loss           | 0.000 |
---------------------------------
---------------------------------
| rollout/                |       |
|    ep_len_mean          | 1924.0 |
|    ep_rew_mean          | -0.192 |
|    best_mean_reward     | -0.046 |
|-------------------------|-------|
| time/                   |       |
|    fps                  | 223.0 |
|    iteration            | 77    |
|    time_elapsed         | 9611  |
|    total_timesteps      | 315392 |
|-------------------------|-------|
| train/                  |       |
|    approx_kl            | 0.000 |
|    clip_fraction        | 0.000 |
|    entropy_loss         | 0.022 |
|    learning_rate        | 0.00030 |
|    policy_loss          | -0.000 |
|    value_loss           | 0.000 |
---------------------------------
---------------------------------
| rollout/                |       |
|    ep_len_mean          | 1976.0 |
|    ep_rew_mean          | -0.198 |
|    best_mean_reward     | -0.046 |
|-------------------------|-------|
| time/                   |       |
|    fps                  | 223.2 |
|    iteration            | 78    |
|    time_elapsed         | 9738  |
|    total_timesteps      | 319488 |
|-------------------------|-------|
| train/                  |       |
|    approx_kl            | 0.000 |
|    clip_fraction        | 0.000 |
|    entropy_loss         | 0.023 |
|    learning_rate        | 0.00030 |
|    policy_loss          | 0.000 |
|    value_loss           | 0.000 |
---------------------------------
---------------------------------
| rollout/                |       |
|    ep_len_mean          | 1818.0 |
|    ep_rew_mean          | -0.182 |
|    best_mean_reward     | -0.046 |
|-------------------------|-------|
| time/                   |       |
|    fps                  | 222.3 |
|    iteration            | 79    |
|    time_elapsed         | 9865  |
|    total_timesteps      | 323584 |
|-------------------------|-------|
| train/                  |       |
|    approx_kl            | 0.000 |
|    clip_fraction        | 0.000 |
|    entropy_loss         | 0.032 |
|    learning_rate        | 0.00030 |
|    policy_loss          | 0.000 |
|    value_loss           | 0.000 |
---------------------------------
---------------------------------
| rollout/                |       |
|    ep_len_mean          | 1660.0 |
|    ep_rew_mean          | -0.166 |
|    best_mean_reward     | -0.046 |
|-------------------------|-------|
| time/                   |       |
|    fps                  | 223.2 |
|    iteration            | 80    |
|    time_elapsed         | 9992  |
|    total_timesteps      | 327680 |
|-------------------------|-------|
| train/                  |       |
|    approx_kl            | 0.000 |
|    clip_fraction        | 0.000 |
|    entropy_loss         | 0.035 |
|    learning_rate        | 0.00030 |
|    policy_loss          | 0.000 |
|    value_loss           | 0.000 |
---------------------------------
---------------------------------
| rollout/                |       |
|    ep_len_mean          | 1502.0 |
|    ep_rew_mean          | -0.150 |
|    best_mean_reward     | -0.046 |
|-------------------------|-------|
| time/                   |       |
|    fps                  | 223.2 |
|    iteration            | 81    |
|    time_elapsed         | 10118 |
|    total_timesteps      | 331776 |
|-------------------------|-------|
| train/                  |       |
|    approx_kl            | 0.000 |
|    clip_fraction        | 0.000 |
|    entropy_loss         | 0.022 |
|    learning_rate        | 0.00030 |
|    policy_loss          | -0.000 |
|    value_loss           | 0.000 |
---------------------------------
---------------------------------
| rollout/                |       |
|    ep_len_mean          | 1344.0 |
|    ep_rew_mean          | -0.134 |
|    best_mean_reward     | -0.046 |
|-------------------------|-------|
| time/                   |       |
|    fps                  | 223.3 |
|    iteration            | 82    |
|    time_elapsed         | 10245 |
|    total_timesteps      | 335872 |
|-------------------------|-------|
| train/                  |       |
|    approx_kl            | 0.000 |
|    clip_fraction        | 0.000 |
|    entropy_loss         | 0.014 |
|    learning_rate        | 0.00030 |
|    policy_loss          | 0.000 |
|    value_loss           | 0.000 |
---------------------------------
---------------------------------
| rollout/                |       |
|    ep_len_mean          | 1186.0 |
|    ep_rew_mean          | -0.119 |
|    best_mean_reward     | -0.046 |
|-------------------------|-------|
| time/                   |       |
|    fps                  | 223.5 |
|    iteration            | 83    |
|    time_elapsed         | 10372 |
|    total_timesteps      | 339968 |
|-------------------------|-------|
| train/                  |       |
|    approx_kl            | 0.000 |
|    clip_fraction        | 0.000 |
|    entropy_loss         | 0.008 |
|    learning_rate        | 0.00030 |
|    policy_loss          | -0.000 |
|    value_loss           | 0.000 |
---------------------------------
---------------------------------
| rollout/                |       |
|    ep_len_mean          | 1238.0 |
|    ep_rew_mean          | -0.124 |
|    best_mean_reward     | -0.046 |
|-------------------------|-------|
| time/                   |       |
|    fps                  | 222.7 |
|    iteration            | 84    |
|    time_elapsed         | 10498 |
|    total_timesteps      | 344064 |
|-------------------------|-------|
| train/                  |       |
|    approx_kl            | 0.000 |
|    clip_fraction        | 0.000 |
|    entropy_loss         | 0.005 |
|    learning_rate        | 0.00030 |
|    policy_loss          | 0.000 |
|    value_loss           | 0.000 |
---------------------------------
---------------------------------
| rollout/                |       |
|    ep_len_mean          | 1290.0 |
|    ep_rew_mean          | -0.129 |
|    best_mean_reward     | -0.046 |
|-------------------------|-------|
| time/                   |       |
|    fps                  | 224.6 |
|    iteration            | 85    |
|    time_elapsed         | 10625 |
|    total_timesteps      | 348160 |
|-------------------------|-------|
| train/                  |       |
|    approx_kl            | 0.000 |
|    clip_fraction        | 0.000 |
|    entropy_loss         | 0.003 |
|    learning_rate        | 0.00030 |
|    policy_loss          | -0.000 |
|    value_loss           | 0.000 |
---------------------------------
---------------------------------
| rollout/                |       |
|    ep_len_mean          | 1342.0 |
|    ep_rew_mean          | -0.134 |
|    best_mean_reward     | -0.046 |
|-------------------------|-------|
| time/                   |       |
|    fps                  | 224.8 |
|    iteration            | 86    |
|    time_elapsed         | 10751 |
|    total_timesteps      | 352256 |
|-------------------------|-------|
| train/                  |       |
|    approx_kl            | 0.000 |
|    clip_fraction        | 0.000 |
|    entropy_loss         | 0.001 |
|    learning_rate        | 0.00030 |
|    policy_loss          | -0.000 |
|    value_loss           | 0.000 |
---------------------------------
---------------------------------
| rollout/                |       |
|    ep_len_mean          | 1394.0 |
|    ep_rew_mean          | -0.139 |
|    best_mean_reward     | -0.046 |
|-------------------------|-------|
| time/                   |       |
|    fps                  | 224.9 |
|    iteration            | 87    |
|    time_elapsed         | 10877 |
|    total_timesteps      | 356352 |
|-------------------------|-------|
| train/                  |       |
|    approx_kl            | 0.000 |
|    clip_fraction        | 0.000 |
|    entropy_loss         | 0.001 |
|    learning_rate        | 0.00030 |
|    policy_loss          | 0.000 |
|    value_loss           | 0.000 |
---------------------------------
---------------------------------
| rollout/                |       |
|    ep_len_mean          | 1446.0 |
|    ep_rew_mean          | -0.145 |
|    best_mean_reward     | -0.046 |
|-------------------------|-------|
| time/                   |       |
|    fps                  | 224.1 |
|    iteration            | 88    |
|    time_elapsed         | 11004 |
|    total_timesteps      | 360448 |
|-------------------------|-------|
| train/                  |       |
|    approx_kl            | 0.000 |
|    clip_fraction        | 0.000 |
|    entropy_loss         | 0.001 |
|    learning_rate        | 0.00030 |
|    policy_loss          | -0.000 |
|    value_loss           | 0.000 |
---------------------------------
---------------------------------
| rollout/                |       |
|    ep_len_mean          | 1498.0 |
|    ep_rew_mean          | -0.150 |
|    best_mean_reward     | -0.046 |
|-------------------------|-------|
| time/                   |       |
|    fps                  | 223.5 |
|    iteration            | 89    |
|    time_elapsed         | 11130 |
|    total_timesteps      | 364544 |
|-------------------------|-------|
| train/                  |       |
|    approx_kl            | 0.000 |
|    clip_fraction        | 0.000 |
|    entropy_loss         | 0.003 |
|    learning_rate        | 0.00030 |
|    policy_loss          | 0.000 |
|    value_loss           | 0.000 |
---------------------------------
---------------------------------
| rollout/                |       |
|    ep_len_mean          | 1550.0 |
|    ep_rew_mean          | -0.155 |
|    best_mean_reward     | -0.046 |
|-------------------------|-------|
| time/                   |       |
|    fps                  | 223.9 |
|    iteration            | 90    |
|    time_elapsed         | 11256 |
|    total_timesteps      | 368640 |
|-------------------------|-------|
| train/                  |       |
|    approx_kl            | 0.000 |
|    clip_fraction        | 0.000 |
|    entropy_loss         | 0.002 |
|    learning_rate        | 0.00030 |
|    policy_loss          | -0.000 |
|    value_loss           | 0.000 |
---------------------------------
---------------------------------
| rollout/                |       |
|    ep_len_mean          | 1602.0 |
|    ep_rew_mean          | -0.160 |
|    best_mean_reward     | -0.046 |
|-------------------------|-------|
| time/                   |       |
|    fps                  | 224.5 |
|    iteration            | 91    |
|    time_elapsed         | 11382 |
|    total_timesteps      | 372736 |
|-------------------------|-------|
| train/                  |       |
|    approx_kl            | 0.000 |
|    clip_fraction        | 0.000 |
|    entropy_loss         | 0.001 |
|    learning_rate        | 0.00030 |
|    policy_loss          | 0.000 |
|    value_loss           | 0.000 |
---------------------------------
---------------------------------
| rollout/                |       |
|    ep_len_mean          | 1654.0 |
|    ep_rew_mean          | -0.165 |
|    best_mean_reward     | -0.046 |
|-------------------------|-------|
| time/                   |       |
|    fps                  | 224.2 |
|    iteration            | 92    |
|    time_elapsed         | 11509 |
|    total_timesteps      | 376832 |
|-------------------------|-------|
| train/                  |       |
|    approx_kl            | 0.000 |
|    clip_fraction        | 0.000 |
|    entropy_loss         | 0.000 |
|    learning_rate        | 0.00030 |
|    policy_loss          | 0.000 |
|    value_loss           | 0.000 |
---------------------------------
---------------------------------
| rollout/                |       |
|    ep_len_mean          | 1706.0 |
|    ep_rew_mean          | -0.171 |
|    best_mean_reward     | -0.046 |
|-------------------------|-------|
| time/                   |       |
|    fps                  | 223.3 |
|    iteration            | 93    |
|    time_elapsed         | 11636 |
|    total_timesteps      | 380928 |
|-------------------------|-------|
| train/                  |       |
|    approx_kl            | 0.000 |
|    clip_fraction        | 0.000 |
|    entropy_loss         | 0.000 |
|    learning_rate        | 0.00030 |
|    policy_loss          | -0.000 |
|    value_loss           | 0.000 |
---------------------------------
---------------------------------
| rollout/                |       |
|    ep_len_mean          | 1758.0 |
|    ep_rew_mean          | -0.176 |
|    best_mean_reward     | -0.046 |
|-------------------------|-------|
| time/                   |       |
|    fps                  | 222.0 |
|    iteration            | 94    |
|    time_elapsed         | 11762 |
|    total_timesteps      | 385024 |
|-------------------------|-------|
| train/                  |       |
|    approx_kl            | 0.000 |
|    clip_fraction        | 0.000 |
|    entropy_loss         | 0.001 |
|    learning_rate        | 0.00030 |
|    policy_loss          | 0.000 |
|    value_loss           | 0.000 |
---------------------------------
---------------------------------
| rollout/                |       |
|    ep_len_mean          | 1810.0 |
|    ep_rew_mean          | -0.181 |
|    best_mean_reward     | -0.046 |
|-------------------------|-------|
| time/                   |       |
|    fps                  | 224.7 |
|    iteration            | 95    |
|    time_elapsed         | 11889 |
|    total_timesteps      | 389120 |
|-------------------------|-------|
| train/                  |       |
|    approx_kl            | 0.000 |
|    clip_fraction        | 0.000 |
|    entropy_loss         | 0.003 |
|    learning_rate        | 0.00030 |
|    policy_loss          | -0.000 |
|    value_loss           | 0.000 |
---------------------------------
---------------------------------
| rollout/                |       |
|    ep_len_mean          | 1862.0 |
|    ep_rew_mean          | -0.186 |
|    best_mean_reward     | -0.046 |
|-------------------------|-------|
| time/                   |       |
|    fps                  | 223.2 |
|    iteration            | 96    |
|    time_elapsed         | 12016 |
|    total_timesteps      | 393216 |
|-------------------------|-------|
| train/                  |       |
|    approx_kl            | 0.000 |
|    clip_fraction        | 0.000 |
|    entropy_loss         | 0.003 |
|    learning_rate        | 0.00030 |
|    policy_loss          | 0.000 |
|    value_loss           | 0.000 |
---------------------------------
---------------------------------
| rollout/                |       |
|    ep_len_mean          | 1914.0 |
|    ep_rew_mean          | -0.191 |
|    best_mean_reward     | -0.046 |
|-------------------------|-------|
| time/                   |       |
|    fps                  | 223.5 |
|    iteration            | 97    |
|    time_elapsed         | 12142 |
|    total_timesteps      | 397312 |
|-------------------------|-------|
| train/                  |       |
|    approx_kl            | 0.000 |
|    clip_fraction        | 0.000 |
|    entropy_loss         | 0.001 |
|    learning_rate        | 0.00030 |
|    policy_loss          | -0.000 |
|    value_loss           | 0.000 |
---------------------------------
---------------------------------
| rollout/                |       |
|    ep_len_mean          | 1966.0 |
|    ep_rew_mean          | -0.197 |
|    best_mean_reward     | -0.046 |
|-------------------------|-------|
| time/                   |       |
|    fps                  | 223.2 |
|    iteration            | 98    |
|    time_elapsed         | 12269 |
|    total_timesteps      | 401408 |
|-------------------------|-------|
| train/                  |       |
|    approx_kl            | 0.016 |
|    clip_fraction        | 0.172 |
|    entropy_loss         | 0.275 |
|    learning_rate        | 0.00030 |
|    policy_loss          | 0.000 |
|    value_loss           | 0.000 |
---------------------------------
---------------------------------
| rollout/                |       |
|    ep_len_mean          | 1808.0 |
|    ep_rew_mean          | -0.181 |
|    best_mean_reward     | -0.046 |
|-------------------------|-------|
| time/                   |       |
|    fps                  | 222.0 |
|    iteration            | 99    |
|    time_elapsed         | 12396 |
|    total_timesteps      | 405504 |
|-------------------------|-------|
| train/                  |       |
|    approx_kl            | 0.007 |
|    clip_fraction        | 0.062 |
|    entropy_loss         | 0.353 |
|    learning_rate        | 0.00030 |
|    policy_loss          | 0.008 |
|    value_loss           | 0.000 |
---------------------------------
---------------------------------
| rollout/                |       |
|    ep_len_mean          | 1650.0 |
|    ep_rew_mean          | -0.165 |
|    best_mean_reward     | -0.046 |
|-------------------------|-------|
| time/                   |       |
|    fps                  | 223.2 |
|    iteration            | 100   |
|    time_elapsed         | 12523 |
|    total_timesteps      | 409600 |
|-------------------------|-------|
| train/                  |       |
|    approx_kl            | 0.002 |
|    clip_fraction        | 0.016 |
|    entropy_loss         | 0.278 |
|    learning_rate        | 0.00030 |
|    policy_loss          | 0.005 |
|    value_loss           | 0.000 |
---------------------------------
---------------------------------
| rollout/                |       |
|    ep_len_mean          | 1492.0 |
|    ep_rew_mean          | -0.149 |
|    best_mean_reward     | -0.046 |
|-------------------------|-------|
| time/                   |       |
|    fps                  | 224.0 |
|    iteration            | 101   |
|    time_elapsed         | 12649 |
|    total_timesteps      | 413696 |
|-------------------------|-------|
| train/                  |       |
|    approx_kl            | 0.022 |
|    clip_fraction        | 0.062 |
|    entropy_loss         | 0.188 |
|    learning_rate        | 0.00030 |
|    policy_loss          | -0.000 |
|    value_loss           | 0.000 |
---------------------------------
---------------------------------
| rollout/                |       |
|    ep_len_mean          | 1334.0 |
|    ep_rew_mean          | -0.133 |
|    best_mean_reward     | -0.046 |
|-------------------------|-------|
| time/                   |       |
|    fps                  | 224.2 |
|    iteration            | 102   |
|    time_elapsed         | 12775 |
|    total_timesteps      | 417792 |
|-------------------------|-------|
| train/                  |       |
|    approx_kl            | 0.000 |
|    clip_fraction        | 0.000 |
|    entropy_loss         | 0.113 |
|    learning_rate        | 0.00030 |
|    policy_loss          | 0.001 |
|    value_loss           | 0.000 |
---------------------------------
---------------------------------
| rollout/                |       |
|    ep_len_mean          | 1176.0 |
|    ep_rew_mean          | -0.118 |
|    best_mean_reward     | -0.046 |
|-------------------------|-------|
| time/                   |       |
|    fps                  | 224.2 |
|    iteration            | 103   |
|    time_elapsed         | 12902 |
|    total_timesteps      | 421888 |
|-------------------------|-------|
| train/                  |       |
|    approx_kl            | 0.014 |
|    clip_fraction        | 0.047 |
|    entropy_loss         | 0.063 |
|    learning_rate        | 0.00030 |
|    policy_loss          | 0.001 |
|    value_loss           | 0.000 |
---------------------------------
---------------------------------
| rollout/                |       |
|    ep_len_mean          | 1228.0 |
|    ep_rew_mean          | -0.123 |
|    best_mean_reward     | -0.046 |
|-------------------------|-------|
| time/                   |       |
|    fps                  | 222.5 |
|    iteration            | 104   |
|    time_elapsed         | 13028 |
|    total_timesteps      | 425984 |
|-------------------------|-------|
| train/                  |       |
|    approx_kl            | 0.003 |
|    clip_fraction        | 0.016 |
|    entropy_loss         | 0.033 |
|    learning_rate        | 0.00030 |
|    policy_loss          | -0.000 |
|    value_loss           | 0.000 |
---------------------------------
---------------------------------
| rollout/                |       |
|    ep_len_mean          | 1280.0 |
|    ep_rew_mean          | -0.128 |
|    best_mean_reward     | -0.046 |
|-------------------------|-------|
| time/                   |       |
|    fps                  | 224.5 |
|    iteration            | 105   |
|    time_elapsed         | 13154 |
|    total_timesteps      | 430080 |
|-------------------------|-------|
| train/                  |       |
|    approx_kl            | 0.000 |
|    clip_fraction        | 0.000 |
|    entropy_loss         | 0.039 |
|    learning_rate        | 0.00030 |
|    policy_loss          | 0.000 |
|    value_loss           | 0.000 |
---------------------------------
---------------------------------
| rollout/                |       |
|    ep_len_mean          | 1332.0 |
|    ep_rew_mean          | -0.133 |
|    best_mean_reward     | -0.046 |
|-------------------------|-------|
| time/                   |       |
|    fps                  | 222.7 |
|    iteration            | 106   |
|    time_elapsed         | 13281 |
|    total_timesteps      | 434176 |
|-------------------------|-------|
| train/                  |       |
|    approx_kl            | 0.000 |
|    clip_fraction        | 0.000 |
|    entropy_loss         | 0.032 |
|    learning_rate        | 0.00030 |
|    policy_loss          | 0.000 |
|    value_loss           | 0.000 |
---------------------------------
---------------------------------
| rollout/                |       |
|    ep_len_mean          | 1384.0 |
|    ep_rew_mean          | -0.138 |
|    best_mean_reward     | -0.046 |
|-------------------------|-------|
| time/                   |       |
|    fps                  | 224.5 |
|    iteration            | 107   |
|    time_elapsed         | 13407 |
|    total_timesteps      | 438272 |
|-------------------------|-------|
| train/                  |       |
|    approx_kl            | 0.008 |
|    clip_fraction        | 0.047 |
|    entropy_loss         | 0.031 |
|    learning_rate        | 0.00030 |
|    policy_loss          | 0.000 |
|    value_loss           | 0.000 |
---------------------------------
---------------------------------
| rollout/                |       |
|    ep_len_mean          | 1436.0 |
|    ep_rew_mean          | -0.144 |
|    best_mean_reward     | -0.046 |
|-------------------------|-------|
| time/                   |       |
|    fps                  | 223.9 |
|    iteration            | 108   |
|    time_elapsed         | 13533 |
|    total_timesteps      | 442368 |
|-------------------------|-------|
| train/                  |       |
|    approx_kl            | 0.000 |
|    clip_fraction        | 0.000 |
|    entropy_loss         | 0.018 |
|    learning_rate        | 0.00030 |
|    policy_loss          | 0.000 |
|    value_loss           | 0.000 |
---------------------------------
---------------------------------
| rollout/                |       |
|    ep_len_mean          | 1488.0 |
|    ep_rew_mean          | -0.149 |
|    best_mean_reward     | -0.046 |
|-------------------------|-------|
| time/                   |       |
|    fps                  | 223.9 |
|    iteration            | 109   |
|    time_elapsed         | 13660 |
|    total_timesteps      | 446464 |
|-------------------------|-------|
| train/                  |       |
|    approx_kl            | 0.000 |
|    clip_fraction        | 0.000 |
|    entropy_loss         | 0.010 |
|    learning_rate        | 0.00030 |
|    policy_loss          | -0.000 |
|    value_loss           | 0.000 |
---------------------------------
---------------------------------
| rollout/                |       |
|    ep_len_mean          | 1540.0 |
|    ep_rew_mean          | -0.154 |
|    best_mean_reward     | -0.046 |
|-------------------------|-------|
| time/                   |       |
|    fps                  | 225.0 |
|    iteration            | 110   |
|    time_elapsed         | 13786 |
|    total_timesteps      | 450560 |
|-------------------------|-------|
| train/                  |       |
|    approx_kl            | 0.000 |
|    clip_fraction        | 0.000 |
|    entropy_loss         | 0.006 |
|    learning_rate        | 0.00030 |
|    policy_loss          | 0.000 |
|    value_loss           | 0.000 |
---------------------------------
---------------------------------
| rollout/                |       |
|    ep_len_mean          | 1592.0 |
|    ep_rew_mean          | -0.159 |
|    best_mean_reward     | -0.046 |
|-------------------------|-------|
| time/                   |       |
|    fps                  | 224.9 |
|    iteration            | 111   |
|    time_elapsed         | 13912 |
|    total_timesteps      | 454656 |
|-------------------------|-------|
| train/                  |       |
|    approx_kl            | 0.000 |
|    clip_fraction        | 0.000 |
|    entropy_loss         | 0.006 |
|    learning_rate        | 0.00030 |
|    policy_loss          | 0.000 |
|    value_loss           | 0.000 |
---------------------------------
---------------------------------
| rollout/                |       |
|    ep_len_mean          | 1644.0 |
|    ep_rew_mean          | -0.164 |
|    best_mean_reward     | -0.046 |
|-------------------------|-------|
| time/                   |       |
|    fps                  | 224.7 |
|    iteration            | 112   |
|    time_elapsed         | 14038 |
|    total_timesteps      | 458752 |
|-------------------------|-------|
| train/                  |       |
|    approx_kl            | 0.000 |
|    clip_fraction        | 0.000 |
|    entropy_loss         | 0.003 |
|    learning_rate        | 0.00030 |
|    policy_loss          | -0.000 |
|    value_loss           | 0.000 |
---------------------------------
---------------------------------
| rollout/                |       |
|    ep_len_mean          | 1696.0 |
|    ep_rew_mean          | -0.170 |
|    best_mean_reward     | -0.046 |
|-------------------------|-------|
| time/                   |       |
|    fps                  | 225.0 |
|    iteration            | 113   |
|    time_elapsed         | 14164 |
|    total_timesteps      | 462848 |
|-------------------------|-------|
| train/                  |       |
|    approx_kl            | 0.003 |
|    clip_fraction        | 0.000 |
|    entropy_loss         | 0.047 |
|    learning_rate        | 0.00030 |
|    policy_loss          | 0.000 |
|    value_loss           | 0.000 |
---------------------------------
---------------------------------
| rollout/                |       |
|    ep_len_mean          | 1748.0 |
|    ep_rew_mean          | -0.175 |
|    best_mean_reward     | -0.046 |
|-------------------------|-------|
| time/                   |       |
|    fps                  | 223.2 |
|    iteration            | 114   |
|    time_elapsed         | 14290 |
|    total_timesteps      | 466944 |
|-------------------------|-------|
| train/                  |       |
|    approx_kl            | 0.015 |
|    clip_fraction        | 0.047 |
|    entropy_loss         | 0.155 |
|    learning_rate        | 0.00030 |
|    policy_loss          | 0.002 |
|    value_loss           | 0.000 |
---------------------------------
---------------------------------
| rollout/                |       |
|    ep_len_mean          | 1800.0 |
|    ep_rew_mean          | -0.180 |
|    best_mean_reward     | -0.046 |
|-------------------------|-------|
| time/                   |       |
|    fps                  | 224.5 |
|    iteration            | 115   |
|    time_elapsed         | 14416 |
|    total_timesteps      | 471040 |
|-------------------------|-------|
| train/                  |       |
|    approx_kl            | 0.004 |
|    clip_fraction        | 0.031 |
|    entropy_loss         | 0.079 |
|    learning_rate        | 0.00030 |
|    policy_loss          | -0.000 |
|    value_loss           | 0.000 |
---------------------------------
---------------------------------
| rollout/                |       |
|    ep_len_mean          | 1852.0 |
|    ep_rew_mean          | -0.185 |
|    best_mean_reward     | -0.046 |
|-------------------------|-------|
| time/                   |       |
|    fps                  | 223.2 |
|    iteration            | 116   |
|    time_elapsed         | 14542 |
|    total_timesteps      | 475136 |
|-------------------------|-------|
| train/                  |       |
|    approx_kl            | 0.002 |
|    clip_fraction        | 0.016 |
|    entropy_loss         | 0.054 |
|    learning_rate        | 0.00030 |
|    policy_loss          | -0.000 |
|    value_loss           | 0.000 |
---------------------------------
---------------------------------
| rollout/                |       |
|    ep_len_mean          | 1904.0 |
|    ep_rew_mean          | -0.190 |
|    best_mean_reward     | -0.046 |
|-------------------------|-------|
| time/                   |       |
|    fps                  | 224.8 |
|    iteration            | 117   |
|    time_elapsed         | 14668 |
|    total_timesteps      | 479232 |
|-------------------------|-------|
| train/                  |       |
|    approx_kl            | 0.001 |
|    clip_fraction        | 0.031 |
|    entropy_loss         | 0.036 |
|    learning_rate        | 0.00030 |
|    policy_loss          | -0.000 |
|    value_loss           | 0.000 |
---------------------------------
---------------------------------
| rollout/                |       |
|    ep_len_mean          | 1956.0 |
|    ep_rew_mean          | -0.196 |
|    best_mean_reward     | -0.046 |
|-------------------------|-------|
| time/                   |       |
|    fps                  | 224.6 |
|    iteration            | 118   |
|    time_elapsed         | 14794 |
|    total_timesteps      | 483328 |
|-------------------------|-------|
| train/                  |       |
|    approx_kl            | 0.002 |
|    clip_fraction        | 0.016 |
|    entropy_loss         | 0.039 |
|    learning_rate        | 0.00030 |
|    policy_loss          | 0.000 |
|    value_loss           | 0.000 |
---------------------------------
---------------------------------
| rollout/                |       |
|    ep_len_mean          | 1798.0 |
|    ep_rew_mean          | -0.180 |
|    best_mean_reward     | -0.046 |
|-------------------------|-------|
| time/                   |       |
|    fps                  | 223.8 |
|    iteration            | 119   |
|    time_elapsed         | 14920 |
|    total_timesteps      | 487424 |
|-------------------------|-------|
| train/                  |       |
|    approx_kl            | 0.000 |
|    clip_fraction        | 0.000 |
|    entropy_loss         | 0.018 |
|    learning_rate        | 0.00030 |
|    policy_loss          | 0.000 |
|    value_loss           | 0.000 |
---------------------------------
---------------------------------
| rollout/                |       |
|    ep_len_mean          | 1640.0 |
|    ep_rew_mean          | -0.164 |
|    best_mean_reward     | -0.046 |
|-------------------------|-------|
| time/                   |       |
|    fps                  | 224.6 |
|    iteration            | 120   |
|    time_elapsed         | 15046 |
|    total_timesteps      | 491520 |
|-------------------------|-------|
| train/                  |       |
|    approx_kl            | 0.000 |
|    clip_fraction        | 0.000 |
|    entropy_loss         | 0.015 |
|    learning_rate        | 0.00030 |
|    policy_loss          | -0.000 |
|    value_loss           | 0.000 |
---------------------------------
---------------------------------
| rollout/                |       |
|    ep_len_mean          | 1482.0 |
|    ep_rew_mean          | -0.148 |
|    best_mean_reward     | -0.046 |
|-------------------------|-------|
| time/                   |       |
|    fps                  | 224.9 |
|    iteration            | 121   |
|    time_elapsed         | 15172 |
|    total_timesteps      | 495616 |
|-------------------------|-------|
| train/                  |       |
|    approx_kl            | 0.000 |
|    clip_fraction        | 0.000 |
|    entropy_loss         | 0.011 |
|    learning_rate        | 0.00030 |
|    policy_loss          | -0.000 |
|    value_loss           | 0.000 |
---------------------------------
---------------------------------
| rollout/                |       |
|    ep_len_mean          | 1324.0 |
|    ep_rew_mean          | -0.132 |
|    best_mean_reward     | -0.046 |
|-------------------------|-------|
| time/                   |       |
|    fps                  | 225.3 |
|    iteration            | 122   |
|    time_elapsed         | 15298 |
|    total_timesteps      | 499712 |
|-------------------------|-------|
| train/                  |       |
|    approx_kl            | 0.000 |
|    clip_fraction        | 0.000 |
|    entropy_loss         | 0.009 |
|    learning_rate        | 0.00030 |
|    policy_loss          | 0.000 |
|    value_loss           | 0.000 |
---------------------------------
---------------------------------
| rollout/                |       |
|    ep_len_mean          | 1166.0 |
|    ep_rew_mean          | -0.117 |
|    best_mean_reward     | -0.046 |
|-------------------------|-------|
| time/                   |       |
|    fps                  | 224.5 |
|    iteration            | 123   |
|    time_elapsed         | 15424 |
|    total_timesteps      | 503808 |
|-------------------------|-------|
| train/                  |       |
|    approx_kl            | 0.000 |
|    clip_fraction        | 0.000 |
|    entropy_loss         | 0.012 |
|    learning_rate        | 0.00030 |
|    policy_loss          | 0.000 |
|    value_loss           | 0.000 |
---------------------------------

Training completed!

============================== Final Statistics ==============================
Total episodes: 240
Average episode reward: -0.146
Average episode length: 1539.4
Best mean reward: -0.046
Total timesteps: 503808
Total training time: 15532.1s
Best model saved to: models/VizdoomMyWayHome_ppo_cnn_transformer_best.pt
