/home/nbrady/.conda/envs/vizdoom/lib/python3.11/site-packages/vizdoom/gymnasium_wrapper/base_gymnasium_env.py:84: UserWarning: Detected screen format CRCGCB. Only RGB24 and GRAY8 are supported in the Gymnasium wrapper. Forcing RGB24.
  warnings.warn(
Using device: cuda
Environment created: VizdoomMyWayHome-v0
Observation space: Dict('gamevariables': Box(-3.4028235e+38, 3.4028235e+38, (1,), float32), 'screen': Box(0, 255, (240, 320, 3), uint8))
Action space: Discrete(6)
Using grid of 6x6 patches = 36 total patches
InfiniViT model initialized on: cuda
Models initialized on device
---------------------------------
| rollout/                |       |
|    ep_len_mean          | 2100.0 |
|    ep_rew_mean          | -0.210 |
|-------------------------|-------|
| time/                   |       |
|    fps                  | 110.2 |
|    iteration            | 1     |
|    time_elapsed         | 76    |
|    total_timesteps      | 8400  |
|-------------------------|-------|
| train/                  |       |
|    approx_kl            | 0.022 |
|    clip_fraction        | 0.000 |
|    entropy_loss         | 1.783 |
|    learning_rate        | 0.00030 |
|    policy_loss          | -0.002 |
|    value_loss           | 0.003 |
---------------------------------
---------------------------------
| rollout/                |       |
|    ep_len_mean          | 2100.0 |
|    ep_rew_mean          | -0.210 |
|-------------------------|-------|
| time/                   |       |
|    fps                  | 110.7 |
|    iteration            | 2     |
|    time_elapsed         | 1448  |
|    total_timesteps      | 16800 |
|-------------------------|-------|
| train/                  |       |
|    approx_kl            | 0.031 |
|    clip_fraction        | 0.250 |
|    entropy_loss         | 1.761 |
|    learning_rate        | 0.00030 |
|    policy_loss          | -0.003 |
|    value_loss           | 0.000 |
---------------------------------
---------------------------------
| rollout/                |       |
|    ep_len_mean          | 2100.0 |
|    ep_rew_mean          | -0.210 |
|-------------------------|-------|
| time/                   |       |
|    fps                  | 109.8 |
|    iteration            | 3     |
|    time_elapsed         | 2805  |
|    total_timesteps      | 25200 |
|-------------------------|-------|
New best model! Mean reward: -0.210. Saving to models/VizdoomMyWayHome_ppo_infini_vit_best.pt
| train/                  |       |
|    approx_kl            | 0.023 |
|    clip_fraction        | 0.000 |
|    entropy_loss         | 1.745 |
|    learning_rate        | 0.00030 |
|    policy_loss          | -0.001 |
|    value_loss           | 0.000 |
---------------------------------
---------------------------------
| rollout/                |       |
|    ep_len_mean          | 2100.0 |
|    ep_rew_mean          | -0.210 |
|-------------------------|-------|
| time/                   |       |
|    fps                  | 122.2 |
|    iteration            | 4     |
|    time_elapsed         | 4156  |
|    total_timesteps      | 33600 |
|-------------------------|-------|
| train/                  |       |
|    approx_kl            | 0.013 |
|    clip_fraction        | 0.000 |
|    entropy_loss         | 1.734 |
|    learning_rate        | 0.00030 |
|    policy_loss          | -0.000 |
|    value_loss           | 0.000 |
---------------------------------
---------------------------------
| rollout/                |       |
|    ep_len_mean          | 2100.0 |
|    ep_rew_mean          | -0.210 |
|-------------------------|-------|
| time/                   |       |
|    fps                  | 117.3 |
|    iteration            | 5     |
|    time_elapsed         | 5508  |
|    total_timesteps      | 42000 |
|-------------------------|-------|
| train/                  |       |
|    approx_kl            | 0.010 |
|    clip_fraction        | 0.125 |
|    entropy_loss         | 1.720 |
|    learning_rate        | 0.00030 |
|    policy_loss          | 0.002 |
|    value_loss           | 0.001 |
---------------------------------
---------------------------------
| rollout/                |       |
|    ep_len_mean          | 2100.0 |
|    ep_rew_mean          | -0.210 |
|-------------------------|-------|
| time/                   |       |
|    fps                  | 120.3 |
|    iteration            | 6     |
|    time_elapsed         | 6857  |
|    total_timesteps      | 50400 |
|-------------------------|-------|
| train/                  |       |
|    approx_kl            | 0.021 |
|    clip_fraction        | 0.000 |
|    entropy_loss         | 1.781 |
|    learning_rate        | 0.00030 |
|    policy_loss          | -0.001 |
|    value_loss           | 0.000 |
---------------------------------
---------------------------------
| rollout/                |       |
|    ep_len_mean          | 2100.0 |
|    ep_rew_mean          | -0.210 |
|-------------------------|-------|
| time/                   |       |
|    fps                  | 119.5 |
|    iteration            | 7     |
|    time_elapsed         | 8207  |
|    total_timesteps      | 58800 |
|-------------------------|-------|
| train/                  |       |
|    approx_kl            | 0.017 |
|    clip_fraction        | 0.125 |
|    entropy_loss         | 1.755 |
|    learning_rate        | 0.00030 |
|    policy_loss          | 0.000 |
|    value_loss           | 0.000 |
---------------------------------
---------------------------------
| rollout/                |       |
|    ep_len_mean          | 1897.6 |
|    ep_rew_mean          | -0.090 |
|-------------------------|-------|
| time/                   |       |
|    fps                  | 122.1 |
|    iteration            | 8     |
|    time_elapsed         | 9556  |
|    total_timesteps      | 67200 |
|-------------------------|-------|
New best model! Mean reward: -0.090. Saving to models/VizdoomMyWayHome_ppo_infini_vit_best.pt
| train/                  |       |
|    approx_kl            | 0.008 |
|    clip_fraction        | 0.000 |
|    entropy_loss         | 1.779 |
|    learning_rate        | 0.00030 |
|    policy_loss          | 0.000 |
|    value_loss           | 0.001 |
---------------------------------
---------------------------------
| rollout/                |       |
|    ep_len_mean          | 1695.2 |
|    ep_rew_mean          | -0.070 |
|-------------------------|-------|
| time/                   |       |
|    fps                  | 120.9 |
|    iteration            | 9     |
|    time_elapsed         | 10906 |
|    total_timesteps      | 75600 |
|-------------------------|-------|
New best model! Mean reward: -0.070. Saving to models/VizdoomMyWayHome_ppo_infini_vit_best.pt
| train/                  |       |
|    approx_kl            | 0.025 |
|    clip_fraction        | 0.000 |
|    entropy_loss         | 1.772 |
|    learning_rate        | 0.00030 |
|    policy_loss          | -0.000 |
|    value_loss           | 0.000 |
---------------------------------
---------------------------------
| rollout/                |       |
|    ep_len_mean          | 1494.3 |
|    ep_rew_mean          | -0.049 |
|-------------------------|-------|
| time/                   |       |
|    fps                  | 122.2 |
|    iteration            | 10    |
|    time_elapsed         | 12258 |
|    total_timesteps      | 84000 |
|-------------------------|-------|
New best model! Mean reward: -0.049. Saving to models/VizdoomMyWayHome_ppo_infini_vit_best.pt
| train/                  |       |
|    approx_kl            | 0.010 |
|    clip_fraction        | 0.000 |
|    entropy_loss         | 1.760 |
|    learning_rate        | 0.00030 |
|    policy_loss          | -0.000 |
|    value_loss           | 0.001 |
---------------------------------
---------------------------------
| rollout/                |       |
|    ep_len_mean          | 1503.4 |
|    ep_rew_mean          | -0.050 |
|-------------------------|-------|
| time/                   |       |
|    fps                  | 122.4 |
|    iteration            | 11    |
|    time_elapsed         | 13609 |
|    total_timesteps      | 92400 |
|-------------------------|-------|
| train/                  |       |
|    approx_kl            | 0.005 |
|    clip_fraction        | 0.000 |
|    entropy_loss         | 1.769 |
|    learning_rate        | 0.00030 |
|    policy_loss          | 0.001 |
|    value_loss           | 0.000 |
---------------------------------
---------------------------------
| rollout/                |       |
|    ep_len_mean          | 1713.4 |
|    ep_rew_mean          | -0.171 |
|-------------------------|-------|
| time/                   |       |
|    fps                  | 123.1 |
|    iteration            | 12    |
|    time_elapsed         | 14958 |
|    total_timesteps      | 100800 |
|-------------------------|-------|
| train/                  |       |
|    approx_kl            | 0.002 |
|    clip_fraction        | 0.000 |
|    entropy_loss         | 1.784 |
|    learning_rate        | 0.00030 |
|    policy_loss          | 0.000 |
|    value_loss           | 0.000 |
---------------------------------
---------------------------------
| rollout/                |       |
|    ep_len_mean          | 1713.4 |
|    ep_rew_mean          | -0.171 |
|-------------------------|-------|
| time/                   |       |
|    fps                  | 122.7 |
|    iteration            | 13    |
|    time_elapsed         | 16307 |
|    total_timesteps      | 109200 |
|-------------------------|-------|
| train/                  |       |
|    approx_kl            | 0.003 |
|    clip_fraction        | 0.000 |
|    entropy_loss         | 1.786 |
|    learning_rate        | 0.00030 |
|    policy_loss          | -0.000 |
|    value_loss           | 0.000 |
---------------------------------
---------------------------------
| rollout/                |       |
|    ep_len_mean          | 1713.4 |
|    ep_rew_mean          | -0.171 |
|-------------------------|-------|
| time/                   |       |
|    fps                  | 123.4 |
|    iteration            | 14    |
|    time_elapsed         | 17656 |
|    total_timesteps      | 117600 |
|-------------------------|-------|
| train/                  |       |
|    approx_kl            | 0.004 |
|    clip_fraction        | 0.000 |
|    entropy_loss         | 1.781 |
|    learning_rate        | 0.00030 |
|    policy_loss          | 0.001 |
|    value_loss           | 0.000 |
---------------------------------
---------------------------------
| rollout/                |       |
|    ep_len_mean          | 1713.4 |
|    ep_rew_mean          | -0.171 |
|-------------------------|-------|
| time/                   |       |
|    fps                  | 123.1 |
|    iteration            | 15    |
|    time_elapsed         | 19005 |
|    total_timesteps      | 126000 |
|-------------------------|-------|
| train/                  |       |
|    approx_kl            | 0.026 |
|    clip_fraction        | 0.000 |
|    entropy_loss         | 1.781 |
|    learning_rate        | 0.00030 |
|    policy_loss          | -0.000 |
|    value_loss           | 0.000 |
---------------------------------
---------------------------------
| rollout/                |       |
|    ep_len_mean          | 1713.4 |
|    ep_rew_mean          | -0.171 |
|-------------------------|-------|
| time/                   |       |
|    fps                  | 123.1 |
|    iteration            | 16    |
|    time_elapsed         | 20354 |
|    total_timesteps      | 134400 |
|-------------------------|-------|
| train/                  |       |
|    approx_kl            | 0.009 |
|    clip_fraction        | 0.000 |
|    entropy_loss         | 1.762 |
|    learning_rate        | 0.00030 |
|    policy_loss          | 0.001 |
|    value_loss           | 0.000 |
---------------------------------
---------------------------------
| rollout/                |       |
|    ep_len_mean          | 1713.4 |
|    ep_rew_mean          | -0.171 |
|-------------------------|-------|
| time/                   |       |
|    fps                  | 117.8 |
|    iteration            | 17    |
|    time_elapsed         | 21705 |
|    total_timesteps      | 142800 |
|-------------------------|-------|
| train/                  |       |
|    approx_kl            | 0.014 |
|    clip_fraction        | 0.000 |
|    entropy_loss         | 1.772 |
|    learning_rate        | 0.00030 |
|    policy_loss          | 0.001 |
|    value_loss           | 0.000 |
---------------------------------
---------------------------------
| rollout/                |       |
|    ep_len_mean          | 1713.4 |
|    ep_rew_mean          | -0.171 |
|-------------------------|-------|
| time/                   |       |
|    fps                  | 119.1 |
|    iteration            | 18    |
|    time_elapsed         | 23057 |
|    total_timesteps      | 151200 |
|-------------------------|-------|
| train/                  |       |
|    approx_kl            | 0.015 |
|    clip_fraction        | 0.125 |
|    entropy_loss         | 1.754 |
|    learning_rate        | 0.00030 |
|    policy_loss          | -0.000 |
|    value_loss           | 0.000 |
---------------------------------
---------------------------------
| rollout/                |       |
|    ep_len_mean          | 1537.1 |
|    ep_rew_mean          | -0.054 |
|-------------------------|-------|
| time/                   |       |
|    fps                  | 123.4 |
|    iteration            | 19    |
|    time_elapsed         | 24405 |
|    total_timesteps      | 159600 |
|-------------------------|-------|
| train/                  |       |
|    approx_kl            | 0.028 |
|    clip_fraction        | 0.250 |
|    entropy_loss         | 1.771 |
|    learning_rate        | 0.00030 |
|    policy_loss          | 0.001 |
|    value_loss           | 0.001 |
---------------------------------
---------------------------------
| rollout/                |       |
|    ep_len_mean          | 1432.2 |
|    ep_rew_mean          | 0.057 |
|-------------------------|-------|
| time/                   |       |
|    fps                  | 122.8 |
|    iteration            | 20    |
|    time_elapsed         | 25754 |
|    total_timesteps      | 168000 |
|-------------------------|-------|
New best model! Mean reward: 0.057. Saving to models/VizdoomMyWayHome_ppo_infini_vit_best.pt
| train/                  |       |
|    approx_kl            | 0.014 |
|    clip_fraction        | 0.000 |
|    entropy_loss         | 1.701 |
|    learning_rate        | 0.00030 |
|    policy_loss          | -0.001 |
|    value_loss           | 0.001 |
---------------------------------
---------------------------------
| rollout/                |       |
|    ep_len_mean          | 1713.6 |
|    ep_rew_mean          | -0.071 |
|-------------------------|-------|
| time/                   |       |
|    fps                  | 122.8 |
|    iteration            | 21    |
|    time_elapsed         | 27106 |
|    total_timesteps      | 176400 |
|-------------------------|-------|
| train/                  |       |
|    approx_kl            | 0.016 |
|    clip_fraction        | 0.062 |
|    entropy_loss         | 1.699 |
|    learning_rate        | 0.00030 |
|    policy_loss          | -0.000 |
|    value_loss           | 0.000 |
---------------------------------
---------------------------------
| rollout/                |       |
|    ep_len_mean          | 1715.9 |
|    ep_rew_mean          | 0.028 |
|-------------------------|-------|
| time/                   |       |
|    fps                  | 116.6 |
|    iteration            | 22    |
|    time_elapsed         | 28459 |
|    total_timesteps      | 184800 |
|-------------------------|-------|
| train/                  |       |
|    approx_kl            | 0.027 |
|    clip_fraction        | 0.125 |
|    entropy_loss         | 1.633 |
|    learning_rate        | 0.00030 |
|    policy_loss          | 0.001 |
|    value_loss           | 0.001 |
---------------------------------
---------------------------------
| rollout/                |       |
|    ep_len_mean          | 1680.8 |
|    ep_rew_mean          | 0.032 |
|-------------------------|-------|
| time/                   |       |
|    fps                  | 122.5 |
|    iteration            | 23    |
|    time_elapsed         | 29808 |
|    total_timesteps      | 193200 |
|-------------------------|-------|
| train/                  |       |
|    approx_kl            | 0.009 |
|    clip_fraction        | 0.000 |
|    entropy_loss         | 1.499 |
|    learning_rate        | 0.00030 |
|    policy_loss          | 0.001 |
|    value_loss           | 0.001 |
---------------------------------
---------------------------------
| rollout/                |       |
|    ep_len_mean          | 1786.2 |
|    ep_rew_mean          | -0.079 |
|-------------------------|-------|
| time/                   |       |
|    fps                  | 120.2 |
|    iteration            | 24    |
|    time_elapsed         | 31158 |
|    total_timesteps      | 201600 |
|-------------------------|-------|
| train/                  |       |
|    approx_kl            | 0.022 |
|    clip_fraction        | 0.125 |
|    entropy_loss         | 1.386 |
|    learning_rate        | 0.00030 |
|    policy_loss          | -0.002 |
|    value_loss           | 0.000 |
---------------------------------
---------------------------------
| rollout/                |       |
|    ep_len_mean          | 1891.6 |
|    ep_rew_mean          | -0.089 |
|-------------------------|-------|
| time/                   |       |
|    fps                  | 116.6 |
|    iteration            | 25    |
|    time_elapsed         | 32511 |
|    total_timesteps      | 210000 |
|-------------------------|-------|
| train/                  |       |
|    approx_kl            | 0.027 |
|    clip_fraction        | 0.312 |
|    entropy_loss         | 1.263 |
|    learning_rate        | 0.00030 |
|    policy_loss          | -0.002 |
|    value_loss           | 0.000 |
---------------------------------
---------------------------------
| rollout/                |       |
|    ep_len_mean          | 1911.0 |
|    ep_rew_mean          | -0.091 |
|-------------------------|-------|
| time/                   |       |
|    fps                  | 116.7 |
|    iteration            | 26    |
|    time_elapsed         | 33863 |
|    total_timesteps      | 218400 |
|-------------------------|-------|
| train/                  |       |
|    approx_kl            | 0.010 |
|    clip_fraction        | 0.000 |
|    entropy_loss         | 1.059 |
|    learning_rate        | 0.00030 |
|    policy_loss          | 0.001 |
|    value_loss           | 0.001 |
---------------------------------
---------------------------------
| rollout/                |       |
|    ep_len_mean          | 1825.8 |
|    ep_rew_mean          | -0.083 |
|-------------------------|-------|
| time/                   |       |
|    fps                  | 122.9 |
|    iteration            | 27    |
|    time_elapsed         | 35212 |
|    total_timesteps      | 226800 |
|-------------------------|-------|
| train/                  |       |
|    approx_kl            | 0.049 |
|    clip_fraction        | 0.188 |
|    entropy_loss         | 0.950 |
|    learning_rate        | 0.00030 |
|    policy_loss          | -0.001 |
|    value_loss           | 0.000 |
---------------------------------
---------------------------------
| rollout/                |       |
|    ep_len_mean          | 1825.8 |
|    ep_rew_mean          | -0.183 |
|-------------------------|-------|
| time/                   |       |
|    fps                  | 122.5 |
|    iteration            | 28    |
|    time_elapsed         | 36561 |
|    total_timesteps      | 235200 |
|-------------------------|-------|
| train/                  |       |
|    approx_kl            | 0.026 |
|    clip_fraction        | 0.188 |
|    entropy_loss         | 0.720 |
|    learning_rate        | 0.00030 |
|    policy_loss          | 0.001 |
|    value_loss           | 0.000 |
---------------------------------
---------------------------------
| rollout/                |       |
|    ep_len_mean          | 1825.8 |
|    ep_rew_mean          | -0.183 |
|-------------------------|-------|
| time/                   |       |
|    fps                  | 123.0 |
|    iteration            | 29    |
|    time_elapsed         | 37909 |
|    total_timesteps      | 243600 |
|-------------------------|-------|
| train/                  |       |
|    approx_kl            | 0.004 |
|    clip_fraction        | 0.000 |
|    entropy_loss         | 0.489 |
|    learning_rate        | 0.00030 |
|    policy_loss          | 0.001 |
|    value_loss           | 0.000 |
---------------------------------
---------------------------------
| rollout/                |       |
|    ep_len_mean          | 1825.8 |
|    ep_rew_mean          | -0.183 |
|-------------------------|-------|
| time/                   |       |
|    fps                  | 123.3 |
|    iteration            | 30    |
|    time_elapsed         | 39258 |
|    total_timesteps      | 252000 |
|-------------------------|-------|
| train/                  |       |
|    approx_kl            | 0.009 |
|    clip_fraction        | 0.125 |
|    entropy_loss         | 0.424 |
|    learning_rate        | 0.00030 |
|    policy_loss          | 0.001 |
|    value_loss           | 0.000 |
---------------------------------
---------------------------------
| rollout/                |       |
|    ep_len_mean          | 1825.8 |
|    ep_rew_mean          | -0.183 |
|-------------------------|-------|
| time/                   |       |
|    fps                  | 123.6 |
|    iteration            | 31    |
|    time_elapsed         | 40606 |
|    total_timesteps      | 260400 |
|-------------------------|-------|
| train/                  |       |
|    approx_kl            | 0.000 |
|    clip_fraction        | 0.000 |
|    entropy_loss         | 0.280 |
|    learning_rate        | 0.00030 |
|    policy_loss          | -0.001 |
|    value_loss           | 0.000 |
---------------------------------
---------------------------------
| rollout/                |       |
|    ep_len_mean          | 1825.8 |
|    ep_rew_mean          | -0.183 |
|-------------------------|-------|
| time/                   |       |
|    fps                  | 123.6 |
|    iteration            | 32    |
|    time_elapsed         | 41954 |
|    total_timesteps      | 268800 |
|-------------------------|-------|
| train/                  |       |
|    approx_kl            | 0.000 |
|    clip_fraction        | 0.000 |
|    entropy_loss         | 0.196 |
|    learning_rate        | 0.00030 |
|    policy_loss          | 0.000 |
|    value_loss           | 0.000 |
---------------------------------
---------------------------------
| rollout/                |       |
|    ep_len_mean          | 1618.7 |
|    ep_rew_mean          | -0.062 |
|-------------------------|-------|
| time/                   |       |
|    fps                  | 121.4 |
|    iteration            | 33    |
|    time_elapsed         | 43303 |
|    total_timesteps      | 277200 |
|-------------------------|-------|
| train/                  |       |
|    approx_kl            | 0.005 |
|    clip_fraction        | 0.062 |
|    entropy_loss         | 0.136 |
|    learning_rate        | 0.00030 |
|    policy_loss          | -0.001 |
|    value_loss           | 0.001 |
---------------------------------
---------------------------------
| rollout/                |       |
|    ep_len_mean          | 1621.6 |
|    ep_rew_mean          | -0.062 |
|-------------------------|-------|
| time/                   |       |
|    fps                  | 111.3 |
|    iteration            | 34    |
|    time_elapsed         | 44659 |
|    total_timesteps      | 285600 |
|-------------------------|-------|
| train/                  |       |
|    approx_kl            | 0.008 |
|    clip_fraction        | 0.062 |
|    entropy_loss         | 0.088 |
|    learning_rate        | 0.00030 |
|    policy_loss          | 0.000 |
|    value_loss           | 0.000 |
---------------------------------
---------------------------------
| rollout/                |       |
|    ep_len_mean          | 1831.6 |
|    ep_rew_mean          | -0.183 |
|-------------------------|-------|
| time/                   |       |
|    fps                  | 122.8 |
|    iteration            | 35    |
|    time_elapsed         | 46007 |
|    total_timesteps      | 294000 |
|-------------------------|-------|
| train/                  |       |
|    approx_kl            | 0.000 |
|    clip_fraction        | 0.000 |
|    entropy_loss         | 0.069 |
|    learning_rate        | 0.00030 |
|    policy_loss          | -0.000 |
|    value_loss           | 0.000 |
---------------------------------
---------------------------------
| rollout/                |       |
|    ep_len_mean          | 1831.6 |
|    ep_rew_mean          | -0.183 |
|-------------------------|-------|
| time/                   |       |
|    fps                  | 120.5 |
|    iteration            | 36    |
|    time_elapsed         | 47356 |
|    total_timesteps      | 302400 |
|-------------------------|-------|
| train/                  |       |
|    approx_kl            | 0.000 |
|    clip_fraction        | 0.000 |
|    entropy_loss         | 0.036 |
|    learning_rate        | 0.00030 |
|    policy_loss          | 0.000 |
|    value_loss           | 0.000 |
---------------------------------
---------------------------------
| rollout/                |       |
|    ep_len_mean          | 1831.6 |
|    ep_rew_mean          | -0.183 |
|-------------------------|-------|
| time/                   |       |
|    fps                  | 112.9 |
|    iteration            | 37    |
|    time_elapsed         | 48711 |
|    total_timesteps      | 310800 |
|-------------------------|-------|
| train/                  |       |
|    approx_kl            | 0.000 |
|    clip_fraction        | 0.000 |
|    entropy_loss         | 0.035 |
|    learning_rate        | 0.00030 |
|    policy_loss          | 0.000 |
|    value_loss           | 0.000 |
---------------------------------
---------------------------------
| rollout/                |       |
|    ep_len_mean          | 1831.6 |
|    ep_rew_mean          | -0.183 |
|-------------------------|-------|
| time/                   |       |
|    fps                  | 112.5 |
|    iteration            | 38    |
|    time_elapsed         | 50065 |
|    total_timesteps      | 319200 |
|-------------------------|-------|
| train/                  |       |
|    approx_kl            | 0.000 |
|    clip_fraction        | 0.000 |
|    entropy_loss         | 0.026 |
|    learning_rate        | 0.00030 |
|    policy_loss          | -0.000 |
|    value_loss           | 0.000 |
---------------------------------
---------------------------------
| rollout/                |       |
|    ep_len_mean          | 1624.5 |
|    ep_rew_mean          | -0.062 |
|-------------------------|-------|
| time/                   |       |
|    fps                  | 117.1 |
|    iteration            | 39    |
|    time_elapsed         | 51417 |
|    total_timesteps      | 327600 |
|-------------------------|-------|
| train/                  |       |
|    approx_kl            | 0.000 |
|    clip_fraction        | 0.000 |
|    entropy_loss         | 0.016 |
|    learning_rate        | 0.00030 |
|    policy_loss          | 0.000 |
|    value_loss           | 0.001 |
---------------------------------
---------------------------------
| rollout/                |       |
|    ep_len_mean          | 1627.4 |
|    ep_rew_mean          | -0.063 |
|-------------------------|-------|
| time/                   |       |
|    fps                  | 121.0 |
|    iteration            | 40    |
|    time_elapsed         | 52767 |
|    total_timesteps      | 336000 |
|-------------------------|-------|
| train/                  |       |
|    approx_kl            | 0.000 |
|    clip_fraction        | 0.000 |
|    entropy_loss         | 0.000 |
|    learning_rate        | 0.00030 |
|    policy_loss          | -0.000 |
|    value_loss           | 0.000 |
---------------------------------
---------------------------------
| rollout/                |       |
|    ep_len_mean          | 1630.3 |
|    ep_rew_mean          | -0.063 |
|-------------------------|-------|
| time/                   |       |
|    fps                  | 122.5 |
|    iteration            | 41    |
|    time_elapsed         | 54116 |
|    total_timesteps      | 344400 |
|-------------------------|-------|
| train/                  |       |
|    approx_kl            | 0.000 |
|    clip_fraction        | 0.000 |
|    entropy_loss         | 0.000 |
|    learning_rate        | 0.00030 |
|    policy_loss          | 0.000 |
|    value_loss           | 0.000 |
---------------------------------
---------------------------------
| rollout/                |       |
|    ep_len_mean          | 1837.4 |
|    ep_rew_mean          | -0.184 |
|-------------------------|-------|
| time/                   |       |
|    fps                  | 122.3 |
|    iteration            | 42    |
|    time_elapsed         | 55465 |
|    total_timesteps      | 352800 |
|-------------------------|-------|
| train/                  |       |
|    approx_kl            | 0.000 |
|    clip_fraction        | 0.000 |
|    entropy_loss         | 0.000 |
|    learning_rate        | 0.00030 |
|    policy_loss          | -0.000 |
|    value_loss           | 0.000 |
---------------------------------
---------------------------------
| rollout/                |       |
|    ep_len_mean          | 1837.4 |
|    ep_rew_mean          | -0.184 |
|-------------------------|-------|
| time/                   |       |
|    fps                  | 117.8 |
|    iteration            | 43    |
|    time_elapsed         | 56817 |
|    total_timesteps      | 361200 |
|-------------------------|-------|
| train/                  |       |
|    approx_kl            | 0.000 |
|    clip_fraction        | 0.000 |
|    entropy_loss         | 0.000 |
|    learning_rate        | 0.00030 |
|    policy_loss          | 0.000 |
|    value_loss           | 0.000 |
---------------------------------
---------------------------------
| rollout/                |       |
|    ep_len_mean          | 1837.4 |
|    ep_rew_mean          | -0.184 |
|-------------------------|-------|
| time/                   |       |
|    fps                  | 123.3 |
|    iteration            | 44    |
|    time_elapsed         | 58166 |
|    total_timesteps      | 369600 |
|-------------------------|-------|
| train/                  |       |
|    approx_kl            | 0.000 |
|    clip_fraction        | 0.000 |
|    entropy_loss         | 0.000 |
|    learning_rate        | 0.00030 |
|    policy_loss          | 0.000 |
|    value_loss           | 0.000 |
---------------------------------
---------------------------------
| rollout/                |       |
|    ep_len_mean          | 1837.4 |
|    ep_rew_mean          | -0.184 |
|-------------------------|-------|
| time/                   |       |
|    fps                  | 122.3 |
|    iteration            | 45    |
|    time_elapsed         | 59515 |
|    total_timesteps      | 378000 |
|-------------------------|-------|
| train/                  |       |
|    approx_kl            | 0.000 |
|    clip_fraction        | 0.000 |
|    entropy_loss         | 0.000 |
|    learning_rate        | 0.00030 |
|    policy_loss          | -0.000 |
|    value_loss           | 0.000 |
---------------------------------
---------------------------------
| rollout/                |       |
|    ep_len_mean          | 1837.4 |
|    ep_rew_mean          | -0.184 |
|-------------------------|-------|
| time/                   |       |
|    fps                  | 118.0 |
|    iteration            | 46    |
|    time_elapsed         | 60866 |
|    total_timesteps      | 386400 |
|-------------------------|-------|
| train/                  |       |
|    approx_kl            | 0.000 |
|    clip_fraction        | 0.000 |
|    entropy_loss         | 0.000 |
|    learning_rate        | 0.00030 |
|    policy_loss          | 0.000 |
|    value_loss           | 0.000 |
---------------------------------
---------------------------------
| rollout/                |       |
|    ep_len_mean          | 1837.4 |
|    ep_rew_mean          | -0.184 |
|-------------------------|-------|
| time/                   |       |
|    fps                  | 116.2 |
|    iteration            | 47    |
|    time_elapsed         | 62219 |
|    total_timesteps      | 394800 |
|-------------------------|-------|
| train/                  |       |
|    approx_kl            | 0.000 |
|    clip_fraction        | 0.000 |
|    entropy_loss         | 0.000 |
|    learning_rate        | 0.00030 |
|    policy_loss          | -0.000 |
|    value_loss           | 0.000 |
---------------------------------
---------------------------------
| rollout/                |       |
|    ep_len_mean          | 1837.4 |
|    ep_rew_mean          | -0.184 |
|-------------------------|-------|
| time/                   |       |
|    fps                  | 122.1 |
|    iteration            | 48    |
|    time_elapsed         | 63568 |
|    total_timesteps      | 403200 |
|-------------------------|-------|
| train/                  |       |
|    approx_kl            | 0.000 |
|    clip_fraction        | 0.000 |
|    entropy_loss         | 0.000 |
|    learning_rate        | 0.00030 |
|    policy_loss          | 0.000 |
|    value_loss           | 0.000 |
---------------------------------
---------------------------------
| rollout/                |       |
|    ep_len_mean          | 1837.4 |
|    ep_rew_mean          | -0.184 |
|-------------------------|-------|
| time/                   |       |
|    fps                  | 115.2 |
|    iteration            | 49    |
|    time_elapsed         | 64922 |
|    total_timesteps      | 411600 |
|-------------------------|-------|
| train/                  |       |
|    approx_kl            | 0.000 |
|    clip_fraction        | 0.000 |
|    entropy_loss         | 0.000 |
|    learning_rate        | 0.00030 |
|    policy_loss          | 0.000 |
|    value_loss           | 0.000 |
---------------------------------
---------------------------------
| rollout/                |       |
|    ep_len_mean          | 1837.4 |
|    ep_rew_mean          | -0.184 |
|-------------------------|-------|
| time/                   |       |
|    fps                  | 122.7 |
|    iteration            | 50    |
|    time_elapsed         | 66271 |
|    total_timesteps      | 420000 |
|-------------------------|-------|
| train/                  |       |
|    approx_kl            | 0.000 |
|    clip_fraction        | 0.000 |
|    entropy_loss         | 0.000 |
|    learning_rate        | 0.00030 |
|    policy_loss          | -0.000 |
|    value_loss           | 0.000 |
---------------------------------
---------------------------------
| rollout/                |       |
|    ep_len_mean          | 1837.4 |
|    ep_rew_mean          | -0.184 |
|-------------------------|-------|
| time/                   |       |
|    fps                  | 120.5 |
|    iteration            | 51    |
|    time_elapsed         | 67621 |
|    total_timesteps      | 428400 |
|-------------------------|-------|
| train/                  |       |
|    approx_kl            | 0.000 |
|    clip_fraction        | 0.000 |
|    entropy_loss         | 0.000 |
|    learning_rate        | 0.00030 |
|    policy_loss          | 0.000 |
|    value_loss           | 0.000 |
---------------------------------
---------------------------------
| rollout/                |       |
|    ep_len_mean          | 1837.4 |
|    ep_rew_mean          | -0.184 |
|-------------------------|-------|
| time/                   |       |
|    fps                  | 118.6 |
|    iteration            | 52    |
|    time_elapsed         | 68972 |
|    total_timesteps      | 436800 |
|-------------------------|-------|
| train/                  |       |
|    approx_kl            | 0.000 |
|    clip_fraction        | 0.000 |
|    entropy_loss         | 0.000 |
|    learning_rate        | 0.00030 |
|    policy_loss          | 0.000 |
|    value_loss           | 0.000 |
---------------------------------
---------------------------------
| rollout/                |       |
|    ep_len_mean          | 1837.4 |
|    ep_rew_mean          | -0.184 |
|-------------------------|-------|
| time/                   |       |
|    fps                  | 120.5 |
|    iteration            | 53    |
|    time_elapsed         | 70322 |
|    total_timesteps      | 445200 |
|-------------------------|-------|
| train/                  |       |
|    approx_kl            | 0.000 |
|    clip_fraction        | 0.000 |
|    entropy_loss         | 0.000 |
|    learning_rate        | 0.00030 |
|    policy_loss          | 0.000 |
|    value_loss           | 0.000 |
---------------------------------
---------------------------------
| rollout/                |       |
|    ep_len_mean          | 1837.4 |
|    ep_rew_mean          | -0.184 |
|-------------------------|-------|
| time/                   |       |
|    fps                  | 120.8 |
|    iteration            | 54    |
|    time_elapsed         | 71671 |
|    total_timesteps      | 453600 |
|-------------------------|-------|
| train/                  |       |
|    approx_kl            | 0.000 |
|    clip_fraction        | 0.000 |
|    entropy_loss         | 0.000 |
|    learning_rate        | 0.00030 |
|    policy_loss          | -0.000 |
|    value_loss           | 0.000 |
---------------------------------
---------------------------------
| rollout/                |       |
|    ep_len_mean          | 1837.4 |
|    ep_rew_mean          | -0.184 |
|-------------------------|-------|
| time/                   |       |
|    fps                  | 123.1 |
|    iteration            | 55    |
|    time_elapsed         | 73020 |
|    total_timesteps      | 462000 |
|-------------------------|-------|
| train/                  |       |
|    approx_kl            | 0.000 |
|    clip_fraction        | 0.000 |
|    entropy_loss         | 0.000 |
|    learning_rate        | 0.00030 |
|    policy_loss          | -0.000 |
|    value_loss           | 0.000 |
---------------------------------
---------------------------------
| rollout/                |       |
|    ep_len_mean          | 1837.4 |
|    ep_rew_mean          | -0.184 |
|-------------------------|-------|
| time/                   |       |
|    fps                  | 118.3 |
|    iteration            | 56    |
|    time_elapsed         | 74372 |
|    total_timesteps      | 470400 |
|-------------------------|-------|
| train/                  |       |
|    approx_kl            | 0.000 |
|    clip_fraction        | 0.000 |
|    entropy_loss         | 0.000 |
|    learning_rate        | 0.00030 |
|    policy_loss          | -0.000 |
|    value_loss           | 0.000 |
---------------------------------
---------------------------------
| rollout/                |       |
|    ep_len_mean          | 1837.4 |
|    ep_rew_mean          | -0.184 |
|-------------------------|-------|
| time/                   |       |
|    fps                  | 122.9 |
|    iteration            | 57    |
|    time_elapsed         | 75720 |
|    total_timesteps      | 478800 |
|-------------------------|-------|
| train/                  |       |
|    approx_kl            | 0.000 |
|    clip_fraction        | 0.000 |
|    entropy_loss         | 0.000 |
|    learning_rate        | 0.00030 |
|    policy_loss          | -0.000 |
|    value_loss           | 0.000 |
---------------------------------
---------------------------------
| rollout/                |       |
|    ep_len_mean          | 1837.4 |
|    ep_rew_mean          | -0.184 |
|-------------------------|-------|
| time/                   |       |
|    fps                  | 116.1 |
|    iteration            | 58    |
|    time_elapsed         | 77073 |
|    total_timesteps      | 487200 |
|-------------------------|-------|
| train/                  |       |
|    approx_kl            | 0.000 |
|    clip_fraction        | 0.000 |
|    entropy_loss         | 0.000 |
|    learning_rate        | 0.00030 |
|    policy_loss          | 0.000 |
|    value_loss           | 0.000 |
---------------------------------
---------------------------------
| rollout/                |       |
|    ep_len_mean          | 1732.0 |
|    ep_rew_mean          | -0.073 |
|-------------------------|-------|
| time/                   |       |
|    fps                  | 120.3 |
|    iteration            | 59    |
|    time_elapsed         | 78423 |
|    total_timesteps      | 495600 |
|-------------------------|-------|
| train/                  |       |
|    approx_kl            | 0.000 |
|    clip_fraction        | 0.000 |
|    entropy_loss         | 0.000 |
|    learning_rate        | 0.00030 |
|    policy_loss          | 0.000 |
|    value_loss           | 0.001 |
---------------------------------
---------------------------------
| rollout/                |       |
|    ep_len_mean          | 1836.6 |
|    ep_rew_mean          | -0.084 |
|-------------------------|-------|
| time/                   |       |
|    fps                  | 118.8 |
|    iteration            | 60    |
|    time_elapsed         | 79774 |
|    total_timesteps      | 504000 |
|-------------------------|-------|
| train/                  |       |
|    approx_kl            | 0.000 |
|    clip_fraction        | 0.000 |
|    entropy_loss         | 0.000 |
|    learning_rate        | 0.00030 |
|    policy_loss          | -0.000 |
|    value_loss           | 0.000 |
---------------------------------
---------------------------------
| rollout/                |       |
|    ep_len_mean          | 2046.6 |
|    ep_rew_mean          | -0.205 |
|-------------------------|-------|
| time/                   |       |
|    fps                  | 120.0 |
|    iteration            | 61    |
|    time_elapsed         | 81125 |
|    total_timesteps      | 512400 |
|-------------------------|-------|
| train/                  |       |
|    approx_kl            | 0.000 |
|    clip_fraction        | 0.000 |
|    entropy_loss         | 0.000 |
|    learning_rate        | 0.00030 |
|    policy_loss          | 0.000 |
|    value_loss           | 0.000 |
---------------------------------
---------------------------------
| rollout/                |       |
|    ep_len_mean          | 2046.6 |
|    ep_rew_mean          | -0.205 |
|-------------------------|-------|
| time/                   |       |
|    fps                  | 122.2 |
|    iteration            | 62    |
|    time_elapsed         | 82474 |
|    total_timesteps      | 520800 |
|-------------------------|-------|
| train/                  |       |
|    approx_kl            | 0.000 |
|    clip_fraction        | 0.000 |
|    entropy_loss         | 0.000 |
|    learning_rate        | 0.00030 |
|    policy_loss          | -0.000 |
|    value_loss           | 0.000 |
---------------------------------
---------------------------------
| rollout/                |       |
|    ep_len_mean          | 2046.6 |
|    ep_rew_mean          | -0.205 |
|-------------------------|-------|
| time/                   |       |
|    fps                  | 121.7 |
|    iteration            | 63    |
|    time_elapsed         | 83823 |
|    total_timesteps      | 529200 |
|-------------------------|-------|
| train/                  |       |
|    approx_kl            | 0.000 |
|    clip_fraction        | 0.000 |
|    entropy_loss         | 0.000 |
|    learning_rate        | 0.00030 |
|    policy_loss          | -0.000 |
|    value_loss           | 0.000 |
---------------------------------
---------------------------------
| rollout/                |       |
|    ep_len_mean          | 2046.6 |
|    ep_rew_mean          | -0.205 |
|-------------------------|-------|
| time/                   |       |
|    fps                  | 119.2 |
|    iteration            | 64    |
|    time_elapsed         | 85173 |
|    total_timesteps      | 537600 |
|-------------------------|-------|
| train/                  |       |
|    approx_kl            | 0.000 |
|    clip_fraction        | 0.000 |
|    entropy_loss         | 0.000 |
|    learning_rate        | 0.00030 |
|    policy_loss          | 0.000 |
|    value_loss           | 0.000 |
---------------------------------
---------------------------------
| rollout/                |       |
|    ep_len_mean          | 2046.6 |
|    ep_rew_mean          | -0.205 |
|-------------------------|-------|
| time/                   |       |
|    fps                  | 117.9 |
|    iteration            | 65    |
|    time_elapsed         | 86524 |
|    total_timesteps      | 546000 |
|-------------------------|-------|
| train/                  |       |
|    approx_kl            | 0.000 |
|    clip_fraction        | 0.000 |
|    entropy_loss         | 0.000 |
|    learning_rate        | 0.00030 |
|    policy_loss          | -0.000 |
|    value_loss           | 0.000 |
---------------------------------
---------------------------------
| rollout/                |       |
|    ep_len_mean          | 2046.6 |
|    ep_rew_mean          | -0.205 |
|-------------------------|-------|
| time/                   |       |
|    fps                  | 123.1 |
|    iteration            | 66    |
|    time_elapsed         | 87872 |
|    total_timesteps      | 554400 |
|-------------------------|-------|
| train/                  |       |
|    approx_kl            | 0.000 |
|    clip_fraction        | 0.000 |
|    entropy_loss         | 0.000 |
|    learning_rate        | 0.00030 |
|    policy_loss          | 0.000 |
|    value_loss           | 0.000 |
---------------------------------
---------------------------------
| rollout/                |       |
|    ep_len_mean          | 2046.6 |
|    ep_rew_mean          | -0.205 |
|-------------------------|-------|
| time/                   |       |
|    fps                  | 121.7 |
|    iteration            | 67    |
|    time_elapsed         | 89221 |
|    total_timesteps      | 562800 |
|-------------------------|-------|
| train/                  |       |
|    approx_kl            | 0.000 |
|    clip_fraction        | 0.000 |
|    entropy_loss         | 0.000 |
|    learning_rate        | 0.00030 |
|    policy_loss          | 0.000 |
|    value_loss           | 0.000 |
---------------------------------
---------------------------------
| rollout/                |       |
|    ep_len_mean          | 2046.6 |
|    ep_rew_mean          | -0.205 |
|-------------------------|-------|
| time/                   |       |
|    fps                  | 122.5 |
|    iteration            | 68    |
|    time_elapsed         | 90570 |
|    total_timesteps      | 571200 |
|-------------------------|-------|
| train/                  |       |
|    approx_kl            | 0.000 |
|    clip_fraction        | 0.000 |
|    entropy_loss         | 0.000 |
|    learning_rate        | 0.00030 |
|    policy_loss          | 0.000 |
|    value_loss           | 0.000 |
---------------------------------
---------------------------------
| rollout/                |       |
|    ep_len_mean          | 2046.6 |
|    ep_rew_mean          | -0.205 |
|-------------------------|-------|
| time/                   |       |
|    fps                  | 123.1 |
|    iteration            | 69    |
|    time_elapsed         | 91918 |
|    total_timesteps      | 579600 |
|-------------------------|-------|
| train/                  |       |
|    approx_kl            | 0.000 |
|    clip_fraction        | 0.000 |
|    entropy_loss         | 0.000 |
|    learning_rate        | 0.00030 |
|    policy_loss          | 0.000 |
|    value_loss           | 0.000 |
---------------------------------
---------------------------------
| rollout/                |       |
|    ep_len_mean          | 2046.6 |
|    ep_rew_mean          | -0.205 |
|-------------------------|-------|
| time/                   |       |
|    fps                  | 122.3 |
|    iteration            | 70    |
|    time_elapsed         | 93267 |
|    total_timesteps      | 588000 |
|-------------------------|-------|
| train/                  |       |
|    approx_kl            | 0.000 |
|    clip_fraction        | 0.000 |
|    entropy_loss         | 0.000 |
|    learning_rate        | 0.00030 |
|    policy_loss          | 0.000 |
|    value_loss           | 0.000 |
---------------------------------
---------------------------------
| rollout/                |       |
|    ep_len_mean          | 2046.6 |
|    ep_rew_mean          | -0.205 |
|-------------------------|-------|
| time/                   |       |
|    fps                  | 112.1 |
|    iteration            | 71    |
|    time_elapsed         | 94621 |
|    total_timesteps      | 596400 |
|-------------------------|-------|
| train/                  |       |
|    approx_kl            | 0.000 |
|    clip_fraction        | 0.000 |
|    entropy_loss         | 0.000 |