/home/nbrady/.conda/envs/vizdoom/lib/python3.11/site-packages/vizdoom/gymnasium_wrapper/base_gymnasium_env.py:84: UserWarning: Detected screen format CRCGCB. Only RGB24 and GRAY8 are supported in the Gymnasium wrapper. Forcing RGB24.
  warnings.warn(
Using device: cuda
Environment created: VizdoomMyWayHome-v0
Observation space: Dict('gamevariables': Box(-3.4028235e+38, 3.4028235e+38, (1,), float32), 'screen': Box(0, 255, (240, 320, 3), uint8))
Action space: Discrete(6)
BasicViT model initialized on: cuda
Models initialized on device
---------------------------------
| rollout/                |       |
|    ep_len_mean          | 2100.0 |
|    ep_rew_mean          | -0.210 |
|-------------------------|-------|
| time/                   |       |
|    fps                  | 226.3 |
|    iteration            | 1     |
|    time_elapsed         | 37    |
|    total_timesteps      | 8400  |
|-------------------------|-------|
| train/                  |       |
|    approx_kl            | 9.963 |
|    clip_fraction        | 1.000 |
|    entropy_loss         | 0.062 |
|    learning_rate        | 0.00030 |
|    policy_loss          | 0.491 |
|    value_loss           | 0.543 |
---------------------------------
---------------------------------
| rollout/                |       |
|    ep_len_mean          | 2100.0 |
|    ep_rew_mean          | -0.210 |
|-------------------------|-------|
| time/                   |       |
|    fps                  | 235.8 |
|    iteration            | 2     |
|    time_elapsed         | 93    |
|    total_timesteps      | 16800 |
|-------------------------|-------|
| train/                  |       |
|    approx_kl            | 0.000 |
|    clip_fraction        | 0.000 |
|    entropy_loss         | 0.005 |
|    learning_rate        | 0.00030 |
|    policy_loss          | 0.001 |
|    value_loss           | 0.075 |
---------------------------------
---------------------------------
| rollout/                |       |
|    ep_len_mean          | 2100.0 |
|    ep_rew_mean          | -0.210 |
|-------------------------|-------|
| time/                   |       |
|    fps                  | 234.6 |
|    iteration            | 3     |
|    time_elapsed         | 149   |
|    total_timesteps      | 25200 |
|-------------------------|-------|
New best model! Mean reward: -0.210. Saving to models/VizdoomMyWayHome_ppo_basic_vit_best.pt
| train/                  |       |
|    approx_kl            | 0.000 |
|    clip_fraction        | 0.000 |
|    entropy_loss         | 0.000 |
|    learning_rate        | 0.00030 |
|    policy_loss          | -0.000 |
|    value_loss           | 0.015 |
---------------------------------
---------------------------------
| rollout/                |       |
|    ep_len_mean          | 2100.0 |
|    ep_rew_mean          | -0.210 |
|-------------------------|-------|
| time/                   |       |
|    fps                  | 236.4 |
|    iteration            | 4     |
|    time_elapsed         | 206   |
|    total_timesteps      | 33600 |
|-------------------------|-------|
| train/                  |       |
|    approx_kl            | 0.237 |
|    clip_fraction        | 0.300 |
|    entropy_loss         | 0.008 |
|    learning_rate        | 0.00030 |
|    policy_loss          | 0.000 |
|    value_loss           | 0.026 |
---------------------------------
---------------------------------
| rollout/                |       |
|    ep_len_mean          | 2100.0 |
|    ep_rew_mean          | -0.210 |
|-------------------------|-------|
| time/                   |       |
|    fps                  | 234.8 |
|    iteration            | 5     |
|    time_elapsed         | 263   |
|    total_timesteps      | 42000 |
|-------------------------|-------|
| train/                  |       |
|    approx_kl            | 7.143 |
|    clip_fraction        | 0.512 |
|    entropy_loss         | 0.045 |
|    learning_rate        | 0.00030 |
|    policy_loss          | 0.199 |
|    value_loss           | 0.037 |
---------------------------------
---------------------------------
| rollout/                |       |
|    ep_len_mean          | 2100.0 |
|    ep_rew_mean          | -0.210 |
|-------------------------|-------|
| time/                   |       |
|    fps                  | 235.0 |
|    iteration            | 6     |
|    time_elapsed         | 319   |
|    total_timesteps      | 50400 |
|-------------------------|-------|
| train/                  |       |
|    approx_kl            | 1.434 |
|    clip_fraction        | 0.850 |
|    entropy_loss         | 0.019 |
|    learning_rate        | 0.00030 |
|    policy_loss          | 0.026 |
|    value_loss           | 0.002 |
---------------------------------
---------------------------------
| rollout/                |       |
|    ep_len_mean          | 2100.0 |
|    ep_rew_mean          | -0.210 |
|-------------------------|-------|
| time/                   |       |
|    fps                  | 196.9 |
|    iteration            | 7     |
|    time_elapsed         | 381   |
|    total_timesteps      | 58800 |
|-------------------------|-------|
| train/                  |       |
|    approx_kl            | 0.000 |
|    clip_fraction        | 0.000 |
|    entropy_loss         | 0.001 |
|    learning_rate        | 0.00030 |
|    policy_loss          | 0.000 |
|    value_loss           | 0.001 |
---------------------------------
---------------------------------
| rollout/                |       |
|    ep_len_mean          | 2100.0 |
|    ep_rew_mean          | -0.210 |
|-------------------------|-------|
| time/                   |       |
|    fps                  | 231.0 |
|    iteration            | 8     |
|    time_elapsed         | 438   |
|    total_timesteps      | 67200 |
|-------------------------|-------|
| train/                  |       |
|    approx_kl            | 0.000 |
|    clip_fraction        | 0.000 |
|    entropy_loss         | 0.006 |
|    learning_rate        | 0.00030 |
|    policy_loss          | 0.001 |
|    value_loss           | 0.004 |
---------------------------------
---------------------------------
| rollout/                |       |
|    ep_len_mean          | 2100.0 |
|    ep_rew_mean          | -0.210 |
|-------------------------|-------|
| time/                   |       |
|    fps                  | 235.2 |
|    iteration            | 9     |
|    time_elapsed         | 494   |
|    total_timesteps      | 75600 |
|-------------------------|-------|
| train/                  |       |
|    approx_kl            | 0.000 |
|    clip_fraction        | 0.000 |
|    entropy_loss         | 0.000 |
|    learning_rate        | 0.00030 |
|    policy_loss          | 0.000 |
|    value_loss           | 0.004 |
---------------------------------
---------------------------------
| rollout/                |       |
|    ep_len_mean          | 2100.0 |
|    ep_rew_mean          | -0.210 |
|-------------------------|-------|
| time/                   |       |
|    fps                  | 234.8 |
|    iteration            | 10    |
|    time_elapsed         | 550   |
|    total_timesteps      | 84000 |
|-------------------------|-------|
| train/                  |       |
|    approx_kl            | 0.059 |
|    clip_fraction        | 0.113 |
|    entropy_loss         | 0.199 |
|    learning_rate        | 0.00030 |
|    policy_loss          | -0.002 |
|    value_loss           | 0.006 |
---------------------------------
---------------------------------
| rollout/                |       |
|    ep_len_mean          | 2100.0 |
|    ep_rew_mean          | -0.210 |
|-------------------------|-------|
| time/                   |       |
|    fps                  | 235.6 |
|    iteration            | 11    |
|    time_elapsed         | 607   |
|    total_timesteps      | 92400 |
|-------------------------|-------|
| train/                  |       |
|    approx_kl            | 0.001 |
|    clip_fraction        | 0.025 |
|    entropy_loss         | 0.096 |
|    learning_rate        | 0.00030 |
|    policy_loss          | 0.026 |
|    value_loss           | 0.006 |
---------------------------------
---------------------------------
| rollout/                |       |
|    ep_len_mean          | 2100.0 |
|    ep_rew_mean          | -0.210 |
|-------------------------|-------|
| time/                   |       |
|    fps                  | 232.0 |
|    iteration            | 12    |
|    time_elapsed         | 663   |
|    total_timesteps      | 100800 |
|-------------------------|-------|
| train/                  |       |
|    approx_kl            | 0.219 |
|    clip_fraction        | 0.512 |
|    entropy_loss         | 0.344 |
|    learning_rate        | 0.00030 |
|    policy_loss          | 0.108 |
|    value_loss           | 0.019 |
---------------------------------
---------------------------------
| rollout/                |       |
|    ep_len_mean          | 2100.0 |
|    ep_rew_mean          | -0.210 |
|-------------------------|-------|
| time/                   |       |
|    fps                  | 196.7 |
|    iteration            | 13    |
|    time_elapsed         | 726   |
|    total_timesteps      | 109200 |
|-------------------------|-------|
| train/                  |       |
|    approx_kl            | 0.462 |
|    clip_fraction        | 0.600 |
|    entropy_loss         | 0.422 |
|    learning_rate        | 0.00030 |
|    policy_loss          | 0.050 |
|    value_loss           | 0.007 |
---------------------------------
---------------------------------
| rollout/                |       |
|    ep_len_mean          | 2100.0 |
|    ep_rew_mean          | -0.210 |
|-------------------------|-------|
| time/                   |       |
|    fps                  | 234.2 |
|    iteration            | 14    |
|    time_elapsed         | 783   |
|    total_timesteps      | 117600 |
|-------------------------|-------|
| train/                  |       |
|    approx_kl            | 1.474 |
|    clip_fraction        | 0.275 |
|    entropy_loss         | 0.191 |
|    learning_rate        | 0.00030 |
|    policy_loss          | 0.145 |
|    value_loss           | 0.006 |
---------------------------------
---------------------------------
| rollout/                |       |
|    ep_len_mean          | 2100.0 |
|    ep_rew_mean          | -0.210 |
|-------------------------|-------|
| time/                   |       |
|    fps                  | 233.5 |
|    iteration            | 15    |
|    time_elapsed         | 839   |
|    total_timesteps      | 126000 |
|-------------------------|-------|
| train/                  |       |
|    approx_kl            | 0.094 |
|    clip_fraction        | 0.450 |
|    entropy_loss         | 0.686 |
|    learning_rate        | 0.00030 |
|    policy_loss          | -0.020 |
|    value_loss           | 0.001 |
---------------------------------
---------------------------------
| rollout/                |       |
|    ep_len_mean          | 2100.0 |
|    ep_rew_mean          | -0.210 |
|-------------------------|-------|
| time/                   |       |
|    fps                  | 231.0 |
|    iteration            | 16    |
|    time_elapsed         | 896   |
|    total_timesteps      | 134400 |
|-------------------------|-------|
| train/                  |       |
|    approx_kl            | 0.141 |
|    clip_fraction        | 0.713 |
|    entropy_loss         | 0.669 |
|    learning_rate        | 0.00030 |
|    policy_loss          | -0.003 |
|    value_loss           | 0.000 |
---------------------------------
---------------------------------
| rollout/                |       |
|    ep_len_mean          | 2100.0 |
|    ep_rew_mean          | -0.210 |
|-------------------------|-------|
| time/                   |       |
|    fps                  | 234.1 |
|    iteration            | 17    |
|    time_elapsed         | 952   |
|    total_timesteps      | 142800 |
|-------------------------|-------|
| train/                  |       |
|    approx_kl            | 0.025 |
|    clip_fraction        | 0.450 |
|    entropy_loss         | 0.903 |
|    learning_rate        | 0.00030 |
|    policy_loss          | 0.058 |
|    value_loss           | 0.000 |
---------------------------------
---------------------------------
| rollout/                |       |
|    ep_len_mean          | 2100.0 |
|    ep_rew_mean          | -0.210 |
|-------------------------|-------|
| time/                   |       |
|    fps                  | 234.8 |
|    iteration            | 18    |
|    time_elapsed         | 1008  |
|    total_timesteps      | 151200 |
|-------------------------|-------|
| train/                  |       |
|    approx_kl            | 0.019 |
|    clip_fraction        | 0.500 |
|    entropy_loss         | 1.232 |
|    learning_rate        | 0.00030 |
|    policy_loss          | 0.009 |
|    value_loss           | 0.000 |
---------------------------------
---------------------------------
| rollout/                |       |
|    ep_len_mean          | 2040.1 |
|    ep_rew_mean          | -0.104 |
|-------------------------|-------|
| time/                   |       |
|    fps                  | 234.3 |
|    iteration            | 19    |
|    time_elapsed         | 1064  |
|    total_timesteps      | 159600 |
|-------------------------|-------|
New best model! Mean reward: -0.104. Saving to models/VizdoomMyWayHome_ppo_basic_vit_best.pt
| train/                  |       |
|    approx_kl            | 0.013 |
|    clip_fraction        | 0.363 |
|    entropy_loss         | 1.259 |
|    learning_rate        | 0.00030 |
|    policy_loss          | 0.008 |
|    value_loss           | 0.003 |
---------------------------------
---------------------------------
| rollout/                |       |
|    ep_len_mean          | 1980.2 |
|    ep_rew_mean          | -0.098 |
|-------------------------|-------|
| time/                   |       |
|    fps                  | 234.8 |
|    iteration            | 20    |
|    time_elapsed         | 1122  |
|    total_timesteps      | 168000 |
|-------------------------|-------|
New best model! Mean reward: -0.098. Saving to models/VizdoomMyWayHome_ppo_basic_vit_best.pt
| train/                  |       |
|    approx_kl            | 0.007 |
|    clip_fraction        | 0.287 |
|    entropy_loss         | 1.046 |
|    learning_rate        | 0.00030 |
|    policy_loss          | 0.009 |
|    value_loss           | 0.000 |
---------------------------------
---------------------------------
| rollout/                |       |
|    ep_len_mean          | 1920.3 |
|    ep_rew_mean          | -0.092 |
|-------------------------|-------|
| time/                   |       |
|    fps                  | 235.0 |
|    iteration            | 21    |
|    time_elapsed         | 1180  |
|    total_timesteps      | 176400 |
|-------------------------|-------|
New best model! Mean reward: -0.092. Saving to models/VizdoomMyWayHome_ppo_basic_vit_best.pt
| train/                  |       |
|    approx_kl            | 0.021 |
|    clip_fraction        | 0.425 |
|    entropy_loss         | 1.233 |
|    learning_rate        | 0.00030 |
|    policy_loss          | 0.011 |
|    value_loss           | 0.000 |
---------------------------------
---------------------------------
| rollout/                |       |
|    ep_len_mean          | 1980.2 |
|    ep_rew_mean          | -0.198 |
|-------------------------|-------|
| time/                   |       |
|    fps                  | 235.8 |
|    iteration            | 22    |
|    time_elapsed         | 1237  |
|    total_timesteps      | 184800 |
|-------------------------|-------|
| train/                  |       |
|    approx_kl            | 0.013 |
|    clip_fraction        | 0.250 |
|    entropy_loss         | 1.336 |
|    learning_rate        | 0.00030 |
|    policy_loss          | 0.008 |
|    value_loss           | 0.000 |
---------------------------------
---------------------------------
| rollout/                |       |
|    ep_len_mean          | 1980.2 |
|    ep_rew_mean          | -0.198 |
|-------------------------|-------|
| time/                   |       |
|    fps                  | 231.9 |
|    iteration            | 23    |
|    time_elapsed         | 1294  |
|    total_timesteps      | 193200 |
|-------------------------|-------|
| train/                  |       |
|    approx_kl            | 0.007 |
|    clip_fraction        | 0.250 |
|    entropy_loss         | 1.215 |
|    learning_rate        | 0.00030 |
|    policy_loss          | 0.005 |
|    value_loss           | 0.000 |
---------------------------------
---------------------------------
| rollout/                |       |
|    ep_len_mean          | 1980.2 |
|    ep_rew_mean          | -0.198 |
|-------------------------|-------|
| time/                   |       |
|    fps                  | 228.3 |
|    iteration            | 24    |
|    time_elapsed         | 1351  |
|    total_timesteps      | 201600 |
|-------------------------|-------|
| train/                  |       |
|    approx_kl            | 0.023 |
|    clip_fraction        | 0.538 |
|    entropy_loss         | 1.270 |
|    learning_rate        | 0.00030 |
|    policy_loss          | 0.003 |
|    value_loss           | 0.000 |
---------------------------------
---------------------------------
| rollout/                |       |
|    ep_len_mean          | 1754.8 |
|    ep_rew_mean          | 0.025 |
|-------------------------|-------|
| time/                   |       |
|    fps                  | 235.5 |
|    iteration            | 25    |
|    time_elapsed         | 1407  |
|    total_timesteps      | 210000 |
|-------------------------|-------|
New best model! Mean reward: 0.025. Saving to models/VizdoomMyWayHome_ppo_basic_vit_best.pt
| train/                  |       |
|    approx_kl            | 0.018 |
|    clip_fraction        | 0.488 |
|    entropy_loss         | 1.360 |
|    learning_rate        | 0.00030 |
|    policy_loss          | 0.005 |
|    value_loss           | 0.003 |
---------------------------------
---------------------------------
| rollout/                |       |
|    ep_len_mean          | 1739.4 |
|    ep_rew_mean          | 0.026 |
|-------------------------|-------|
| time/                   |       |
|    fps                  | 234.4 |
|    iteration            | 26    |
|    time_elapsed         | 1465  |
|    total_timesteps      | 218400 |
|-------------------------|-------|
New best model! Mean reward: 0.026. Saving to models/VizdoomMyWayHome_ppo_basic_vit_best.pt
| train/                  |       |
|    approx_kl            | 0.011 |
|    clip_fraction        | 0.588 |
|    entropy_loss         | 1.525 |
|    learning_rate        | 0.00030 |
|    policy_loss          | 0.002 |
|    value_loss           | 0.000 |
---------------------------------
---------------------------------
| rollout/                |       |
|    ep_len_mean          | 1906.7 |
|    ep_rew_mean          | -0.091 |
|-------------------------|-------|
| time/                   |       |
|    fps                  | 227.2 |
|    iteration            | 27    |
|    time_elapsed         | 1524  |
|    total_timesteps      | 226800 |
|-------------------------|-------|
| train/                  |       |
|    approx_kl            | 0.004 |
|    clip_fraction        | 0.263 |
|    entropy_loss         | 1.525 |
|    learning_rate        | 0.00030 |
|    policy_loss          | 0.004 |
|    value_loss           | 0.001 |
---------------------------------
---------------------------------
| rollout/                |       |
|    ep_len_mean          | 1864.0 |
|    ep_rew_mean          | -0.086 |
|-------------------------|-------|
| time/                   |       |
|    fps                  | 235.0 |
|    iteration            | 28    |
|    time_elapsed         | 1580  |
|    total_timesteps      | 235200 |
|-------------------------|-------|
| train/                  |       |
|    approx_kl            | 0.004 |
|    clip_fraction        | 0.200 |
|    entropy_loss         | 1.540 |
|    learning_rate        | 0.00030 |
|    policy_loss          | -0.001 |
|    value_loss           | 0.000 |
---------------------------------
---------------------------------
| rollout/                |       |
|    ep_len_mean          | 1821.3 |
|    ep_rew_mean          | -0.082 |
|-------------------------|-------|
| time/                   |       |
|    fps                  | 234.6 |
|    iteration            | 29    |
|    time_elapsed         | 1636  |
|    total_timesteps      | 243600 |
|-------------------------|-------|
| train/                  |       |
|    approx_kl            | 0.004 |
|    clip_fraction        | 0.150 |
|    entropy_loss         | 1.550 |
|    learning_rate        | 0.00030 |
|    policy_loss          | 0.000 |
|    value_loss           | 0.000 |
---------------------------------
---------------------------------
| rollout/                |       |
|    ep_len_mean          | 1758.3 |
|    ep_rew_mean          | -0.076 |
|-------------------------|-------|
| time/                   |       |
|    fps                  | 199.4 |
|    iteration            | 30    |
|    time_elapsed         | 1698  |
|    total_timesteps      | 252000 |
|-------------------------|-------|
| train/                  |       |
|    approx_kl            | 0.006 |
|    clip_fraction        | 0.225 |
|    entropy_loss         | 1.494 |
|    learning_rate        | 0.00030 |
|    policy_loss          | 0.001 |
|    value_loss           | 0.001 |
---------------------------------
---------------------------------
| rollout/                |       |
|    ep_len_mean          | 1862.6 |
|    ep_rew_mean          | -0.086 |
|-------------------------|-------|
| time/                   |       |
|    fps                  | 234.7 |
|    iteration            | 31    |
|    time_elapsed         | 1755  |
|    total_timesteps      | 260400 |
|-------------------------|-------|
| train/                  |       |
|    approx_kl            | 0.005 |
|    clip_fraction        | 0.250 |
|    entropy_loss         | 1.589 |
|    learning_rate        | 0.00030 |
|    policy_loss          | 0.003 |
|    value_loss           | 0.000 |
---------------------------------
---------------------------------
| rollout/                |       |
|    ep_len_mean          | 1966.9 |
|    ep_rew_mean          | -0.097 |
|-------------------------|-------|
| time/                   |       |
|    fps                  | 234.5 |
|    iteration            | 32    |
|    time_elapsed         | 1811  |
|    total_timesteps      | 268800 |
|-------------------------|-------|
| train/                  |       |
|    approx_kl            | 0.002 |
|    clip_fraction        | 0.087 |
|    entropy_loss         | 1.581 |
|    learning_rate        | 0.00030 |
|    policy_loss          | -0.001 |
|    value_loss           | 0.000 |
---------------------------------
---------------------------------
| rollout/                |       |
|    ep_len_mean          | 2072.6 |
|    ep_rew_mean          | -0.207 |
|-------------------------|-------|
| time/                   |       |
|    fps                  | 211.6 |
|    iteration            | 33    |
|    time_elapsed         | 1871  |
|    total_timesteps      | 277200 |
|-------------------------|-------|
| train/                  |       |
|    approx_kl            | 0.003 |
|    clip_fraction        | 0.150 |
|    entropy_loss         | 1.518 |
|    learning_rate        | 0.00030 |
|    policy_loss          | -0.001 |
|    value_loss           | 0.000 |
---------------------------------
---------------------------------
| rollout/                |       |
|    ep_len_mean          | 2072.6 |
|    ep_rew_mean          | -0.207 |
|-------------------------|-------|
| time/                   |       |
|    fps                  | 235.6 |
|    iteration            | 34    |
|    time_elapsed         | 1927  |
|    total_timesteps      | 285600 |
|-------------------------|-------|
| train/                  |       |
|    approx_kl            | 0.004 |
|    clip_fraction        | 0.175 |
|    entropy_loss         | 1.529 |
|    learning_rate        | 0.00030 |
|    policy_loss          | 0.003 |
|    value_loss           | 0.000 |
---------------------------------
---------------------------------
| rollout/                |       |
|    ep_len_mean          | 2072.6 |
|    ep_rew_mean          | -0.207 |
|-------------------------|-------|
| time/                   |       |
|    fps                  | 231.8 |
|    iteration            | 35    |
|    time_elapsed         | 1983  |
|    total_timesteps      | 294000 |
|-------------------------|-------|
| train/                  |       |
|    approx_kl            | 0.002 |
|    clip_fraction        | 0.087 |
|    entropy_loss         | 1.532 |
|    learning_rate        | 0.00030 |
|    policy_loss          | 0.001 |
|    value_loss           | 0.000 |
---------------------------------
---------------------------------
| rollout/                |       |
|    ep_len_mean          | 2072.6 |
|    ep_rew_mean          | -0.207 |
|-------------------------|-------|
| time/                   |       |
|    fps                  | 236.8 |
|    iteration            | 36    |
|    time_elapsed         | 2039  |
|    total_timesteps      | 302400 |
|-------------------------|-------|
| train/                  |       |
|    approx_kl            | 0.003 |
|    clip_fraction        | 0.237 |
|    entropy_loss         | 1.468 |
|    learning_rate        | 0.00030 |
|    policy_loss          | 0.000 |
|    value_loss           | 0.000 |
---------------------------------
---------------------------------
| rollout/                |       |
|    ep_len_mean          | 2072.6 |
|    ep_rew_mean          | -0.207 |
|-------------------------|-------|
| time/                   |       |
|    fps                  | 238.2 |
|    iteration            | 37    |
|    time_elapsed         | 2095  |
|    total_timesteps      | 310800 |
|-------------------------|-------|
| train/                  |       |
|    approx_kl            | 0.003 |
|    clip_fraction        | 0.163 |
|    entropy_loss         | 1.564 |
|    learning_rate        | 0.00030 |
|    policy_loss          | 0.001 |
|    value_loss           | 0.000 |
---------------------------------
---------------------------------
| rollout/                |       |
|    ep_len_mean          | 2072.6 |
|    ep_rew_mean          | -0.207 |
|-------------------------|-------|
| time/                   |       |
|    fps                  | 237.9 |
|    iteration            | 38    |
|    time_elapsed         | 2151  |
|    total_timesteps      | 319200 |
|-------------------------|-------|
| train/                  |       |
|    approx_kl            | 0.004 |
|    clip_fraction        | 0.163 |
|    entropy_loss         | 1.608 |
|    learning_rate        | 0.00030 |
|    policy_loss          | 0.000 |
|    value_loss           | 0.000 |
---------------------------------
---------------------------------
| rollout/                |       |
|    ep_len_mean          | 2040.2 |
|    ep_rew_mean          | -0.104 |
|-------------------------|-------|
| time/                   |       |
|    fps                  | 237.0 |
|    iteration            | 39    |
|    time_elapsed         | 2207  |
|    total_timesteps      | 327600 |
|-------------------------|-------|
| train/                  |       |
|    approx_kl            | 0.003 |
|    clip_fraction        | 0.150 |
|    entropy_loss         | 1.572 |
|    learning_rate        | 0.00030 |
|    policy_loss          | 0.003 |
|    value_loss           | 0.001 |
---------------------------------
---------------------------------
| rollout/                |       |
|    ep_len_mean          | 1846.9 |
|    ep_rew_mean          | 0.015 |
|-------------------------|-------|
| time/                   |       |
|    fps                  | 232.3 |
|    iteration            | 40    |
|    time_elapsed         | 2263  |
|    total_timesteps      | 336000 |
|-------------------------|-------|
| train/                  |       |
|    approx_kl            | 0.007 |
|    clip_fraction        | 0.350 |
|    entropy_loss         | 1.546 |
|    learning_rate        | 0.00030 |
|    policy_loss          | 0.001 |
|    value_loss           | 0.001 |
---------------------------------
---------------------------------
| rollout/                |       |
|    ep_len_mean          | 1618.4 |
|    ep_rew_mean          | 0.138 |
|-------------------------|-------|
| time/                   |       |
|    fps                  | 231.6 |
|    iteration            | 41    |
|    time_elapsed         | 2320  |
|    total_timesteps      | 344400 |
|-------------------------|-------|
New best model! Mean reward: 0.138. Saving to models/VizdoomMyWayHome_ppo_basic_vit_best.pt
| train/                  |       |
|    approx_kl            | 0.003 |
|    clip_fraction        | 0.188 |
|    entropy_loss         | 1.637 |
|    learning_rate        | 0.00030 |
|    policy_loss          | -0.000 |
|    value_loss           | 0.001 |
---------------------------------
---------------------------------
| rollout/                |       |
|    ep_len_mean          | 1825.6 |
|    ep_rew_mean          | -0.083 |
|-------------------------|-------|
| time/                   |       |
|    fps                  | 223.9 |
|    iteration            | 42    |
|    time_elapsed         | 2379  |
|    total_timesteps      | 352800 |
|-------------------------|-------|
| train/                  |       |
|    approx_kl            | 0.004 |
|    clip_fraction        | 0.200 |
|    entropy_loss         | 1.558 |
|    learning_rate        | 0.00030 |
|    policy_loss          | 0.000 |
|    value_loss           | 0.000 |
---------------------------------
---------------------------------
| rollout/                |       |
|    ep_len_mean          | 1988.0 |
|    ep_rew_mean          | 0.001 |
|-------------------------|-------|
| time/                   |       |
|    fps                  | 237.4 |
|    iteration            | 43    |
|    time_elapsed         | 2435  |
|    total_timesteps      | 361200 |
|-------------------------|-------|
| train/                  |       |
|    approx_kl            | 0.004 |
|    clip_fraction        | 0.100 |
|    entropy_loss         | 1.546 |
|    learning_rate        | 0.00030 |
|    policy_loss          | 0.000 |
|    value_loss           | 0.001 |
---------------------------------
---------------------------------
| rollout/                |       |
|    ep_len_mean          | 2010.8 |
|    ep_rew_mean          | -0.101 |
|-------------------------|-------|
| time/                   |       |
|    fps                  | 237.5 |
|    iteration            | 44    |
|    time_elapsed         | 2491  |
|    total_timesteps      | 369600 |
|-------------------------|-------|
| train/                  |       |
|    approx_kl            | 0.003 |
|    clip_fraction        | 0.188 |
|    entropy_loss         | 1.523 |
|    learning_rate        | 0.00030 |
|    policy_loss          | 0.001 |
|    value_loss           | 0.000 |
---------------------------------
---------------------------------
| rollout/                |       |
|    ep_len_mean          | 1868.8 |
|    ep_rew_mean          | 0.013 |
|-------------------------|-------|
| time/                   |       |
|    fps                  | 231.5 |
|    iteration            | 45    |
|    time_elapsed         | 2547  |
|    total_timesteps      | 378000 |
|-------------------------|-------|
| train/                  |       |
|    approx_kl            | 0.002 |
|    clip_fraction        | 0.163 |
|    entropy_loss         | 1.520 |
|    learning_rate        | 0.00030 |
|    policy_loss          | 0.002 |
|    value_loss           | 0.001 |
---------------------------------
---------------------------------
| rollout/                |       |
|    ep_len_mean          | 1751.6 |
|    ep_rew_mean          | -0.075 |
|-------------------------|-------|
| time/                   |       |
|    fps                  | 224.2 |
|    iteration            | 46    |
|    time_elapsed         | 2605  |
|    total_timesteps      | 386400 |
|-------------------------|-------|
| train/                  |       |
|    approx_kl            | 0.003 |
|    clip_fraction        | 0.213 |
|    entropy_loss         | 1.595 |
|    learning_rate        | 0.00030 |
|    policy_loss          | 0.000 |
|    value_loss           | 0.000 |
---------------------------------
---------------------------------
| rollout/                |       |
|    ep_len_mean          | 1751.6 |
|    ep_rew_mean          | -0.175 |
|-------------------------|-------|
| time/                   |       |
|    fps                  | 238.3 |
|    iteration            | 47    |
|    time_elapsed         | 2661  |
|    total_timesteps      | 394800 |
|-------------------------|-------|
| train/                  |       |
|    approx_kl            | 0.002 |
|    clip_fraction        | 0.188 |
|    entropy_loss         | 1.570 |
|    learning_rate        | 0.00030 |
|    policy_loss          | -0.000 |
|    value_loss           | 0.000 |
---------------------------------
---------------------------------
| rollout/                |       |
|    ep_len_mean          | 1673.8 |
|    ep_rew_mean          | -0.067 |
|-------------------------|-------|
| time/                   |       |
|    fps                  | 238.5 |
|    iteration            | 48    |
|    time_elapsed         | 2717  |
|    total_timesteps      | 403200 |
|-------------------------|-------|
| train/                  |       |
|    approx_kl            | 0.002 |
|    clip_fraction        | 0.050 |
|    entropy_loss         | 1.526 |
|    learning_rate        | 0.00030 |
|    policy_loss          | 0.001 |
|    value_loss           | 0.001 |
---------------------------------
---------------------------------
| rollout/                |       |
|    ep_len_mean          | 1806.0 |
|    ep_rew_mean          | -0.081 |
|-------------------------|-------|
| time/                   |       |
|    fps                  | 237.5 |
|    iteration            | 49    |
|    time_elapsed         | 2772  |
|    total_timesteps      | 411600 |
|-------------------------|-------|
| train/                  |       |
|    approx_kl            | 0.003 |
|    clip_fraction        | 0.213 |
|    entropy_loss         | 1.599 |
|    learning_rate        | 0.00030 |
|    policy_loss          | -0.000 |
|    value_loss           | 0.000 |
---------------------------------
---------------------------------
| rollout/                |       |
|    ep_len_mean          | 2016.0 |
|    ep_rew_mean          | -0.202 |
|-------------------------|-------|
| time/                   |       |
|    fps                  | 237.3 |
|    iteration            | 50    |
|    time_elapsed         | 2828  |
|    total_timesteps      | 420000 |
|-------------------------|-------|
| train/                  |       |
|    approx_kl            | 0.001 |
|    clip_fraction        | 0.062 |
|    entropy_loss         | 1.546 |
|    learning_rate        | 0.00030 |
|    policy_loss          | 0.001 |
|    value_loss           | 0.000 |
---------------------------------
---------------------------------
| rollout/                |       |
|    ep_len_mean          | 2016.0 |
|    ep_rew_mean          | -0.202 |
|-------------------------|-------|
| time/                   |       |
|    fps                  | 238.6 |
|    iteration            | 51    |
|    time_elapsed         | 2884  |
|    total_timesteps      | 428400 |
|-------------------------|-------|
| train/                  |       |
|    approx_kl            | 0.004 |
|    clip_fraction        | 0.163 |
|    entropy_loss         | 1.513 |
|    learning_rate        | 0.00030 |
|    policy_loss          | -0.000 |
|    value_loss           | 0.000 |
---------------------------------
---------------------------------
| rollout/                |       |
|    ep_len_mean          | 2016.0 |
|    ep_rew_mean          | -0.202 |
|-------------------------|-------|
| time/                   |       |
|    fps                  | 234.0 |
|    iteration            | 52    |
|    time_elapsed         | 2940  |
|    total_timesteps      | 436800 |
|-------------------------|-------|
| train/                  |       |
|    approx_kl            | 0.003 |
|    clip_fraction        | 0.175 |
|    entropy_loss         | 1.560 |
|    learning_rate        | 0.00030 |
|    policy_loss          | 0.002 |
|    value_loss           | 0.000 |
---------------------------------
---------------------------------
| rollout/                |       |
|    ep_len_mean          | 2016.0 |
|    ep_rew_mean          | -0.202 |
|-------------------------|-------|
| time/                   |       |
|    fps                  | 236.2 |
|    iteration            | 53    |
|    time_elapsed         | 2996  |
|    total_timesteps      | 445200 |
|-------------------------|-------|
| train/                  |       |
|    approx_kl            | 0.005 |
|    clip_fraction        | 0.287 |
|    entropy_loss         | 1.607 |
|    learning_rate        | 0.00030 |
|    policy_loss          | 0.001 |
|    value_loss           | 0.000 |
---------------------------------
---------------------------------
| rollout/                |       |
|    ep_len_mean          | 1931.2 |
|    ep_rew_mean          | -0.093 |
|-------------------------|-------|
| time/                   |       |
|    fps                  | 229.9 |
|    iteration            | 54    |
|    time_elapsed         | 3053  |
|    total_timesteps      | 453600 |
|-------------------------|-------|
| train/                  |       |
|    approx_kl            | 0.003 |
|    clip_fraction        | 0.113 |
|    entropy_loss         | 1.523 |
|    learning_rate        | 0.00030 |
|    policy_loss          | 0.001 |
|    value_loss           | 0.001 |
---------------------------------
---------------------------------
| rollout/                |       |
|    ep_len_mean          | 1846.4 |
|    ep_rew_mean          | -0.085 |
|-------------------------|-------|
| time/                   |       |
|    fps                  | 234.9 |
|    iteration            | 55    |
|    time_elapsed         | 3109  |
|    total_timesteps      | 462000 |
|-------------------------|-------|
| train/                  |       |
|    approx_kl            | 0.003 |
|    clip_fraction        | 0.175 |
|    entropy_loss         | 1.605 |
|    learning_rate        | 0.00030 |
|    policy_loss          | 0.000 |
|    value_loss           | 0.000 |
---------------------------------
---------------------------------
| rollout/                |       |
|    ep_len_mean          | 1846.4 |
|    ep_rew_mean          | -0.185 |
|-------------------------|-------|
| time/                   |       |
|    fps                  | 237.3 |
|    iteration            | 56    |
|    time_elapsed         | 3165  |
|    total_timesteps      | 470400 |
|-------------------------|-------|
| train/                  |       |
|    approx_kl            | 0.006 |
|    clip_fraction        | 0.237 |
|    entropy_loss         | 1.460 |
|    learning_rate        | 0.00030 |
|    policy_loss          | -0.001 |
|    value_loss           | 0.000 |
---------------------------------
---------------------------------
| rollout/                |       |
|    ep_len_mean          | 1846.4 |
|    ep_rew_mean          | -0.185 |
|-------------------------|-------|
| time/                   |       |
|    fps                  | 237.7 |
|    iteration            | 57    |
|    time_elapsed         | 3221  |
|    total_timesteps      | 478800 |
|-------------------------|-------|
| train/                  |       |
|    approx_kl            | 0.004 |
|    clip_fraction        | 0.250 |
|    entropy_loss         | 1.514 |
|    learning_rate        | 0.00030 |
|    policy_loss          | -0.000 |
|    value_loss           | 0.000 |
---------------------------------
---------------------------------
| rollout/                |       |
|    ep_len_mean          | 1846.4 |
|    ep_rew_mean          | -0.185 |
|-------------------------|-------|
| time/                   |       |
|    fps                  | 238.2 |
|    iteration            | 58    |
|    time_elapsed         | 3276  |
|    total_timesteps      | 487200 |
|-------------------------|-------|
| train/                  |       |
|    approx_kl            | 0.003 |
|    clip_fraction        | 0.225 |
|    entropy_loss         | 1.573 |
|    learning_rate        | 0.00030 |
|    policy_loss          | -0.001 |
|    value_loss           | 0.000 |
---------------------------------
---------------------------------
| rollout/                |       |
|    ep_len_mean          | 1846.4 |
|    ep_rew_mean          | -0.185 |
|-------------------------|-------|
| time/                   |       |
|    fps                  | 237.8 |
|    iteration            | 59    |
|    time_elapsed         | 3332  |
|    total_timesteps      | 495600 |
|-------------------------|-------|
| train/                  |       |
|    approx_kl            | 0.004 |
|    clip_fraction        | 0.125 |
|    entropy_loss         | 1.640 |
|    learning_rate        | 0.00030 |
|    policy_loss          | 0.002 |
|    value_loss           | 0.000 |
---------------------------------
---------------------------------
| rollout/                |       |
|    ep_len_mean          | 1846.4 |
|    ep_rew_mean          | -0.185 |
|-------------------------|-------|
| time/                   |       |
|    fps                  | 232.5 |
|    iteration            | 60    |
|    time_elapsed         | 3389  |
|    total_timesteps      | 504000 |
|-------------------------|-------|
| train/                  |       |
|    approx_kl            | 0.005 |
|    clip_fraction        | 0.175 |
|    entropy_loss         | 1.588 |
|    learning_rate        | 0.00030 |
|    policy_loss          | -0.001 |
|    value_loss           | 0.000 |
---------------------------------

Training completed!

============================== Final Statistics ==============================
Total episodes: 244
Average episode reward: -0.145
Average episode length: 1940.3
Best mean reward: 0.138
Total timesteps: 504000
Total training time: 3409.5s
Best model saved to: models/VizdoomMyWayHome_ppo_basic_vit_best.pt
